{"C:\\Users\\eki\\OneDrive\\文档\\Hacktiv8\\3-phase2\\IP-HCK88\\server\\app.js": {"path":"C:\\Users\\eki\\OneDrive\\文档\\Hacktiv8\\3-phase2\\IP-HCK88\\server\\app.js","statementMap":{"0":{"start":{"line":1,"column":0},"end":{"line":1,"column":27}},"1":{"start":{"line":2,"column":16},"end":{"line":2,"column":34}},"2":{"start":{"line":3,"column":12},"end":{"line":3,"column":21}},"3":{"start":{"line":4,"column":13},"end":{"line":4,"column":17}},"4":{"start":{"line":5,"column":13},"end":{"line":5,"column":28}},"5":{"start":{"line":6,"column":23},"end":{"line":6,"column":62}},"6":{"start":{"line":8,"column":23},"end":{"line":8,"column":51}},"7":{"start":{"line":9,"column":20},"end":{"line":9,"column":45}},"8":{"start":{"line":10,"column":22},"end":{"line":10,"column":49}},"9":{"start":{"line":12,"column":0},"end":{"line":12,"column":16}},"10":{"start":{"line":13,"column":0},"end":{"line":13,"column":24}},"11":{"start":{"line":14,"column":0},"end":{"line":14,"column":48}},"12":{"start":{"line":17,"column":0},"end":{"line":20,"column":3}},"13":{"start":{"line":18,"column":2},"end":{"line":18,"column":48}},"14":{"start":{"line":19,"column":2},"end":{"line":19,"column":9}},"15":{"start":{"line":22,"column":0},"end":{"line":22,"column":34}},"16":{"start":{"line":23,"column":0},"end":{"line":23,"column":47}},"17":{"start":{"line":24,"column":0},"end":{"line":24,"column":41}},"18":{"start":{"line":25,"column":0},"end":{"line":25,"column":54}},"19":{"start":{"line":28,"column":0},"end":{"line":28,"column":28}},"20":{"start":{"line":33,"column":0},"end":{"line":48,"column":3}},"21":{"start":{"line":34,"column":21},"end":{"line":34,"column":30}},"22":{"start":{"line":36,"column":2},"end":{"line":38,"column":3}},"23":{"start":{"line":37,"column":4},"end":{"line":37,"column":65}},"24":{"start":{"line":40,"column":2},"end":{"line":47,"column":3}},"25":{"start":{"line":41,"column":38},"end":{"line":41,"column":69}},"26":{"start":{"line":42,"column":26},"end":{"line":42,"column":61}},"27":{"start":{"line":43,"column":4},"end":{"line":43,"column":32}},"28":{"start":{"line":45,"column":4},"end":{"line":45,"column":54}},"29":{"start":{"line":46,"column":4},"end":{"line":46,"column":66}},"30":{"start":{"line":50,"column":0},"end":{"line":149,"column":3}},"31":{"start":{"line":51,"column":2},"end":{"line":51,"column":57}},"32":{"start":{"line":52,"column":2},"end":{"line":148,"column":3}},"33":{"start":{"line":54,"column":21},"end":{"line":54,"column":47}},"34":{"start":{"line":57,"column":24},"end":{"line":57,"column":45}},"35":{"start":{"line":61,"column":4},"end":{"line":71,"column":5}},"36":{"start":{"line":62,"column":6},"end":{"line":62,"column":25}},"37":{"start":{"line":63,"column":6},"end":{"line":63,"column":61}},"38":{"start":{"line":64,"column":11},"end":{"line":71,"column":5}},"39":{"start":{"line":65,"column":6},"end":{"line":65,"column":26}},"40":{"start":{"line":66,"column":6},"end":{"line":67,"column":69}},"41":{"start":{"line":69,"column":6},"end":{"line":69,"column":26}},"42":{"start":{"line":70,"column":6},"end":{"line":70,"column":75}},"43":{"start":{"line":74,"column":24},"end":{"line":76,"column":17}},"44":{"start":{"line":75,"column":21},"end":{"line":75,"column":74}},"45":{"start":{"line":78,"column":19},"end":{"line":96,"column":2}},"46":{"start":{"line":98,"column":36},"end":{"line":98,"column":67}},"47":{"start":{"line":99,"column":21},"end":{"line":99,"column":56}},"48":{"start":{"line":102,"column":22},"end":{"line":102,"column":53}},"49":{"start":{"line":103,"column":4},"end":{"line":144,"column":5}},"50":{"start":{"line":104,"column":32},"end":{"line":104,"column":56}},"51":{"start":{"line":107,"column":30},"end":{"line":129,"column":40}},"52":{"start":{"line":109,"column":26},"end":{"line":109,"column":67}},"53":{"start":{"line":109,"column":47},"end":{"line":109,"column":66}},"54":{"start":{"line":110,"column":10},"end":{"line":126,"column":11}},"55":{"start":{"line":111,"column":12},"end":{"line":125,"column":14}},"56":{"start":{"line":127,"column":10},"end":{"line":127,"column":22}},"57":{"start":{"line":129,"column":26},"end":{"line":129,"column":39}},"58":{"start":{"line":131,"column":6},"end":{"line":131,"column":32}},"59":{"start":{"line":134,"column":31},"end":{"line":141,"column":9}},"60":{"start":{"line":134,"column":71},"end":{"line":141,"column":7}},"61":{"start":{"line":143,"column":6},"end":{"line":143,"column":33}},"62":{"start":{"line":146,"column":4},"end":{"line":146,"column":62}},"63":{"start":{"line":147,"column":4},"end":{"line":147,"column":74}},"64":{"start":{"line":153,"column":0},"end":{"line":153,"column":31}},"65":{"start":{"line":156,"column":0},"end":{"line":156,"column":29}},"66":{"start":{"line":159,"column":0},"end":{"line":180,"column":3}},"67":{"start":{"line":160,"column":2},"end":{"line":160,"column":31}},"68":{"start":{"line":162,"column":15},"end":{"line":162,"column":32}},"69":{"start":{"line":163,"column":16},"end":{"line":163,"column":54}},"70":{"start":{"line":165,"column":2},"end":{"line":177,"column":3}},"71":{"start":{"line":169,"column":4},"end":{"line":169,"column":17}},"72":{"start":{"line":170,"column":4},"end":{"line":170,"column":58}},"73":{"start":{"line":170,"column":36},"end":{"line":170,"column":45}},"74":{"start":{"line":171,"column":9},"end":{"line":177,"column":3}},"75":{"start":{"line":172,"column":4},"end":{"line":172,"column":17}},"76":{"start":{"line":173,"column":9},"end":{"line":177,"column":3}},"77":{"start":{"line":174,"column":4},"end":{"line":174,"column":17}},"78":{"start":{"line":175,"column":9},"end":{"line":177,"column":3}},"79":{"start":{"line":176,"column":4},"end":{"line":176,"column":17}},"80":{"start":{"line":179,"column":2},"end":{"line":179,"column":46}},"81":{"start":{"line":183,"column":0},"end":{"line":183,"column":21}},"82":{"start":{"line":186,"column":0},"end":{"line":190,"column":1}},"83":{"start":{"line":187,"column":2},"end":{"line":189,"column":5}},"84":{"start":{"line":188,"column":4},"end":{"line":188,"column":57}}},"fnMap":{"0":{"name":"(anonymous_0)","decl":{"start":{"line":17,"column":8},"end":{"line":17,"column":9}},"loc":{"start":{"line":17,"column":28},"end":{"line":20,"column":1}},"line":17},"1":{"name":"(anonymous_1)","decl":{"start":{"line":33,"column":21},"end":{"line":33,"column":22}},"loc":{"start":{"line":33,"column":41},"end":{"line":48,"column":1}},"line":33},"2":{"name":"(anonymous_2)","decl":{"start":{"line":50,"column":28},"end":{"line":50,"column":29}},"loc":{"start":{"line":50,"column":48},"end":{"line":149,"column":1}},"line":50},"3":{"name":"(anonymous_3)","decl":{"start":{"line":75,"column":11},"end":{"line":75,"column":12}},"loc":{"start":{"line":75,"column":21},"end":{"line":75,"column":74}},"line":75},"4":{"name":"(anonymous_4)","decl":{"start":{"line":108,"column":13},"end":{"line":108,"column":14}},"loc":{"start":{"line":108,"column":29},"end":{"line":128,"column":9}},"line":108},"5":{"name":"(anonymous_5)","decl":{"start":{"line":109,"column":40},"end":{"line":109,"column":41}},"loc":{"start":{"line":109,"column":47},"end":{"line":109,"column":66}},"line":109},"6":{"name":"(anonymous_6)","decl":{"start":{"line":129,"column":16},"end":{"line":129,"column":17}},"loc":{"start":{"line":129,"column":26},"end":{"line":129,"column":39}},"line":129},"7":{"name":"(anonymous_7)","decl":{"start":{"line":134,"column":56},"end":{"line":134,"column":57}},"loc":{"start":{"line":134,"column":71},"end":{"line":141,"column":7}},"line":134},"8":{"name":"(anonymous_8)","decl":{"start":{"line":159,"column":8},"end":{"line":159,"column":9}},"loc":{"start":{"line":159,"column":33},"end":{"line":180,"column":1}},"line":159},"9":{"name":"(anonymous_9)","decl":{"start":{"line":170,"column":29},"end":{"line":170,"column":30}},"loc":{"start":{"line":170,"column":36},"end":{"line":170,"column":45}},"line":170},"10":{"name":"(anonymous_10)","decl":{"start":{"line":187,"column":19},"end":{"line":187,"column":20}},"loc":{"start":{"line":187,"column":25},"end":{"line":189,"column":3}},"line":187}},"branchMap":{"0":{"loc":{"start":{"line":36,"column":2},"end":{"line":38,"column":3}},"type":"if","locations":[{"start":{"line":36,"column":2},"end":{"line":38,"column":3}},{"start":{},"end":{}}],"line":36},"1":{"loc":{"start":{"line":61,"column":4},"end":{"line":71,"column":5}},"type":"if","locations":[{"start":{"line":61,"column":4},"end":{"line":71,"column":5}},{"start":{"line":64,"column":11},"end":{"line":71,"column":5}}],"line":61},"2":{"loc":{"start":{"line":61,"column":8},"end":{"line":61,"column":44}},"type":"binary-expr","locations":[{"start":{"line":61,"column":8},"end":{"line":61,"column":24}},{"start":{"line":61,"column":28},"end":{"line":61,"column":44}}],"line":61},"3":{"loc":{"start":{"line":64,"column":11},"end":{"line":71,"column":5}},"type":"if","locations":[{"start":{"line":64,"column":11},"end":{"line":71,"column":5}},{"start":{"line":68,"column":11},"end":{"line":71,"column":5}}],"line":64},"4":{"loc":{"start":{"line":64,"column":15},"end":{"line":64,"column":52}},"type":"binary-expr","locations":[{"start":{"line":64,"column":15},"end":{"line":64,"column":32}},{"start":{"line":64,"column":36},"end":{"line":64,"column":52}}],"line":64},"5":{"loc":{"start":{"line":103,"column":4},"end":{"line":144,"column":5}},"type":"if","locations":[{"start":{"line":103,"column":4},"end":{"line":144,"column":5}},{"start":{"line":132,"column":11},"end":{"line":144,"column":5}}],"line":103},"6":{"loc":{"start":{"line":110,"column":10},"end":{"line":126,"column":11}},"type":"if","locations":[{"start":{"line":110,"column":10},"end":{"line":126,"column":11}},{"start":{},"end":{}}],"line":110},"7":{"loc":{"start":{"line":116,"column":24},"end":{"line":123,"column":26}},"type":"cond-expr","locations":[{"start":{"line":117,"column":18},"end":{"line":117,"column":31}},{"start":{"line":118,"column":18},"end":{"line":123,"column":26}}],"line":116},"8":{"loc":{"start":{"line":118,"column":18},"end":{"line":123,"column":26}},"type":"cond-expr","locations":[{"start":{"line":119,"column":18},"end":{"line":119,"column":25}},{"start":{"line":120,"column":18},"end":{"line":123,"column":26}}],"line":118},"9":{"loc":{"start":{"line":120,"column":18},"end":{"line":123,"column":26}},"type":"cond-expr","locations":[{"start":{"line":122,"column":18},"end":{"line":122,"column":24}},{"start":{"line":123,"column":18},"end":{"line":123,"column":26}}],"line":120},"10":{"loc":{"start":{"line":120,"column":18},"end":{"line":121,"column":47}},"type":"binary-expr","locations":[{"start":{"line":120,"column":18},"end":{"line":120,"column":52}},{"start":{"line":121,"column":18},"end":{"line":121,"column":47}}],"line":120},"11":{"loc":{"start":{"line":162,"column":15},"end":{"line":162,"column":32}},"type":"binary-expr","locations":[{"start":{"line":162,"column":15},"end":{"line":162,"column":25}},{"start":{"line":162,"column":29},"end":{"line":162,"column":32}}],"line":162},"12":{"loc":{"start":{"line":163,"column":16},"end":{"line":163,"column":54}},"type":"binary-expr","locations":[{"start":{"line":163,"column":16},"end":{"line":163,"column":27}},{"start":{"line":163,"column":31},"end":{"line":163,"column":54}}],"line":163},"13":{"loc":{"start":{"line":165,"column":2},"end":{"line":177,"column":3}},"type":"if","locations":[{"start":{"line":165,"column":2},"end":{"line":177,"column":3}},{"start":{"line":171,"column":9},"end":{"line":177,"column":3}}],"line":165},"14":{"loc":{"start":{"line":166,"column":4},"end":{"line":167,"column":49}},"type":"binary-expr","locations":[{"start":{"line":166,"column":4},"end":{"line":166,"column":43}},{"start":{"line":167,"column":4},"end":{"line":167,"column":49}}],"line":166},"15":{"loc":{"start":{"line":171,"column":9},"end":{"line":177,"column":3}},"type":"if","locations":[{"start":{"line":171,"column":9},"end":{"line":177,"column":3}},{"start":{"line":173,"column":9},"end":{"line":177,"column":3}}],"line":171},"16":{"loc":{"start":{"line":173,"column":9},"end":{"line":177,"column":3}},"type":"if","locations":[{"start":{"line":173,"column":9},"end":{"line":177,"column":3}},{"start":{"line":175,"column":9},"end":{"line":177,"column":3}}],"line":173},"17":{"loc":{"start":{"line":175,"column":9},"end":{"line":177,"column":3}},"type":"if","locations":[{"start":{"line":175,"column":9},"end":{"line":177,"column":3}},{"start":{},"end":{}}],"line":175},"18":{"loc":{"start":{"line":186,"column":0},"end":{"line":190,"column":1}},"type":"if","locations":[{"start":{"line":186,"column":0},"end":{"line":190,"column":1}},{"start":{},"end":{}}],"line":186}},"s":{"0":1,"1":1,"2":1,"3":1,"4":1,"5":1,"6":1,"7":1,"8":1,"9":1,"10":1,"11":1,"12":1,"13":180,"14":180,"15":1,"16":1,"17":1,"18":1,"19":1,"20":1,"21":6,"22":6,"23":3,"24":3,"25":3,"26":3,"27":1,"28":2,"29":2,"30":1,"31":13,"32":13,"33":13,"34":13,"35":13,"36":9,"37":9,"38":4,"39":4,"40":4,"41":0,"42":0,"43":13,"44":130,"45":13,"46":13,"47":13,"48":8,"49":8,"50":5,"51":5,"52":11,"53":95,"54":11,"55":3,"56":8,"57":11,"58":5,"59":3,"60":9,"61":3,"62":5,"63":5,"64":1,"65":1,"66":1,"67":30,"68":30,"69":30,"70":30,"71":0,"72":0,"73":0,"74":30,"75":21,"76":9,"77":0,"78":9,"79":0,"80":30,"81":1,"82":1,"83":0,"84":0},"f":{"0":180,"1":6,"2":13,"3":130,"4":11,"5":95,"6":11,"7":9,"8":30,"9":0,"10":0},"b":{"0":[3,3],"1":[9,4],"2":[13,13],"3":[4,0],"4":[4,4],"5":[5,3],"6":[3,8],"7":[0,3],"8":[0,3],"9":[1,2],"10":[3,2],"11":[30,30],"12":[30,0],"13":[0,30],"14":[30,30],"15":[21,9],"16":[0,9],"17":[0,9],"18":[0,1]},"_coverageSchema":"1a1c01bbd47fc00a2c39e90264f33305004495a9","hash":"0e7fd3c938e45621a36c43caf89d06d5a3dd2739"}
,"C:\\Users\\eki\\OneDrive\\文档\\Hacktiv8\\3-phase2\\IP-HCK88\\server\\controllers\\customerController.js": {"path":"C:\\Users\\eki\\OneDrive\\文档\\Hacktiv8\\3-phase2\\IP-HCK88\\server\\controllers\\customerController.js","statementMap":{"0":{"start":{"line":7,"column":4},"end":{"line":7,"column":24}},"1":{"start":{"line":11,"column":4},"end":{"line":11,"column":37}},"2":{"start":{"line":13,"column":0},"end":{"line":214,"column":2}},"3":{"start":{"line":19,"column":4},"end":{"line":54,"column":5}},"4":{"start":{"line":20,"column":27},"end":{"line":20,"column":35}},"5":{"start":{"line":23,"column":6},"end":{"line":28,"column":7}},"6":{"start":{"line":24,"column":8},"end":{"line":27,"column":11}},"7":{"start":{"line":31,"column":28},"end":{"line":33,"column":8}},"8":{"start":{"line":35,"column":6},"end":{"line":46,"column":7}},"9":{"start":{"line":36,"column":8},"end":{"line":40,"column":11}},"10":{"start":{"line":42,"column":8},"end":{"line":45,"column":11}},"11":{"start":{"line":48,"column":6},"end":{"line":51,"column":9}},"12":{"start":{"line":53,"column":6},"end":{"line":53,"column":18}},"13":{"start":{"line":62,"column":4},"end":{"line":130,"column":5}},"14":{"start":{"line":64,"column":30},"end":{"line":66,"column":8}},"15":{"start":{"line":68,"column":6},"end":{"line":77,"column":7}},"16":{"start":{"line":73,"column":8},"end":{"line":76,"column":11}},"17":{"start":{"line":80,"column":26},"end":{"line":88,"column":8}},"18":{"start":{"line":90,"column":6},"end":{"line":95,"column":7}},"19":{"start":{"line":91,"column":8},"end":{"line":94,"column":11}},"20":{"start":{"line":98,"column":32},"end":{"line":118,"column":48}},"21":{"start":{"line":99,"column":27},"end":{"line":99,"column":65}},"22":{"start":{"line":101,"column":27},"end":{"line":106,"column":11}},"23":{"start":{"line":108,"column":10},"end":{"line":116,"column":12}},"24":{"start":{"line":118,"column":24},"end":{"line":118,"column":47}},"25":{"start":{"line":120,"column":6},"end":{"line":127,"column":9}},"26":{"start":{"line":129,"column":6},"end":{"line":129,"column":18}},"27":{"start":{"line":138,"column":4},"end":{"line":193,"column":5}},"28":{"start":{"line":139,"column":26},"end":{"line":139,"column":36}},"29":{"start":{"line":142,"column":27},"end":{"line":150,"column":8}},"30":{"start":{"line":152,"column":6},"end":{"line":156,"column":7}},"31":{"start":{"line":153,"column":8},"end":{"line":155,"column":11}},"32":{"start":{"line":159,"column":24},"end":{"line":167,"column":8}},"33":{"start":{"line":169,"column":33},"end":{"line":176,"column":9}},"34":{"start":{"line":169,"column":58},"end":{"line":176,"column":7}},"35":{"start":{"line":178,"column":6},"end":{"line":190,"column":9}},"36":{"start":{"line":192,"column":6},"end":{"line":192,"column":18}},"37":{"start":{"line":201,"column":4},"end":{"line":212,"column":5}},"38":{"start":{"line":202,"column":23},"end":{"line":204,"column":8}},"39":{"start":{"line":206,"column":6},"end":{"line":209,"column":9}},"40":{"start":{"line":211,"column":6},"end":{"line":211,"column":18}}},"fnMap":{"0":{"name":"(anonymous_0)","decl":{"start":{"line":18,"column":2},"end":{"line":18,"column":3}},"loc":{"start":{"line":18,"column":46},"end":{"line":55,"column":3}},"line":18},"1":{"name":"(anonymous_1)","decl":{"start":{"line":61,"column":2},"end":{"line":61,"column":3}},"loc":{"start":{"line":61,"column":49},"end":{"line":131,"column":3}},"line":61},"2":{"name":"(anonymous_2)","decl":{"start":{"line":99,"column":16},"end":{"line":99,"column":17}},"loc":{"start":{"line":99,"column":27},"end":{"line":99,"column":65}},"line":99},"3":{"name":"(anonymous_3)","decl":{"start":{"line":100,"column":13},"end":{"line":100,"column":14}},"loc":{"start":{"line":100,"column":24},"end":{"line":117,"column":9}},"line":100},"4":{"name":"(anonymous_4)","decl":{"start":{"line":118,"column":14},"end":{"line":118,"column":15}},"loc":{"start":{"line":118,"column":24},"end":{"line":118,"column":47}},"line":118},"5":{"name":"(anonymous_5)","decl":{"start":{"line":137,"column":2},"end":{"line":137,"column":3}},"loc":{"start":{"line":137,"column":50},"end":{"line":194,"column":3}},"line":137},"6":{"name":"(anonymous_6)","decl":{"start":{"line":169,"column":47},"end":{"line":169,"column":48}},"loc":{"start":{"line":169,"column":58},"end":{"line":176,"column":7}},"line":169},"7":{"name":"(anonymous_7)","decl":{"start":{"line":200,"column":2},"end":{"line":200,"column":3}},"loc":{"start":{"line":200,"column":46},"end":{"line":213,"column":3}},"line":200}},"branchMap":{"0":{"loc":{"start":{"line":23,"column":6},"end":{"line":28,"column":7}},"type":"if","locations":[{"start":{"line":23,"column":6},"end":{"line":28,"column":7}},{"start":{},"end":{}}],"line":23},"1":{"loc":{"start":{"line":35,"column":6},"end":{"line":46,"column":7}},"type":"if","locations":[{"start":{"line":35,"column":6},"end":{"line":46,"column":7}},{"start":{"line":41,"column":13},"end":{"line":46,"column":7}}],"line":35},"2":{"loc":{"start":{"line":68,"column":6},"end":{"line":77,"column":7}},"type":"if","locations":[{"start":{"line":68,"column":6},"end":{"line":77,"column":7}},{"start":{},"end":{}}],"line":68},"3":{"loc":{"start":{"line":69,"column":8},"end":{"line":71,"column":36}},"type":"binary-expr","locations":[{"start":{"line":69,"column":8},"end":{"line":69,"column":24}},{"start":{"line":70,"column":8},"end":{"line":70,"column":36}},{"start":{"line":71,"column":8},"end":{"line":71,"column":36}}],"line":69},"4":{"loc":{"start":{"line":90,"column":6},"end":{"line":95,"column":7}},"type":"if","locations":[{"start":{"line":90,"column":6},"end":{"line":95,"column":7}},{"start":{},"end":{}}],"line":90},"5":{"loc":{"start":{"line":99,"column":27},"end":{"line":99,"column":65}},"type":"binary-expr","locations":[{"start":{"line":99,"column":27},"end":{"line":99,"column":44}},{"start":{"line":99,"column":48},"end":{"line":99,"column":65}}],"line":99},"6":{"loc":{"start":{"line":110,"column":23},"end":{"line":110,"column":52}},"type":"binary-expr","locations":[{"start":{"line":110,"column":23},"end":{"line":110,"column":39}},{"start":{"line":110,"column":43},"end":{"line":110,"column":52}}],"line":110},"7":{"loc":{"start":{"line":111,"column":24},"end":{"line":111,"column":47}},"type":"binary-expr","locations":[{"start":{"line":111,"column":24},"end":{"line":111,"column":41}},{"start":{"line":111,"column":45},"end":{"line":111,"column":47}}],"line":111},"8":{"loc":{"start":{"line":152,"column":6},"end":{"line":156,"column":7}},"type":"if","locations":[{"start":{"line":152,"column":6},"end":{"line":156,"column":7}},{"start":{},"end":{}}],"line":152}},"s":{"0":1,"1":1,"2":1,"3":7,"4":7,"5":7,"6":1,"7":6,"8":6,"9":2,"10":4,"11":6,"12":0,"13":5,"14":5,"15":5,"16":2,"17":3,"18":3,"19":1,"20":2,"21":3,"22":3,"23":3,"24":1,"25":2,"26":0,"27":4,"28":4,"29":4,"30":4,"31":1,"32":3,"33":3,"34":1,"35":3,"36":0,"37":3,"38":3,"39":3,"40":0},"f":{"0":7,"1":5,"2":3,"3":3,"4":1,"5":4,"6":1,"7":3},"b":{"0":[1,6],"1":[2,4],"2":[2,3],"3":[5,3,3],"4":[1,2],"5":[3,3],"6":[3,0],"7":[3,0],"8":[1,3]},"_coverageSchema":"1a1c01bbd47fc00a2c39e90264f33305004495a9","hash":"cabcff30d833c3abe3ecd3e34f6d20590511c487"}
,"C:\\Users\\eki\\OneDrive\\文档\\Hacktiv8\\3-phase2\\IP-HCK88\\server\\controllers\\paymentController.js": {"path":"C:\\Users\\eki\\OneDrive\\文档\\Hacktiv8\\3-phase2\\IP-HCK88\\server\\controllers\\paymentController.js","statementMap":{"0":{"start":{"line":6,"column":4},"end":{"line":6,"column":24}},"1":{"start":{"line":10,"column":4},"end":{"line":10,"column":34}},"2":{"start":{"line":12,"column":0},"end":{"line":154,"column":2}},"3":{"start":{"line":18,"column":4},"end":{"line":121,"column":5}},"4":{"start":{"line":19,"column":27},"end":{"line":19,"column":35}},"5":{"start":{"line":21,"column":6},"end":{"line":21,"column":60}},"6":{"start":{"line":22,"column":6},"end":{"line":22,"column":57}},"7":{"start":{"line":25,"column":22},"end":{"line":25,"column":51}},"8":{"start":{"line":26,"column":6},"end":{"line":31,"column":7}},"9":{"start":{"line":27,"column":8},"end":{"line":27,"column":43}},"10":{"start":{"line":28,"column":8},"end":{"line":30,"column":11}},"11":{"start":{"line":39,"column":10},"end":{"line":39,"column":22}},"12":{"start":{"line":42,"column":26},"end":{"line":50,"column":8}},"13":{"start":{"line":52,"column":6},"end":{"line":57,"column":7}},"14":{"start":{"line":53,"column":8},"end":{"line":53,"column":60}},"15":{"start":{"line":54,"column":8},"end":{"line":56,"column":11}},"16":{"start":{"line":59,"column":6},"end":{"line":59,"column":71}},"17":{"start":{"line":60,"column":6},"end":{"line":60,"column":72}},"18":{"start":{"line":63,"column":6},"end":{"line":113,"column":7}},"19":{"start":{"line":67,"column":8},"end":{"line":97,"column":9}},"20":{"start":{"line":69,"column":10},"end":{"line":72,"column":13}},"21":{"start":{"line":74,"column":10},"end":{"line":74,"column":64}},"22":{"start":{"line":77,"column":10},"end":{"line":92,"column":11}},"23":{"start":{"line":78,"column":30},"end":{"line":83,"column":14}},"24":{"start":{"line":85,"column":12},"end":{"line":91,"column":13}},"25":{"start":{"line":86,"column":31},"end":{"line":86,"column":62}},"26":{"start":{"line":87,"column":14},"end":{"line":87,"column":71}},"27":{"start":{"line":88,"column":14},"end":{"line":90,"column":16}},"28":{"start":{"line":95,"column":10},"end":{"line":95,"column":60}},"29":{"start":{"line":96,"column":10},"end":{"line":96,"column":69}},"30":{"start":{"line":98,"column":13},"end":{"line":113,"column":7}},"31":{"start":{"line":100,"column":8},"end":{"line":100,"column":56}},"32":{"start":{"line":101,"column":8},"end":{"line":101,"column":58}},"33":{"start":{"line":102,"column":13},"end":{"line":113,"column":7}},"34":{"start":{"line":107,"column":8},"end":{"line":107,"column":58}},"35":{"start":{"line":108,"column":8},"end":{"line":108,"column":57}},"36":{"start":{"line":109,"column":13},"end":{"line":113,"column":7}},"37":{"start":{"line":111,"column":8},"end":{"line":111,"column":56}},"38":{"start":{"line":112,"column":8},"end":{"line":112,"column":55}},"39":{"start":{"line":115,"column":6},"end":{"line":117,"column":9}},"40":{"start":{"line":119,"column":6},"end":{"line":119,"column":56}},"41":{"start":{"line":120,"column":6},"end":{"line":120,"column":18}},"42":{"start":{"line":129,"column":4},"end":{"line":152,"column":5}},"43":{"start":{"line":130,"column":26},"end":{"line":130,"column":36}},"44":{"start":{"line":132,"column":26},"end":{"line":134,"column":8}},"45":{"start":{"line":136,"column":6},"end":{"line":140,"column":7}},"46":{"start":{"line":137,"column":8},"end":{"line":139,"column":11}},"47":{"start":{"line":143,"column":29},"end":{"line":143,"column":66}},"48":{"start":{"line":145,"column":6},"end":{"line":149,"column":9}},"49":{"start":{"line":151,"column":6},"end":{"line":151,"column":18}}},"fnMap":{"0":{"name":"(anonymous_0)","decl":{"start":{"line":17,"column":2},"end":{"line":17,"column":3}},"loc":{"start":{"line":17,"column":50},"end":{"line":122,"column":3}},"line":17},"1":{"name":"(anonymous_1)","decl":{"start":{"line":128,"column":2},"end":{"line":128,"column":3}},"loc":{"start":{"line":128,"column":50},"end":{"line":153,"column":3}},"line":128}},"branchMap":{"0":{"loc":{"start":{"line":26,"column":6},"end":{"line":31,"column":7}},"type":"if","locations":[{"start":{"line":26,"column":6},"end":{"line":31,"column":7}},{"start":{},"end":{}}],"line":26},"1":{"loc":{"start":{"line":52,"column":6},"end":{"line":57,"column":7}},"type":"if","locations":[{"start":{"line":52,"column":6},"end":{"line":57,"column":7}},{"start":{},"end":{}}],"line":52},"2":{"loc":{"start":{"line":63,"column":6},"end":{"line":113,"column":7}},"type":"if","locations":[{"start":{"line":63,"column":6},"end":{"line":113,"column":7}},{"start":{"line":98,"column":13},"end":{"line":113,"column":7}}],"line":63},"3":{"loc":{"start":{"line":64,"column":8},"end":{"line":65,"column":43}},"type":"binary-expr","locations":[{"start":{"line":64,"column":8},"end":{"line":64,"column":40}},{"start":{"line":65,"column":8},"end":{"line":65,"column":43}}],"line":64},"4":{"loc":{"start":{"line":67,"column":8},"end":{"line":97,"column":9}},"type":"if","locations":[{"start":{"line":67,"column":8},"end":{"line":97,"column":9}},{"start":{},"end":{}}],"line":67},"5":{"loc":{"start":{"line":67,"column":12},"end":{"line":67,"column":54}},"type":"binary-expr","locations":[{"start":{"line":67,"column":12},"end":{"line":67,"column":37}},{"start":{"line":67,"column":41},"end":{"line":67,"column":54}}],"line":67},"6":{"loc":{"start":{"line":71,"column":29},"end":{"line":71,"column":64}},"type":"binary-expr","locations":[{"start":{"line":71,"column":29},"end":{"line":71,"column":44}},{"start":{"line":71,"column":48},"end":{"line":71,"column":64}}],"line":71},"7":{"loc":{"start":{"line":85,"column":12},"end":{"line":91,"column":13}},"type":"if","locations":[{"start":{"line":85,"column":12},"end":{"line":91,"column":13}},{"start":{},"end":{}}],"line":85},"8":{"loc":{"start":{"line":98,"column":13},"end":{"line":113,"column":7}},"type":"if","locations":[{"start":{"line":98,"column":13},"end":{"line":113,"column":7}},{"start":{"line":102,"column":13},"end":{"line":113,"column":7}}],"line":98},"9":{"loc":{"start":{"line":102,"column":13},"end":{"line":113,"column":7}},"type":"if","locations":[{"start":{"line":102,"column":13},"end":{"line":113,"column":7}},{"start":{"line":109,"column":13},"end":{"line":113,"column":7}}],"line":102},"10":{"loc":{"start":{"line":103,"column":8},"end":{"line":104,"column":39}},"type":"binary-expr","locations":[{"start":{"line":103,"column":8},"end":{"line":103,"column":37}},{"start":{"line":104,"column":8},"end":{"line":104,"column":39}}],"line":103},"11":{"loc":{"start":{"line":109,"column":13},"end":{"line":113,"column":7}},"type":"if","locations":[{"start":{"line":109,"column":13},"end":{"line":113,"column":7}},{"start":{},"end":{}}],"line":109},"12":{"loc":{"start":{"line":136,"column":6},"end":{"line":140,"column":7}},"type":"if","locations":[{"start":{"line":136,"column":6},"end":{"line":140,"column":7}},{"start":{},"end":{}}],"line":136}},"s":{"0":1,"1":1,"2":1,"3":12,"4":12,"5":12,"6":12,"7":12,"8":12,"9":2,"10":2,"11":10,"12":10,"13":10,"14":1,"15":1,"16":9,"17":9,"18":9,"19":5,"20":5,"21":4,"22":4,"23":1,"24":1,"25":1,"26":1,"27":1,"28":4,"29":4,"30":4,"31":1,"32":1,"33":3,"34":2,"35":2,"36":1,"37":1,"38":1,"39":8,"40":1,"41":1,"42":3,"43":3,"44":3,"45":3,"46":2,"47":1,"48":1,"49":0},"f":{"0":12,"1":3},"b":{"0":[2,10],"1":[1,9],"2":[5,4],"3":[9,8],"4":[5,0],"5":[5,1],"6":[5,2],"7":[1,0],"8":[1,3],"9":[2,1],"10":[3,2],"11":[1,0],"12":[2,1]},"_coverageSchema":"1a1c01bbd47fc00a2c39e90264f33305004495a9","hash":"ce25172f76e86507c4f8d0e44137918839415591"}
,"C:\\Users\\eki\\OneDrive\\文档\\Hacktiv8\\3-phase2\\IP-HCK88\\server\\controllers\\staffController.js": {"path":"C:\\Users\\eki\\OneDrive\\文档\\Hacktiv8\\3-phase2\\IP-HCK88\\server\\controllers\\staffController.js","statementMap":{"0":{"start":{"line":10,"column":4},"end":{"line":10,"column":24}},"1":{"start":{"line":11,"column":32},"end":{"line":11,"column":65}},"2":{"start":{"line":16,"column":4},"end":{"line":16,"column":34}},"3":{"start":{"line":18,"column":0},"end":{"line":809,"column":2}},"4":{"start":{"line":24,"column":4},"end":{"line":55,"column":5}},"5":{"start":{"line":25,"column":27},"end":{"line":25,"column":35}},"6":{"start":{"line":27,"column":6},"end":{"line":31,"column":7}},"7":{"start":{"line":28,"column":8},"end":{"line":30,"column":11}},"8":{"start":{"line":34,"column":25},"end":{"line":36,"column":8}},"9":{"start":{"line":38,"column":6},"end":{"line":45,"column":7}},"10":{"start":{"line":39,"column":8},"end":{"line":42,"column":11}},"11":{"start":{"line":44,"column":8},"end":{"line":44,"column":58}},"12":{"start":{"line":47,"column":6},"end":{"line":52,"column":9}},"13":{"start":{"line":54,"column":6},"end":{"line":54,"column":18}},"14":{"start":{"line":63,"column":4},"end":{"line":98,"column":5}},"15":{"start":{"line":64,"column":27},"end":{"line":64,"column":35}},"16":{"start":{"line":67,"column":6},"end":{"line":72,"column":7}},"17":{"start":{"line":68,"column":8},"end":{"line":71,"column":11}},"18":{"start":{"line":75,"column":25},"end":{"line":77,"column":8}},"19":{"start":{"line":79,"column":6},"end":{"line":90,"column":7}},"20":{"start":{"line":80,"column":8},"end":{"line":84,"column":11}},"21":{"start":{"line":86,"column":8},"end":{"line":89,"column":11}},"22":{"start":{"line":92,"column":6},"end":{"line":95,"column":9}},"23":{"start":{"line":97,"column":6},"end":{"line":97,"column":18}},"24":{"start":{"line":106,"column":4},"end":{"line":135,"column":5}},"25":{"start":{"line":107,"column":24},"end":{"line":116,"column":8}},"26":{"start":{"line":118,"column":33},"end":{"line":126,"column":9}},"27":{"start":{"line":118,"column":58},"end":{"line":126,"column":7}},"28":{"start":{"line":128,"column":6},"end":{"line":132,"column":9}},"29":{"start":{"line":134,"column":6},"end":{"line":134,"column":18}},"30":{"start":{"line":143,"column":4},"end":{"line":201,"column":5}},"31":{"start":{"line":144,"column":28},"end":{"line":144,"column":38}},"32":{"start":{"line":145,"column":24},"end":{"line":145,"column":32}},"33":{"start":{"line":148,"column":6},"end":{"line":152,"column":7}},"34":{"start":{"line":149,"column":8},"end":{"line":151,"column":11}},"35":{"start":{"line":155,"column":22},"end":{"line":155,"column":55}},"36":{"start":{"line":156,"column":6},"end":{"line":160,"column":7}},"37":{"start":{"line":157,"column":8},"end":{"line":159,"column":11}},"38":{"start":{"line":163,"column":22},"end":{"line":168,"column":8}},"39":{"start":{"line":170,"column":6},"end":{"line":178,"column":7}},"40":{"start":{"line":171,"column":8},"end":{"line":175,"column":11}},"41":{"start":{"line":177,"column":8},"end":{"line":177,"column":49}},"42":{"start":{"line":181,"column":31},"end":{"line":188,"column":8}},"43":{"start":{"line":190,"column":6},"end":{"line":198,"column":9}},"44":{"start":{"line":200,"column":6},"end":{"line":200,"column":18}},"45":{"start":{"line":209,"column":4},"end":{"line":278,"column":5}},"46":{"start":{"line":210,"column":25},"end":{"line":210,"column":34}},"47":{"start":{"line":212,"column":26},"end":{"line":214,"column":7}},"48":{"start":{"line":217,"column":6},"end":{"line":219,"column":7}},"49":{"start":{"line":218,"column":8},"end":{"line":218,"column":36}},"50":{"start":{"line":221,"column":20},"end":{"line":240,"column":8}},"51":{"start":{"line":242,"column":29},"end":{"line":268,"column":8}},"52":{"start":{"line":243,"column":26},"end":{"line":243,"column":27}},"53":{"start":{"line":244,"column":22},"end":{"line":254,"column":10}},"54":{"start":{"line":245,"column":27},"end":{"line":245,"column":61}},"55":{"start":{"line":246,"column":10},"end":{"line":246,"column":34}},"56":{"start":{"line":247,"column":10},"end":{"line":253,"column":12}},"57":{"start":{"line":256,"column":8},"end":{"line":267,"column":10}},"58":{"start":{"line":270,"column":6},"end":{"line":275,"column":9}},"59":{"start":{"line":277,"column":6},"end":{"line":277,"column":18}},"60":{"start":{"line":286,"column":4},"end":{"line":432,"column":5}},"61":{"start":{"line":287,"column":24},"end":{"line":287,"column":32}},"62":{"start":{"line":290,"column":6},"end":{"line":294,"column":7}},"63":{"start":{"line":291,"column":8},"end":{"line":293,"column":11}},"64":{"start":{"line":297,"column":24},"end":{"line":297,"column":25}},"65":{"start":{"line":298,"column":31},"end":{"line":298,"column":33}},"66":{"start":{"line":299,"column":26},"end":{"line":299,"column":28}},"67":{"start":{"line":301,"column":6},"end":{"line":350,"column":7}},"68":{"start":{"line":302,"column":40},"end":{"line":302,"column":44}},"69":{"start":{"line":304,"column":8},"end":{"line":308,"column":9}},"70":{"start":{"line":305,"column":10},"end":{"line":307,"column":13}},"71":{"start":{"line":311,"column":24},"end":{"line":311,"column":57}},"72":{"start":{"line":312,"column":8},"end":{"line":316,"column":9}},"73":{"start":{"line":313,"column":10},"end":{"line":315,"column":13}},"74":{"start":{"line":319,"column":26},"end":{"line":324,"column":10}},"75":{"start":{"line":326,"column":8},"end":{"line":332,"column":9}},"76":{"start":{"line":327,"column":10},"end":{"line":331,"column":13}},"77":{"start":{"line":334,"column":25},"end":{"line":334,"column":49}},"78":{"start":{"line":335,"column":8},"end":{"line":335,"column":32}},"79":{"start":{"line":337,"column":8},"end":{"line":342,"column":11}},"80":{"start":{"line":344,"column":8},"end":{"line":349,"column":11}},"81":{"start":{"line":353,"column":22},"end":{"line":353,"column":50}},"82":{"start":{"line":356,"column":26},"end":{"line":361,"column":8}},"83":{"start":{"line":364,"column":6},"end":{"line":369,"column":7}},"84":{"start":{"line":365,"column":8},"end":{"line":368,"column":11}},"85":{"start":{"line":372,"column":6},"end":{"line":429,"column":7}},"86":{"start":{"line":373,"column":25},"end":{"line":377,"column":10}},"87":{"start":{"line":380,"column":8},"end":{"line":385,"column":11}},"88":{"start":{"line":388,"column":36},"end":{"line":400,"column":10}},"89":{"start":{"line":402,"column":8},"end":{"line":420,"column":11}},"90":{"start":{"line":412,"column":71},"end":{"line":418,"column":13}},"91":{"start":{"line":423,"column":8},"end":{"line":425,"column":11}},"92":{"start":{"line":426,"column":8},"end":{"line":426,"column":36}},"93":{"start":{"line":428,"column":8},"end":{"line":428,"column":77}},"94":{"start":{"line":431,"column":6},"end":{"line":431,"column":18}},"95":{"start":{"line":440,"column":4},"end":{"line":522,"column":5}},"96":{"start":{"line":441,"column":21},"end":{"line":441,"column":31}},"97":{"start":{"line":443,"column":26},"end":{"line":455,"column":8}},"98":{"start":{"line":457,"column":6},"end":{"line":461,"column":7}},"99":{"start":{"line":458,"column":8},"end":{"line":460,"column":11}},"100":{"start":{"line":464,"column":6},"end":{"line":468,"column":7}},"101":{"start":{"line":465,"column":8},"end":{"line":467,"column":11}},"102":{"start":{"line":471,"column":6},"end":{"line":500,"column":7}},"103":{"start":{"line":472,"column":8},"end":{"line":499,"column":9}},"104":{"start":{"line":473,"column":33},"end":{"line":475,"column":11}},"105":{"start":{"line":478,"column":10},"end":{"line":492,"column":11}},"106":{"start":{"line":482,"column":12},"end":{"line":487,"column":15}},"107":{"start":{"line":488,"column":17},"end":{"line":492,"column":11}},"108":{"start":{"line":489,"column":12},"end":{"line":489,"column":60}},"109":{"start":{"line":490,"column":17},"end":{"line":492,"column":11}},"110":{"start":{"line":491,"column":12},"end":{"line":491,"column":62}},"111":{"start":{"line":495,"column":10},"end":{"line":495,"column":37}},"112":{"start":{"line":497,"column":10},"end":{"line":497,"column":71}},"113":{"start":{"line":502,"column":6},"end":{"line":519,"column":9}},"114":{"start":{"line":512,"column":61},"end":{"line":517,"column":11}},"115":{"start":{"line":521,"column":6},"end":{"line":521,"column":18}},"116":{"start":{"line":530,"column":4},"end":{"line":600,"column":5}},"117":{"start":{"line":531,"column":21},"end":{"line":531,"column":31}},"118":{"start":{"line":533,"column":26},"end":{"line":540,"column":8}},"119":{"start":{"line":542,"column":6},"end":{"line":546,"column":7}},"120":{"start":{"line":543,"column":8},"end":{"line":545,"column":11}},"121":{"start":{"line":549,"column":6},"end":{"line":553,"column":7}},"122":{"start":{"line":550,"column":8},"end":{"line":552,"column":11}},"123":{"start":{"line":556,"column":6},"end":{"line":560,"column":7}},"124":{"start":{"line":557,"column":8},"end":{"line":559,"column":11}},"125":{"start":{"line":563,"column":6},"end":{"line":569,"column":7}},"126":{"start":{"line":564,"column":8},"end":{"line":568,"column":11}},"127":{"start":{"line":572,"column":6},"end":{"line":584,"column":7}},"128":{"start":{"line":573,"column":26},"end":{"line":578,"column":10}},"129":{"start":{"line":580,"column":8},"end":{"line":583,"column":9}},"130":{"start":{"line":581,"column":27},"end":{"line":581,"column":58}},"131":{"start":{"line":582,"column":10},"end":{"line":582,"column":67}},"132":{"start":{"line":587,"column":6},"end":{"line":587,"column":56}},"133":{"start":{"line":589,"column":6},"end":{"line":597,"column":9}},"134":{"start":{"line":599,"column":6},"end":{"line":599,"column":18}},"135":{"start":{"line":608,"column":4},"end":{"line":668,"column":5}},"136":{"start":{"line":609,"column":24},"end":{"line":609,"column":32}},"137":{"start":{"line":611,"column":6},"end":{"line":615,"column":7}},"138":{"start":{"line":612,"column":8},"end":{"line":614,"column":11}},"139":{"start":{"line":617,"column":31},"end":{"line":617,"column":33}},"140":{"start":{"line":619,"column":6},"end":{"line":659,"column":7}},"141":{"start":{"line":620,"column":37},"end":{"line":620,"column":41}},"142":{"start":{"line":622,"column":8},"end":{"line":626,"column":9}},"143":{"start":{"line":623,"column":10},"end":{"line":625,"column":13}},"144":{"start":{"line":629,"column":24},"end":{"line":629,"column":57}},"145":{"start":{"line":630,"column":8},"end":{"line":634,"column":9}},"146":{"start":{"line":631,"column":10},"end":{"line":633,"column":13}},"147":{"start":{"line":637,"column":24},"end":{"line":642,"column":10}},"148":{"start":{"line":644,"column":8},"end":{"line":652,"column":9}},"149":{"start":{"line":645,"column":10},"end":{"line":649,"column":13}},"150":{"start":{"line":651,"column":10},"end":{"line":651,"column":51}},"151":{"start":{"line":654,"column":8},"end":{"line":658,"column":11}},"152":{"start":{"line":661,"column":6},"end":{"line":665,"column":9}},"153":{"start":{"line":667,"column":6},"end":{"line":667,"column":18}},"154":{"start":{"line":676,"column":4},"end":{"line":757,"column":5}},"155":{"start":{"line":677,"column":20},"end":{"line":677,"column":30}},"156":{"start":{"line":678,"column":6},"end":{"line":678,"column":33}},"157":{"start":{"line":680,"column":27},"end":{"line":699,"column":8}},"158":{"start":{"line":702,"column":32},"end":{"line":702,"column":51}},"159":{"start":{"line":703,"column":36},"end":{"line":705,"column":7}},"160":{"start":{"line":704,"column":15},"end":{"line":704,"column":39}},"161":{"start":{"line":706,"column":31},"end":{"line":708,"column":7}},"162":{"start":{"line":707,"column":15},"end":{"line":707,"column":62}},"163":{"start":{"line":710,"column":27},"end":{"line":713,"column":7}},"164":{"start":{"line":711,"column":20},"end":{"line":711,"column":39}},"165":{"start":{"line":716,"column":27},"end":{"line":716,"column":29}},"166":{"start":{"line":717,"column":6},"end":{"line":730,"column":9}},"167":{"start":{"line":718,"column":8},"end":{"line":729,"column":11}},"168":{"start":{"line":719,"column":30},"end":{"line":719,"column":47}},"169":{"start":{"line":720,"column":10},"end":{"line":726,"column":11}},"170":{"start":{"line":721,"column":12},"end":{"line":725,"column":14}},"171":{"start":{"line":727,"column":10},"end":{"line":727,"column":66}},"172":{"start":{"line":728,"column":10},"end":{"line":728,"column":61}},"173":{"start":{"line":732,"column":6},"end":{"line":754,"column":9}},"174":{"start":{"line":740,"column":19},"end":{"line":740,"column":41}},"175":{"start":{"line":745,"column":47},"end":{"line":753,"column":9}},"176":{"start":{"line":756,"column":6},"end":{"line":756,"column":18}},"177":{"start":{"line":765,"column":4},"end":{"line":807,"column":5}},"178":{"start":{"line":766,"column":21},"end":{"line":766,"column":31}},"179":{"start":{"line":768,"column":26},"end":{"line":768,"column":56}},"180":{"start":{"line":770,"column":6},"end":{"line":774,"column":7}},"181":{"start":{"line":771,"column":8},"end":{"line":773,"column":11}},"182":{"start":{"line":777,"column":6},"end":{"line":781,"column":7}},"183":{"start":{"line":778,"column":8},"end":{"line":780,"column":11}},"184":{"start":{"line":784,"column":6},"end":{"line":788,"column":7}},"185":{"start":{"line":785,"column":8},"end":{"line":787,"column":11}},"186":{"start":{"line":791,"column":6},"end":{"line":794,"column":9}},"187":{"start":{"line":796,"column":6},"end":{"line":804,"column":9}},"188":{"start":{"line":806,"column":6},"end":{"line":806,"column":18}}},"fnMap":{"0":{"name":"(anonymous_0)","decl":{"start":{"line":23,"column":2},"end":{"line":23,"column":3}},"loc":{"start":{"line":23,"column":44},"end":{"line":56,"column":3}},"line":23},"1":{"name":"(anonymous_1)","decl":{"start":{"line":62,"column":2},"end":{"line":62,"column":3}},"loc":{"start":{"line":62,"column":46},"end":{"line":99,"column":3}},"line":62},"2":{"name":"(anonymous_2)","decl":{"start":{"line":105,"column":2},"end":{"line":105,"column":3}},"loc":{"start":{"line":105,"column":47},"end":{"line":136,"column":3}},"line":105},"3":{"name":"(anonymous_3)","decl":{"start":{"line":118,"column":47},"end":{"line":118,"column":48}},"loc":{"start":{"line":118,"column":58},"end":{"line":126,"column":7}},"line":118},"4":{"name":"(anonymous_4)","decl":{"start":{"line":142,"column":2},"end":{"line":142,"column":3}},"loc":{"start":{"line":142,"column":52},"end":{"line":202,"column":3}},"line":142},"5":{"name":"(anonymous_5)","decl":{"start":{"line":208,"column":2},"end":{"line":208,"column":3}},"loc":{"start":{"line":208,"column":45},"end":{"line":279,"column":3}},"line":208},"6":{"name":"(anonymous_6)","decl":{"start":{"line":242,"column":39},"end":{"line":242,"column":40}},"loc":{"start":{"line":242,"column":49},"end":{"line":268,"column":7}},"line":242},"7":{"name":"(anonymous_7)","decl":{"start":{"line":244,"column":41},"end":{"line":244,"column":42}},"loc":{"start":{"line":244,"column":51},"end":{"line":254,"column":9}},"line":244},"8":{"name":"(anonymous_8)","decl":{"start":{"line":285,"column":2},"end":{"line":285,"column":3}},"loc":{"start":{"line":285,"column":49},"end":{"line":433,"column":3}},"line":285},"9":{"name":"(anonymous_9)","decl":{"start":{"line":412,"column":60},"end":{"line":412,"column":61}},"loc":{"start":{"line":412,"column":71},"end":{"line":418,"column":13}},"line":412},"10":{"name":"(anonymous_10)","decl":{"start":{"line":439,"column":2},"end":{"line":439,"column":3}},"loc":{"start":{"line":439,"column":52},"end":{"line":523,"column":3}},"line":439},"11":{"name":"(anonymous_11)","decl":{"start":{"line":512,"column":50},"end":{"line":512,"column":51}},"loc":{"start":{"line":512,"column":61},"end":{"line":517,"column":11}},"line":512},"12":{"name":"(anonymous_12)","decl":{"start":{"line":529,"column":2},"end":{"line":529,"column":3}},"loc":{"start":{"line":529,"column":51},"end":{"line":601,"column":3}},"line":529},"13":{"name":"(anonymous_13)","decl":{"start":{"line":607,"column":2},"end":{"line":607,"column":3}},"loc":{"start":{"line":607,"column":51},"end":{"line":669,"column":3}},"line":607},"14":{"name":"(anonymous_14)","decl":{"start":{"line":675,"column":2},"end":{"line":675,"column":3}},"loc":{"start":{"line":675,"column":45},"end":{"line":758,"column":3}},"line":675},"15":{"name":"(anonymous_15)","decl":{"start":{"line":704,"column":8},"end":{"line":704,"column":9}},"loc":{"start":{"line":704,"column":15},"end":{"line":704,"column":39}},"line":704},"16":{"name":"(anonymous_16)","decl":{"start":{"line":707,"column":8},"end":{"line":707,"column":9}},"loc":{"start":{"line":707,"column":15},"end":{"line":707,"column":62}},"line":707},"17":{"name":"(anonymous_17)","decl":{"start":{"line":711,"column":8},"end":{"line":711,"column":9}},"loc":{"start":{"line":711,"column":20},"end":{"line":711,"column":39}},"line":711},"18":{"name":"(anonymous_18)","decl":{"start":{"line":717,"column":36},"end":{"line":717,"column":37}},"loc":{"start":{"line":717,"column":53},"end":{"line":730,"column":7}},"line":717},"19":{"name":"(anonymous_19)","decl":{"start":{"line":718,"column":45},"end":{"line":718,"column":46}},"loc":{"start":{"line":718,"column":55},"end":{"line":729,"column":9}},"line":718},"20":{"name":"(anonymous_20)","decl":{"start":{"line":740,"column":12},"end":{"line":740,"column":13}},"loc":{"start":{"line":740,"column":19},"end":{"line":740,"column":41}},"line":740},"21":{"name":"(anonymous_21)","decl":{"start":{"line":745,"column":39},"end":{"line":745,"column":40}},"loc":{"start":{"line":745,"column":47},"end":{"line":753,"column":9}},"line":745},"22":{"name":"(anonymous_22)","decl":{"start":{"line":764,"column":2},"end":{"line":764,"column":3}},"loc":{"start":{"line":764,"column":47},"end":{"line":808,"column":3}},"line":764}},"branchMap":{"0":{"loc":{"start":{"line":27,"column":6},"end":{"line":31,"column":7}},"type":"if","locations":[{"start":{"line":27,"column":6},"end":{"line":31,"column":7}},{"start":{},"end":{}}],"line":27},"1":{"loc":{"start":{"line":38,"column":6},"end":{"line":45,"column":7}},"type":"if","locations":[{"start":{"line":38,"column":6},"end":{"line":45,"column":7}},{"start":{"line":43,"column":13},"end":{"line":45,"column":7}}],"line":38},"2":{"loc":{"start":{"line":49,"column":10},"end":{"line":49,"column":48}},"type":"cond-expr","locations":[{"start":{"line":49,"column":21},"end":{"line":49,"column":32}},{"start":{"line":49,"column":35},"end":{"line":49,"column":48}}],"line":49},"3":{"loc":{"start":{"line":67,"column":6},"end":{"line":72,"column":7}},"type":"if","locations":[{"start":{"line":67,"column":6},"end":{"line":72,"column":7}},{"start":{},"end":{}}],"line":67},"4":{"loc":{"start":{"line":79,"column":6},"end":{"line":90,"column":7}},"type":"if","locations":[{"start":{"line":79,"column":6},"end":{"line":90,"column":7}},{"start":{"line":85,"column":13},"end":{"line":90,"column":7}}],"line":79},"5":{"loc":{"start":{"line":148,"column":6},"end":{"line":152,"column":7}},"type":"if","locations":[{"start":{"line":148,"column":6},"end":{"line":152,"column":7}},{"start":{},"end":{}}],"line":148},"6":{"loc":{"start":{"line":148,"column":10},"end":{"line":148,"column":48}},"type":"binary-expr","locations":[{"start":{"line":148,"column":10},"end":{"line":148,"column":35}},{"start":{"line":148,"column":39},"end":{"line":148,"column":48}}],"line":148},"7":{"loc":{"start":{"line":156,"column":6},"end":{"line":160,"column":7}},"type":"if","locations":[{"start":{"line":156,"column":6},"end":{"line":160,"column":7}},{"start":{},"end":{}}],"line":156},"8":{"loc":{"start":{"line":170,"column":6},"end":{"line":178,"column":7}},"type":"if","locations":[{"start":{"line":170,"column":6},"end":{"line":178,"column":7}},{"start":{"line":176,"column":13},"end":{"line":178,"column":7}}],"line":170},"9":{"loc":{"start":{"line":217,"column":6},"end":{"line":219,"column":7}},"type":"if","locations":[{"start":{"line":217,"column":6},"end":{"line":219,"column":7}},{"start":{},"end":{}}],"line":217},"10":{"loc":{"start":{"line":290,"column":6},"end":{"line":294,"column":7}},"type":"if","locations":[{"start":{"line":290,"column":6},"end":{"line":294,"column":7}},{"start":{},"end":{}}],"line":290},"11":{"loc":{"start":{"line":290,"column":10},"end":{"line":290,"column":63}},"type":"binary-expr","locations":[{"start":{"line":290,"column":10},"end":{"line":290,"column":16}},{"start":{"line":290,"column":20},"end":{"line":290,"column":41}},{"start":{"line":290,"column":45},"end":{"line":290,"column":63}}],"line":290},"12":{"loc":{"start":{"line":304,"column":8},"end":{"line":308,"column":9}},"type":"if","locations":[{"start":{"line":304,"column":8},"end":{"line":308,"column":9}},{"start":{},"end":{}}],"line":304},"13":{"loc":{"start":{"line":304,"column":12},"end":{"line":304,"column":52}},"type":"binary-expr","locations":[{"start":{"line":304,"column":12},"end":{"line":304,"column":22}},{"start":{"line":304,"column":26},"end":{"line":304,"column":35}},{"start":{"line":304,"column":39},"end":{"line":304,"column":52}}],"line":304},"14":{"loc":{"start":{"line":312,"column":8},"end":{"line":316,"column":9}},"type":"if","locations":[{"start":{"line":312,"column":8},"end":{"line":316,"column":9}},{"start":{},"end":{}}],"line":312},"15":{"loc":{"start":{"line":326,"column":8},"end":{"line":332,"column":9}},"type":"if","locations":[{"start":{"line":326,"column":8},"end":{"line":332,"column":9}},{"start":{},"end":{}}],"line":326},"16":{"loc":{"start":{"line":326,"column":12},"end":{"line":326,"column":52}},"type":"binary-expr","locations":[{"start":{"line":326,"column":12},"end":{"line":326,"column":22}},{"start":{"line":326,"column":26},"end":{"line":326,"column":52}}],"line":326},"17":{"loc":{"start":{"line":329,"column":14},"end":{"line":329,"column":45}},"type":"cond-expr","locations":[{"start":{"line":329,"column":26},"end":{"line":329,"column":41}},{"start":{"line":329,"column":44},"end":{"line":329,"column":45}}],"line":329},"18":{"loc":{"start":{"line":457,"column":6},"end":{"line":461,"column":7}},"type":"if","locations":[{"start":{"line":457,"column":6},"end":{"line":461,"column":7}},{"start":{},"end":{}}],"line":457},"19":{"loc":{"start":{"line":464,"column":6},"end":{"line":468,"column":7}},"type":"if","locations":[{"start":{"line":464,"column":6},"end":{"line":468,"column":7}},{"start":{},"end":{}}],"line":464},"20":{"loc":{"start":{"line":471,"column":6},"end":{"line":500,"column":7}},"type":"if","locations":[{"start":{"line":471,"column":6},"end":{"line":500,"column":7}},{"start":{},"end":{}}],"line":471},"21":{"loc":{"start":{"line":471,"column":10},"end":{"line":471,"column":73}},"type":"binary-expr","locations":[{"start":{"line":471,"column":10},"end":{"line":471,"column":42}},{"start":{"line":471,"column":46},"end":{"line":471,"column":73}}],"line":471},"22":{"loc":{"start":{"line":478,"column":10},"end":{"line":492,"column":11}},"type":"if","locations":[{"start":{"line":478,"column":10},"end":{"line":492,"column":11}},{"start":{"line":488,"column":17},"end":{"line":492,"column":11}}],"line":478},"23":{"loc":{"start":{"line":479,"column":12},"end":{"line":480,"column":58}},"type":"binary-expr","locations":[{"start":{"line":479,"column":12},"end":{"line":479,"column":61}},{"start":{"line":480,"column":12},"end":{"line":480,"column":58}}],"line":479},"24":{"loc":{"start":{"line":485,"column":16},"end":{"line":485,"column":79}},"type":"binary-expr","locations":[{"start":{"line":485,"column":16},"end":{"line":485,"column":45}},{"start":{"line":485,"column":49},"end":{"line":485,"column":79}}],"line":485},"25":{"loc":{"start":{"line":488,"column":17},"end":{"line":492,"column":11}},"type":"if","locations":[{"start":{"line":488,"column":17},"end":{"line":492,"column":11}},{"start":{"line":490,"column":17},"end":{"line":492,"column":11}}],"line":488},"26":{"loc":{"start":{"line":490,"column":17},"end":{"line":492,"column":11}},"type":"if","locations":[{"start":{"line":490,"column":17},"end":{"line":492,"column":11}},{"start":{},"end":{}}],"line":490},"27":{"loc":{"start":{"line":542,"column":6},"end":{"line":546,"column":7}},"type":"if","locations":[{"start":{"line":542,"column":6},"end":{"line":546,"column":7}},{"start":{},"end":{}}],"line":542},"28":{"loc":{"start":{"line":549,"column":6},"end":{"line":553,"column":7}},"type":"if","locations":[{"start":{"line":549,"column":6},"end":{"line":553,"column":7}},{"start":{},"end":{}}],"line":549},"29":{"loc":{"start":{"line":556,"column":6},"end":{"line":560,"column":7}},"type":"if","locations":[{"start":{"line":556,"column":6},"end":{"line":560,"column":7}},{"start":{},"end":{}}],"line":556},"30":{"loc":{"start":{"line":563,"column":6},"end":{"line":569,"column":7}},"type":"if","locations":[{"start":{"line":563,"column":6},"end":{"line":569,"column":7}},{"start":{},"end":{}}],"line":563},"31":{"loc":{"start":{"line":580,"column":8},"end":{"line":583,"column":9}},"type":"if","locations":[{"start":{"line":580,"column":8},"end":{"line":583,"column":9}},{"start":{},"end":{}}],"line":580},"32":{"loc":{"start":{"line":611,"column":6},"end":{"line":615,"column":7}},"type":"if","locations":[{"start":{"line":611,"column":6},"end":{"line":615,"column":7}},{"start":{},"end":{}}],"line":611},"33":{"loc":{"start":{"line":611,"column":10},"end":{"line":611,"column":63}},"type":"binary-expr","locations":[{"start":{"line":611,"column":10},"end":{"line":611,"column":16}},{"start":{"line":611,"column":20},"end":{"line":611,"column":41}},{"start":{"line":611,"column":45},"end":{"line":611,"column":63}}],"line":611},"34":{"loc":{"start":{"line":622,"column":8},"end":{"line":626,"column":9}},"type":"if","locations":[{"start":{"line":622,"column":8},"end":{"line":626,"column":9}},{"start":{},"end":{}}],"line":622},"35":{"loc":{"start":{"line":622,"column":12},"end":{"line":622,"column":64}},"type":"binary-expr","locations":[{"start":{"line":622,"column":12},"end":{"line":622,"column":22}},{"start":{"line":622,"column":26},"end":{"line":622,"column":51}},{"start":{"line":622,"column":55},"end":{"line":622,"column":64}}],"line":622},"36":{"loc":{"start":{"line":630,"column":8},"end":{"line":634,"column":9}},"type":"if","locations":[{"start":{"line":630,"column":8},"end":{"line":634,"column":9}},{"start":{},"end":{}}],"line":630},"37":{"loc":{"start":{"line":644,"column":8},"end":{"line":652,"column":9}},"type":"if","locations":[{"start":{"line":644,"column":8},"end":{"line":652,"column":9}},{"start":{"line":650,"column":15},"end":{"line":652,"column":9}}],"line":644},"38":{"loc":{"start":{"line":707,"column":15},"end":{"line":707,"column":62}},"type":"binary-expr","locations":[{"start":{"line":707,"column":15},"end":{"line":707,"column":34}},{"start":{"line":707,"column":38},"end":{"line":707,"column":62}}],"line":707},"39":{"loc":{"start":{"line":720,"column":10},"end":{"line":726,"column":11}},"type":"if","locations":[{"start":{"line":720,"column":10},"end":{"line":726,"column":11}},{"start":{},"end":{}}],"line":720},"40":{"loc":{"start":{"line":770,"column":6},"end":{"line":774,"column":7}},"type":"if","locations":[{"start":{"line":770,"column":6},"end":{"line":774,"column":7}},{"start":{},"end":{}}],"line":770},"41":{"loc":{"start":{"line":777,"column":6},"end":{"line":781,"column":7}},"type":"if","locations":[{"start":{"line":777,"column":6},"end":{"line":781,"column":7}},{"start":{},"end":{}}],"line":777},"42":{"loc":{"start":{"line":784,"column":6},"end":{"line":788,"column":7}},"type":"if","locations":[{"start":{"line":784,"column":6},"end":{"line":788,"column":7}},{"start":{},"end":{}}],"line":784},"43":{"loc":{"start":{"line":784,"column":10},"end":{"line":784,"column":77}},"type":"binary-expr","locations":[{"start":{"line":784,"column":10},"end":{"line":784,"column":39}},{"start":{"line":784,"column":43},"end":{"line":784,"column":77}}],"line":784}},"s":{"0":1,"1":1,"2":1,"3":1,"4":8,"5":8,"6":8,"7":1,"8":7,"9":7,"10":2,"11":5,"12":7,"13":0,"14":8,"15":8,"16":8,"17":1,"18":7,"19":7,"20":1,"21":6,"22":7,"23":0,"24":2,"25":2,"26":2,"27":1,"28":2,"29":0,"30":14,"31":14,"32":14,"33":14,"34":1,"35":13,"36":13,"37":1,"38":12,"39":12,"40":8,"41":4,"42":6,"43":6,"44":6,"45":2,"46":2,"47":2,"48":2,"49":1,"50":2,"51":2,"52":0,"53":0,"54":0,"55":0,"56":0,"57":0,"58":2,"59":0,"60":14,"61":14,"62":14,"63":2,"64":12,"65":12,"66":12,"67":12,"68":12,"69":12,"70":2,"71":10,"72":10,"73":1,"74":9,"75":9,"76":6,"77":3,"78":3,"79":3,"80":3,"81":3,"82":3,"83":3,"84":3,"85":3,"86":3,"87":3,"88":3,"89":3,"90":3,"91":0,"92":0,"93":0,"94":0,"95":2,"96":2,"97":2,"98":2,"99":0,"100":2,"101":0,"102":2,"103":2,"104":2,"105":2,"106":0,"107":2,"108":0,"109":2,"110":0,"111":2,"112":0,"113":2,"114":2,"115":0,"116":1,"117":1,"118":1,"119":1,"120":0,"121":1,"122":0,"123":1,"124":0,"125":1,"126":0,"127":1,"128":1,"129":1,"130":1,"131":1,"132":1,"133":1,"134":0,"135":6,"136":6,"137":6,"138":1,"139":5,"140":5,"141":6,"142":6,"143":2,"144":4,"145":4,"146":1,"147":3,"148":3,"149":2,"150":1,"151":2,"152":1,"153":1,"154":3,"155":3,"156":3,"157":3,"158":3,"159":3,"160":9,"161":3,"162":9,"163":3,"164":3,"165":3,"166":3,"167":3,"168":1,"169":1,"170":1,"171":1,"172":1,"173":3,"174":9,"175":9,"176":0,"177":1,"178":1,"179":1,"180":1,"181":0,"182":1,"183":0,"184":1,"185":0,"186":1,"187":1,"188":0},"f":{"0":8,"1":8,"2":2,"3":1,"4":14,"5":2,"6":0,"7":0,"8":14,"9":3,"10":2,"11":2,"12":1,"13":6,"14":3,"15":9,"16":9,"17":3,"18":3,"19":1,"20":9,"21":9,"22":1},"b":{"0":[1,7],"1":[2,5],"2":[5,2],"3":[1,7],"4":[1,6],"5":[1,13],"6":[14,14],"7":[1,12],"8":[8,4],"9":[1,1],"10":[2,12],"11":[14,14,13],"12":[2,10],"13":[12,11,10],"14":[1,9],"15":[6,3],"16":[9,3],"17":[0,6],"18":[0,2],"19":[0,2],"20":[2,0],"21":[2,2],"22":[0,2],"23":[2,2],"24":[0,0],"25":[0,2],"26":[0,2],"27":[0,1],"28":[0,1],"29":[0,1],"30":[0,1],"31":[1,0],"32":[1,5],"33":[6,6,6],"34":[2,4],"35":[6,5,4],"36":[1,3],"37":[2,1],"38":[9,9],"39":[1,0],"40":[0,1],"41":[0,1],"42":[0,1],"43":[1,1]},"_coverageSchema":"1a1c01bbd47fc00a2c39e90264f33305004495a9","hash":"6c98f2b3d5b1731ea6e38c7875eb29bfdb8f166e"}
,"C:\\Users\\eki\\OneDrive\\文档\\Hacktiv8\\3-phase2\\IP-HCK88\\server\\controllers\\userController.js": {"path":"C:\\Users\\eki\\OneDrive\\文档\\Hacktiv8\\3-phase2\\IP-HCK88\\server\\controllers\\userController.js","statementMap":{"0":{"start":{"line":1,"column":26},"end":{"line":1,"column":46}},"1":{"start":{"line":2,"column":28},"end":{"line":2,"column":56}},"2":{"start":{"line":3,"column":26},"end":{"line":3,"column":51}},"3":{"start":{"line":4,"column":25},"end":{"line":4,"column":55}},"4":{"start":{"line":6,"column":0},"end":{"line":134,"column":2}},"5":{"start":{"line":8,"column":4},"end":{"line":51,"column":5}},"6":{"start":{"line":9,"column":46},"end":{"line":9,"column":54}},"7":{"start":{"line":12,"column":25},"end":{"line":12,"column":55}},"8":{"start":{"line":13,"column":23},"end":{"line":13,"column":41}},"9":{"start":{"line":15,"column":6},"end":{"line":19,"column":7}},"10":{"start":{"line":16,"column":8},"end":{"line":18,"column":11}},"11":{"start":{"line":21,"column":19},"end":{"line":26,"column":8}},"12":{"start":{"line":28,"column":6},"end":{"line":36,"column":9}},"13":{"start":{"line":39,"column":6},"end":{"line":43,"column":7}},"14":{"start":{"line":40,"column":8},"end":{"line":42,"column":11}},"15":{"start":{"line":41,"column":41},"end":{"line":41,"column":50}},"16":{"start":{"line":45,"column":6},"end":{"line":49,"column":7}},"17":{"start":{"line":46,"column":8},"end":{"line":48,"column":11}},"18":{"start":{"line":50,"column":6},"end":{"line":50,"column":53}},"19":{"start":{"line":55,"column":25},"end":{"line":55,"column":33}},"20":{"start":{"line":56,"column":4},"end":{"line":56,"column":67}},"21":{"start":{"line":57,"column":4},"end":{"line":57,"column":63}},"22":{"start":{"line":59,"column":19},"end":{"line":59,"column":65}},"23":{"start":{"line":60,"column":4},"end":{"line":96,"column":5}},"24":{"start":{"line":61,"column":21},"end":{"line":64,"column":8}},"25":{"start":{"line":65,"column":22},"end":{"line":65,"column":41}},"26":{"start":{"line":66,"column":6},"end":{"line":66,"column":60}},"27":{"start":{"line":68,"column":19},"end":{"line":68,"column":74}},"28":{"start":{"line":69,"column":6},"end":{"line":82,"column":7}},"29":{"start":{"line":70,"column":24},"end":{"line":75,"column":10}},"30":{"start":{"line":76,"column":29},"end":{"line":80,"column":10}},"31":{"start":{"line":81,"column":8},"end":{"line":81,"column":69}},"32":{"start":{"line":83,"column":27},"end":{"line":87,"column":8}},"33":{"start":{"line":88,"column":6},"end":{"line":88,"column":51}},"34":{"start":{"line":90,"column":6},"end":{"line":90,"column":48}},"35":{"start":{"line":91,"column":6},"end":{"line":91,"column":45}},"36":{"start":{"line":92,"column":6},"end":{"line":92,"column":51}},"37":{"start":{"line":93,"column":6},"end":{"line":93,"column":40}},"38":{"start":{"line":94,"column":6},"end":{"line":94,"column":46}},"39":{"start":{"line":95,"column":6},"end":{"line":95,"column":53}},"40":{"start":{"line":100,"column":4},"end":{"line":124,"column":5}},"41":{"start":{"line":101,"column":34},"end":{"line":101,"column":42}},"42":{"start":{"line":102,"column":6},"end":{"line":104,"column":7}},"43":{"start":{"line":103,"column":8},"end":{"line":103,"column":68}},"44":{"start":{"line":105,"column":6},"end":{"line":107,"column":7}},"45":{"start":{"line":106,"column":8},"end":{"line":106,"column":71}},"46":{"start":{"line":108,"column":19},"end":{"line":108,"column":59}},"47":{"start":{"line":109,"column":6},"end":{"line":111,"column":7}},"48":{"start":{"line":110,"column":8},"end":{"line":110,"column":76}},"49":{"start":{"line":112,"column":30},"end":{"line":112,"column":70}},"50":{"start":{"line":113,"column":6},"end":{"line":115,"column":7}},"51":{"start":{"line":114,"column":8},"end":{"line":114,"column":67}},"52":{"start":{"line":116,"column":27},"end":{"line":120,"column":8}},"53":{"start":{"line":121,"column":6},"end":{"line":121,"column":51}},"54":{"start":{"line":123,"column":6},"end":{"line":123,"column":53}},"55":{"start":{"line":127,"column":4},"end":{"line":132,"column":5}},"56":{"start":{"line":128,"column":17},"end":{"line":128,"column":40}},"57":{"start":{"line":129,"column":6},"end":{"line":129,"column":33}},"58":{"start":{"line":131,"column":6},"end":{"line":131,"column":53}}},"fnMap":{"0":{"name":"(anonymous_0)","decl":{"start":{"line":7,"column":2},"end":{"line":7,"column":3}},"loc":{"start":{"line":7,"column":34},"end":{"line":52,"column":3}},"line":7},"1":{"name":"(anonymous_1)","decl":{"start":{"line":41,"column":34},"end":{"line":41,"column":35}},"loc":{"start":{"line":41,"column":41},"end":{"line":41,"column":50}},"line":41},"2":{"name":"(anonymous_2)","decl":{"start":{"line":54,"column":2},"end":{"line":54,"column":3}},"loc":{"start":{"line":54,"column":37},"end":{"line":97,"column":3}},"line":54},"3":{"name":"(anonymous_3)","decl":{"start":{"line":99,"column":2},"end":{"line":99,"column":3}},"loc":{"start":{"line":99,"column":31},"end":{"line":125,"column":3}},"line":99},"4":{"name":"(anonymous_4)","decl":{"start":{"line":126,"column":2},"end":{"line":126,"column":3}},"loc":{"start":{"line":126,"column":30},"end":{"line":133,"column":3}},"line":126}},"branchMap":{"0":{"loc":{"start":{"line":13,"column":23},"end":{"line":13,"column":41}},"type":"binary-expr","locations":[{"start":{"line":13,"column":23},"end":{"line":13,"column":27}},{"start":{"line":13,"column":31},"end":{"line":13,"column":41}}],"line":13},"1":{"loc":{"start":{"line":15,"column":6},"end":{"line":19,"column":7}},"type":"if","locations":[{"start":{"line":15,"column":6},"end":{"line":19,"column":7}},{"start":{},"end":{}}],"line":15},"2":{"loc":{"start":{"line":24,"column":14},"end":{"line":24,"column":41}},"type":"binary-expr","locations":[{"start":{"line":24,"column":14},"end":{"line":24,"column":18}},{"start":{"line":24,"column":22},"end":{"line":24,"column":41}}],"line":24},"3":{"loc":{"start":{"line":39,"column":6},"end":{"line":43,"column":7}},"type":"if","locations":[{"start":{"line":39,"column":6},"end":{"line":43,"column":7}},{"start":{},"end":{}}],"line":39},"4":{"loc":{"start":{"line":45,"column":6},"end":{"line":49,"column":7}},"type":"if","locations":[{"start":{"line":45,"column":6},"end":{"line":49,"column":7}},{"start":{},"end":{}}],"line":45},"5":{"loc":{"start":{"line":57,"column":38},"end":{"line":57,"column":61}},"type":"cond-expr","locations":[{"start":{"line":57,"column":49},"end":{"line":57,"column":54}},{"start":{"line":57,"column":57},"end":{"line":57,"column":61}}],"line":57},"6":{"loc":{"start":{"line":69,"column":6},"end":{"line":82,"column":7}},"type":"if","locations":[{"start":{"line":69,"column":6},"end":{"line":82,"column":7}},{"start":{},"end":{}}],"line":69},"7":{"loc":{"start":{"line":73,"column":16},"end":{"line":73,"column":59}},"type":"binary-expr","locations":[{"start":{"line":73,"column":16},"end":{"line":73,"column":28}},{"start":{"line":73,"column":32},"end":{"line":73,"column":59}}],"line":73},"8":{"loc":{"start":{"line":102,"column":6},"end":{"line":104,"column":7}},"type":"if","locations":[{"start":{"line":102,"column":6},"end":{"line":104,"column":7}},{"start":{},"end":{}}],"line":102},"9":{"loc":{"start":{"line":105,"column":6},"end":{"line":107,"column":7}},"type":"if","locations":[{"start":{"line":105,"column":6},"end":{"line":107,"column":7}},{"start":{},"end":{}}],"line":105},"10":{"loc":{"start":{"line":109,"column":6},"end":{"line":111,"column":7}},"type":"if","locations":[{"start":{"line":109,"column":6},"end":{"line":111,"column":7}},{"start":{},"end":{}}],"line":109},"11":{"loc":{"start":{"line":113,"column":6},"end":{"line":115,"column":7}},"type":"if","locations":[{"start":{"line":113,"column":6},"end":{"line":115,"column":7}},{"start":{},"end":{}}],"line":113}},"s":{"0":1,"1":1,"2":1,"3":1,"4":1,"5":16,"6":16,"7":16,"8":16,"9":16,"10":1,"11":15,"12":7,"13":8,"14":4,"15":5,"16":4,"17":4,"18":0,"19":2,"20":2,"21":2,"22":2,"23":2,"24":2,"25":1,"26":1,"27":1,"28":1,"29":1,"30":1,"31":1,"32":0,"33":0,"34":1,"35":1,"36":1,"37":1,"38":1,"39":1,"40":14,"41":14,"42":14,"43":1,"44":13,"45":1,"46":12,"47":12,"48":2,"49":10,"50":10,"51":1,"52":9,"53":9,"54":0,"55":2,"56":2,"57":2,"58":0},"f":{"0":16,"1":5,"2":2,"3":14,"4":2},"b":{"0":[16,0],"1":[1,15],"2":[15,0],"3":[4,4],"4":[4,0],"5":[2,0],"6":[1,0],"7":[1,0],"8":[1,13],"9":[1,12],"10":[2,10],"11":[1,9]},"_coverageSchema":"1a1c01bbd47fc00a2c39e90264f33305004495a9","hash":"99d3de3e8064cd42f5277b2184dbd32c80a68300"}
,"C:\\Users\\eki\\OneDrive\\文档\\Hacktiv8\\3-phase2\\IP-HCK88\\server\\helpers\\bcrypt.js": {"path":"C:\\Users\\eki\\OneDrive\\文档\\Hacktiv8\\3-phase2\\IP-HCK88\\server\\helpers\\bcrypt.js","statementMap":{"0":{"start":{"line":1,"column":15},"end":{"line":1,"column":34}},"1":{"start":{"line":3,"column":21},"end":{"line":6,"column":1}},"2":{"start":{"line":4,"column":15},"end":{"line":4,"column":37}},"3":{"start":{"line":5,"column":2},"end":{"line":5,"column":40}},"4":{"start":{"line":8,"column":24},"end":{"line":10,"column":1}},"5":{"start":{"line":9,"column":2},"end":{"line":9,"column":43}},"6":{"start":{"line":12,"column":0},"end":{"line":15,"column":1}}},"fnMap":{"0":{"name":"(anonymous_0)","decl":{"start":{"line":3,"column":21},"end":{"line":3,"column":22}},"loc":{"start":{"line":3,"column":35},"end":{"line":6,"column":1}},"line":3},"1":{"name":"(anonymous_1)","decl":{"start":{"line":8,"column":24},"end":{"line":8,"column":25}},"loc":{"start":{"line":8,"column":44},"end":{"line":10,"column":1}},"line":8}},"branchMap":{},"s":{"0":1,"1":1,"2":20,"3":20,"4":1,"5":10,"6":1},"f":{"0":20,"1":10},"b":{},"_coverageSchema":"1a1c01bbd47fc00a2c39e90264f33305004495a9","hash":"3f59fb98b7aaf79dcd817c9ff822bf1d53a35447"}
,"C:\\Users\\eki\\OneDrive\\文档\\Hacktiv8\\3-phase2\\IP-HCK88\\server\\helpers\\geolocation.js": {"path":"C:\\Users\\eki\\OneDrive\\文档\\Hacktiv8\\3-phase2\\IP-HCK88\\server\\helpers\\geolocation.js","statementMap":{"0":{"start":{"line":10,"column":12},"end":{"line":10,"column":16}},"1":{"start":{"line":11,"column":15},"end":{"line":11,"column":37}},"2":{"start":{"line":12,"column":15},"end":{"line":12,"column":37}},"3":{"start":{"line":15,"column":4},"end":{"line":19,"column":24}},"4":{"start":{"line":21,"column":12},"end":{"line":21,"column":58}},"5":{"start":{"line":22,"column":19},"end":{"line":22,"column":24}},"6":{"start":{"line":24,"column":2},"end":{"line":24,"column":18}},"7":{"start":{"line":33,"column":2},"end":{"line":33,"column":35}},"8":{"start":{"line":43,"column":2},"end":{"line":50,"column":4}},"9":{"start":{"line":53,"column":0},"end":{"line":56,"column":2}}},"fnMap":{"0":{"name":"calculateDistance","decl":{"start":{"line":9,"column":9},"end":{"line":9,"column":26}},"loc":{"start":{"line":9,"column":51},"end":{"line":25,"column":1}},"line":9},"1":{"name":"toRadians","decl":{"start":{"line":32,"column":9},"end":{"line":32,"column":18}},"loc":{"start":{"line":32,"column":28},"end":{"line":34,"column":1}},"line":32},"2":{"name":"validateCoordinates","decl":{"start":{"line":42,"column":9},"end":{"line":42,"column":28}},"loc":{"start":{"line":42,"column":39},"end":{"line":51,"column":1}},"line":42}},"branchMap":{"0":{"loc":{"start":{"line":44,"column":4},"end":{"line":49,"column":14}},"type":"binary-expr","locations":[{"start":{"line":44,"column":4},"end":{"line":44,"column":27}},{"start":{"line":45,"column":4},"end":{"line":45,"column":27}},{"start":{"line":46,"column":4},"end":{"line":46,"column":14}},{"start":{"line":47,"column":4},"end":{"line":47,"column":13}},{"start":{"line":48,"column":4},"end":{"line":48,"column":15}},{"start":{"line":49,"column":4},"end":{"line":49,"column":14}}],"line":44}},"s":{"0":3,"1":3,"2":3,"3":3,"4":3,"5":3,"6":3,"7":12,"8":15,"9":1},"f":{"0":3,"1":12,"2":15},"b":{"0":[15,15,15,15,13,13]},"_coverageSchema":"1a1c01bbd47fc00a2c39e90264f33305004495a9","hash":"81e75bfd4b41abf03411ff998961f9eb5df2e3b3"}
,"C:\\Users\\eki\\OneDrive\\文档\\Hacktiv8\\3-phase2\\IP-HCK88\\server\\helpers\\jwt.js": {"path":"C:\\Users\\eki\\OneDrive\\文档\\Hacktiv8\\3-phase2\\IP-HCK88\\server\\helpers\\jwt.js","statementMap":{"0":{"start":{"line":1,"column":12},"end":{"line":1,"column":35}},"1":{"start":{"line":2,"column":0},"end":{"line":2,"column":27}},"2":{"start":{"line":3,"column":19},"end":{"line":3,"column":41}},"3":{"start":{"line":5,"column":22},"end":{"line":7,"column":1}},"4":{"start":{"line":6,"column":2},"end":{"line":6,"column":39}},"5":{"start":{"line":9,"column":20},"end":{"line":11,"column":1}},"6":{"start":{"line":10,"column":2},"end":{"line":10,"column":39}},"7":{"start":{"line":13,"column":0},"end":{"line":16,"column":2}}},"fnMap":{"0":{"name":"(anonymous_0)","decl":{"start":{"line":5,"column":22},"end":{"line":5,"column":23}},"loc":{"start":{"line":5,"column":35},"end":{"line":7,"column":1}},"line":5},"1":{"name":"(anonymous_1)","decl":{"start":{"line":9,"column":20},"end":{"line":9,"column":21}},"loc":{"start":{"line":9,"column":31},"end":{"line":11,"column":1}},"line":9}},"branchMap":{},"s":{"0":1,"1":1,"2":1,"3":1,"4":15,"5":1,"6":99,"7":1},"f":{"0":15,"1":99},"b":{},"_coverageSchema":"1a1c01bbd47fc00a2c39e90264f33305004495a9","hash":"e0b6fd8a908485f29b1d07dac6b4d0f9ee1cf4cf"}
,"C:\\Users\\eki\\OneDrive\\文档\\Hacktiv8\\3-phase2\\IP-HCK88\\server\\middleware\\authentication.js": {"path":"C:\\Users\\eki\\OneDrive\\文档\\Hacktiv8\\3-phase2\\IP-HCK88\\server\\middleware\\authentication.js","statementMap":{"0":{"start":{"line":1,"column":24},"end":{"line":1,"column":49}},"1":{"start":{"line":2,"column":17},"end":{"line":2,"column":37}},"2":{"start":{"line":4,"column":0},"end":{"line":44,"column":2}},"3":{"start":{"line":5,"column":2},"end":{"line":43,"column":3}},"4":{"start":{"line":6,"column":4},"end":{"line":6,"column":53}},"5":{"start":{"line":8,"column":4},"end":{"line":11,"column":5}},"6":{"start":{"line":9,"column":6},"end":{"line":9,"column":47}},"7":{"start":{"line":10,"column":6},"end":{"line":10,"column":76}},"8":{"start":{"line":13,"column":18},"end":{"line":13,"column":57}},"9":{"start":{"line":14,"column":17},"end":{"line":14,"column":35}},"10":{"start":{"line":15,"column":4},"end":{"line":15,"column":42}},"11":{"start":{"line":17,"column":17},"end":{"line":17,"column":45}},"12":{"start":{"line":18,"column":4},"end":{"line":27,"column":6}},"13":{"start":{"line":29,"column":4},"end":{"line":32,"column":5}},"14":{"start":{"line":30,"column":6},"end":{"line":30,"column":50}},"15":{"start":{"line":31,"column":6},"end":{"line":31,"column":76}},"16":{"start":{"line":34,"column":4},"end":{"line":34,"column":20}},"17":{"start":{"line":35,"column":4},"end":{"line":35,"column":58}},"18":{"start":{"line":36,"column":4},"end":{"line":36,"column":11}},"19":{"start":{"line":38,"column":4},"end":{"line":38,"column":58}},"20":{"start":{"line":39,"column":4},"end":{"line":41,"column":5}},"21":{"start":{"line":40,"column":6},"end":{"line":40,"column":75}},"22":{"start":{"line":42,"column":4},"end":{"line":42,"column":16}}},"fnMap":{"0":{"name":"authentication","decl":{"start":{"line":4,"column":32},"end":{"line":4,"column":46}},"loc":{"start":{"line":4,"column":63},"end":{"line":44,"column":1}},"line":4}},"branchMap":{"0":{"loc":{"start":{"line":8,"column":4},"end":{"line":11,"column":5}},"type":"if","locations":[{"start":{"line":8,"column":4},"end":{"line":11,"column":5}},{"start":{},"end":{}}],"line":8},"1":{"loc":{"start":{"line":20,"column":6},"end":{"line":26,"column":16}},"type":"cond-expr","locations":[{"start":{"line":21,"column":10},"end":{"line":25,"column":11}},{"start":{"line":26,"column":10},"end":{"line":26,"column":16}}],"line":20},"2":{"loc":{"start":{"line":29,"column":4},"end":{"line":32,"column":5}},"type":"if","locations":[{"start":{"line":29,"column":4},"end":{"line":32,"column":5}},{"start":{},"end":{}}],"line":29},"3":{"loc":{"start":{"line":39,"column":4},"end":{"line":41,"column":5}},"type":"if","locations":[{"start":{"line":39,"column":4},"end":{"line":41,"column":5}},{"start":{},"end":{}}],"line":39}},"s":{"0":1,"1":1,"2":1,"3":112,"4":112,"5":112,"6":13,"7":13,"8":99,"9":99,"10":92,"11":92,"12":92,"13":92,"14":2,"15":2,"16":90,"17":90,"18":90,"19":7,"20":7,"21":6,"22":1},"f":{"0":112},"b":{"0":[13,99],"1":[90,2],"2":[2,90],"3":[6,1]},"_coverageSchema":"1a1c01bbd47fc00a2c39e90264f33305004495a9","hash":"45403584cb605dbdbe72c6786b190e23f2f5b4e3"}
,"C:\\Users\\eki\\OneDrive\\文档\\Hacktiv8\\3-phase2\\IP-HCK88\\server\\middleware\\authorization.js": {"path":"C:\\Users\\eki\\OneDrive\\文档\\Hacktiv8\\3-phase2\\IP-HCK88\\server\\middleware\\authorization.js","statementMap":{"0":{"start":{"line":6,"column":2},"end":{"line":43,"column":4}},"1":{"start":{"line":7,"column":4},"end":{"line":42,"column":5}},"2":{"start":{"line":9,"column":6},"end":{"line":9,"column":49}},"3":{"start":{"line":10,"column":6},"end":{"line":10,"column":50}},"4":{"start":{"line":11,"column":6},"end":{"line":11,"column":37}},"5":{"start":{"line":12,"column":6},"end":{"line":12,"column":48}},"6":{"start":{"line":15,"column":6},"end":{"line":20,"column":7}},"7":{"start":{"line":16,"column":8},"end":{"line":16,"column":66}},"8":{"start":{"line":17,"column":8},"end":{"line":19,"column":11}},"9":{"start":{"line":23,"column":6},"end":{"line":35,"column":7}},"10":{"start":{"line":24,"column":8},"end":{"line":28,"column":10}},"11":{"start":{"line":29,"column":8},"end":{"line":34,"column":11}},"12":{"start":{"line":37,"column":6},"end":{"line":37,"column":44}},"13":{"start":{"line":38,"column":6},"end":{"line":38,"column":13}},"14":{"start":{"line":40,"column":6},"end":{"line":40,"column":51}},"15":{"start":{"line":41,"column":6},"end":{"line":41,"column":18}},"16":{"start":{"line":46,"column":0},"end":{"line":46,"column":27}}},"fnMap":{"0":{"name":"authorize","decl":{"start":{"line":5,"column":9},"end":{"line":5,"column":18}},"loc":{"start":{"line":5,"column":36},"end":{"line":44,"column":1}},"line":5},"1":{"name":"(anonymous_1)","decl":{"start":{"line":6,"column":9},"end":{"line":6,"column":10}},"loc":{"start":{"line":6,"column":29},"end":{"line":43,"column":3}},"line":6}},"branchMap":{"0":{"loc":{"start":{"line":15,"column":6},"end":{"line":20,"column":7}},"type":"if","locations":[{"start":{"line":15,"column":6},"end":{"line":20,"column":7}},{"start":{},"end":{}}],"line":15},"1":{"loc":{"start":{"line":23,"column":6},"end":{"line":35,"column":7}},"type":"if","locations":[{"start":{"line":23,"column":6},"end":{"line":35,"column":7}},{"start":{},"end":{}}],"line":23}},"s":{"0":4,"1":92,"2":92,"3":92,"4":92,"5":92,"6":91,"7":1,"8":1,"9":90,"10":10,"11":10,"12":80,"13":80,"14":1,"15":1,"16":1},"f":{"0":4,"1":92},"b":{"0":[1,90],"1":[10,80]},"_coverageSchema":"1a1c01bbd47fc00a2c39e90264f33305004495a9","hash":"aaf5094fe1c684eaa3a81430133dfd23f6d29c9c"}
,"C:\\Users\\eki\\OneDrive\\文档\\Hacktiv8\\3-phase2\\IP-HCK88\\server\\models\\cart.js": {"path":"C:\\Users\\eki\\OneDrive\\文档\\Hacktiv8\\3-phase2\\IP-HCK88\\server\\models\\cart.js","statementMap":{"0":{"start":{"line":2,"column":18},"end":{"line":2,"column":38}},"1":{"start":{"line":3,"column":0},"end":{"line":29,"column":2}},"2":{"start":{"line":12,"column":6},"end":{"line":12,"column":80}},"3":{"start":{"line":13,"column":6},"end":{"line":13,"column":74}},"4":{"start":{"line":14,"column":6},"end":{"line":14,"column":62}},"5":{"start":{"line":17,"column":2},"end":{"line":27,"column":4}},"6":{"start":{"line":28,"column":2},"end":{"line":28,"column":14}}},"fnMap":{"0":{"name":"(anonymous_0)","decl":{"start":{"line":3,"column":17},"end":{"line":3,"column":18}},"loc":{"start":{"line":3,"column":43},"end":{"line":29,"column":1}},"line":3},"1":{"name":"(anonymous_1)","decl":{"start":{"line":10,"column":4},"end":{"line":10,"column":5}},"loc":{"start":{"line":10,"column":29},"end":{"line":15,"column":5}},"line":10}},"branchMap":{},"s":{"0":1,"1":1,"2":1,"3":1,"4":1,"5":1,"6":1},"f":{"0":1,"1":1},"b":{},"_coverageSchema":"1a1c01bbd47fc00a2c39e90264f33305004495a9","hash":"ec042a128a87d04e412eada0bebc5d3407f2c037"}
,"C:\\Users\\eki\\OneDrive\\文档\\Hacktiv8\\3-phase2\\IP-HCK88\\server\\models\\cartitem.js": {"path":"C:\\Users\\eki\\OneDrive\\文档\\Hacktiv8\\3-phase2\\IP-HCK88\\server\\models\\cartitem.js","statementMap":{"0":{"start":{"line":2,"column":18},"end":{"line":2,"column":38}},"1":{"start":{"line":3,"column":0},"end":{"line":28,"column":2}},"2":{"start":{"line":12,"column":6},"end":{"line":12,"column":64}},"3":{"start":{"line":13,"column":6},"end":{"line":13,"column":70}},"4":{"start":{"line":16,"column":2},"end":{"line":26,"column":4}},"5":{"start":{"line":27,"column":2},"end":{"line":27,"column":18}}},"fnMap":{"0":{"name":"(anonymous_0)","decl":{"start":{"line":3,"column":17},"end":{"line":3,"column":18}},"loc":{"start":{"line":3,"column":43},"end":{"line":28,"column":1}},"line":3},"1":{"name":"(anonymous_1)","decl":{"start":{"line":10,"column":4},"end":{"line":10,"column":5}},"loc":{"start":{"line":10,"column":29},"end":{"line":14,"column":5}},"line":10}},"branchMap":{},"s":{"0":1,"1":1,"2":1,"3":1,"4":1,"5":1},"f":{"0":1,"1":1},"b":{},"_coverageSchema":"1a1c01bbd47fc00a2c39e90264f33305004495a9","hash":"9db6c55509125a89ffaf8587ccd6d2891211d0cb"}
,"C:\\Users\\eki\\OneDrive\\文档\\Hacktiv8\\3-phase2\\IP-HCK88\\server\\models\\customerprofile.js": {"path":"C:\\Users\\eki\\OneDrive\\文档\\Hacktiv8\\3-phase2\\IP-HCK88\\server\\models\\customerprofile.js","statementMap":{"0":{"start":{"line":2,"column":18},"end":{"line":2,"column":38}},"1":{"start":{"line":3,"column":0},"end":{"line":27,"column":2}},"2":{"start":{"line":12,"column":6},"end":{"line":12,"column":71}},"3":{"start":{"line":15,"column":2},"end":{"line":25,"column":4}},"4":{"start":{"line":26,"column":2},"end":{"line":26,"column":25}}},"fnMap":{"0":{"name":"(anonymous_0)","decl":{"start":{"line":3,"column":17},"end":{"line":3,"column":18}},"loc":{"start":{"line":3,"column":43},"end":{"line":27,"column":1}},"line":3},"1":{"name":"(anonymous_1)","decl":{"start":{"line":10,"column":4},"end":{"line":10,"column":5}},"loc":{"start":{"line":10,"column":29},"end":{"line":13,"column":5}},"line":10}},"branchMap":{},"s":{"0":1,"1":1,"2":1,"3":1,"4":1},"f":{"0":1,"1":1},"b":{},"_coverageSchema":"1a1c01bbd47fc00a2c39e90264f33305004495a9","hash":"ec8973d35615526be924b9acd249427ab2e52f0f"}
,"C:\\Users\\eki\\OneDrive\\文档\\Hacktiv8\\3-phase2\\IP-HCK88\\server\\models\\index.js": {"path":"C:\\Users\\eki\\OneDrive\\文档\\Hacktiv8\\3-phase2\\IP-HCK88\\server\\models\\index.js","statementMap":{"0":{"start":{"line":3,"column":11},"end":{"line":3,"column":24}},"1":{"start":{"line":4,"column":13},"end":{"line":4,"column":28}},"2":{"start":{"line":5,"column":18},"end":{"line":5,"column":38}},"3":{"start":{"line":6,"column":16},"end":{"line":6,"column":34}},"4":{"start":{"line":7,"column":17},"end":{"line":7,"column":42}},"5":{"start":{"line":8,"column":12},"end":{"line":8,"column":49}},"6":{"start":{"line":9,"column":15},"end":{"line":9,"column":65}},"7":{"start":{"line":10,"column":11},"end":{"line":10,"column":13}},"8":{"start":{"line":13,"column":0},"end":{"line":17,"column":1}},"9":{"start":{"line":14,"column":2},"end":{"line":14,"column":74}},"10":{"start":{"line":16,"column":2},"end":{"line":16,"column":87}},"11":{"start":{"line":19,"column":0},"end":{"line":32,"column":5}},"12":{"start":{"line":22,"column":4},"end":{"line":27,"column":6}},"13":{"start":{"line":30,"column":18},"end":{"line":30,"column":85}},"14":{"start":{"line":31,"column":4},"end":{"line":31,"column":27}},"15":{"start":{"line":34,"column":0},"end":{"line":38,"column":3}},"16":{"start":{"line":35,"column":2},"end":{"line":37,"column":3}},"17":{"start":{"line":36,"column":4},"end":{"line":36,"column":32}},"18":{"start":{"line":40,"column":0},"end":{"line":40,"column":25}},"19":{"start":{"line":41,"column":0},"end":{"line":41,"column":25}},"20":{"start":{"line":43,"column":0},"end":{"line":43,"column":20}}},"fnMap":{"0":{"name":"(anonymous_0)","decl":{"start":{"line":21,"column":10},"end":{"line":21,"column":11}},"loc":{"start":{"line":21,"column":18},"end":{"line":28,"column":3}},"line":21},"1":{"name":"(anonymous_1)","decl":{"start":{"line":29,"column":11},"end":{"line":29,"column":12}},"loc":{"start":{"line":29,"column":19},"end":{"line":32,"column":3}},"line":29},"2":{"name":"(anonymous_2)","decl":{"start":{"line":34,"column":24},"end":{"line":34,"column":25}},"loc":{"start":{"line":34,"column":37},"end":{"line":38,"column":1}},"line":34}},"branchMap":{"0":{"loc":{"start":{"line":8,"column":12},"end":{"line":8,"column":49}},"type":"binary-expr","locations":[{"start":{"line":8,"column":12},"end":{"line":8,"column":32}},{"start":{"line":8,"column":36},"end":{"line":8,"column":49}}],"line":8},"1":{"loc":{"start":{"line":13,"column":0},"end":{"line":17,"column":1}},"type":"if","locations":[{"start":{"line":13,"column":0},"end":{"line":17,"column":1}},{"start":{"line":15,"column":7},"end":{"line":17,"column":1}}],"line":13},"2":{"loc":{"start":{"line":23,"column":6},"end":{"line":26,"column":37}},"type":"binary-expr","locations":[{"start":{"line":23,"column":6},"end":{"line":23,"column":29}},{"start":{"line":24,"column":6},"end":{"line":24,"column":23}},{"start":{"line":25,"column":6},"end":{"line":25,"column":30}},{"start":{"line":26,"column":6},"end":{"line":26,"column":37}}],"line":23},"3":{"loc":{"start":{"line":35,"column":2},"end":{"line":37,"column":3}},"type":"if","locations":[{"start":{"line":35,"column":2},"end":{"line":37,"column":3}},{"start":{},"end":{}}],"line":35}},"s":{"0":1,"1":1,"2":1,"3":1,"4":1,"5":1,"6":1,"7":1,"8":1,"9":0,"10":1,"11":1,"12":10,"13":9,"14":9,"15":1,"16":9,"17":9,"18":1,"19":1,"20":1},"f":{"0":10,"1":9,"2":9},"b":{"0":[1,0],"1":[0,1],"2":[10,10,9,9],"3":[9,0]},"_coverageSchema":"1a1c01bbd47fc00a2c39e90264f33305004495a9","hash":"671e90813e7fa5488bc1bf0f18d4c18df47bd0aa"}
,"C:\\Users\\eki\\OneDrive\\文档\\Hacktiv8\\3-phase2\\IP-HCK88\\server\\models\\inventory.js": {"path":"C:\\Users\\eki\\OneDrive\\文档\\Hacktiv8\\3-phase2\\IP-HCK88\\server\\models\\inventory.js","statementMap":{"0":{"start":{"line":2,"column":18},"end":{"line":2,"column":38}},"1":{"start":{"line":3,"column":0},"end":{"line":28,"column":2}},"2":{"start":{"line":12,"column":6},"end":{"line":12,"column":74}},"3":{"start":{"line":13,"column":6},"end":{"line":13,"column":71}},"4":{"start":{"line":16,"column":2},"end":{"line":26,"column":4}},"5":{"start":{"line":27,"column":2},"end":{"line":27,"column":19}}},"fnMap":{"0":{"name":"(anonymous_0)","decl":{"start":{"line":3,"column":17},"end":{"line":3,"column":18}},"loc":{"start":{"line":3,"column":43},"end":{"line":28,"column":1}},"line":3},"1":{"name":"(anonymous_1)","decl":{"start":{"line":10,"column":4},"end":{"line":10,"column":5}},"loc":{"start":{"line":10,"column":29},"end":{"line":14,"column":5}},"line":10}},"branchMap":{},"s":{"0":1,"1":1,"2":1,"3":1,"4":1,"5":1},"f":{"0":1,"1":1},"b":{},"_coverageSchema":"1a1c01bbd47fc00a2c39e90264f33305004495a9","hash":"52741b0462b956dacc63d3078ceb4dce20209dd8"}
,"C:\\Users\\eki\\OneDrive\\文档\\Hacktiv8\\3-phase2\\IP-HCK88\\server\\models\\product.js": {"path":"C:\\Users\\eki\\OneDrive\\文档\\Hacktiv8\\3-phase2\\IP-HCK88\\server\\models\\product.js","statementMap":{"0":{"start":{"line":2,"column":18},"end":{"line":2,"column":38}},"1":{"start":{"line":3,"column":0},"end":{"line":30,"column":2}},"2":{"start":{"line":12,"column":6},"end":{"line":12,"column":69}},"3":{"start":{"line":13,"column":6},"end":{"line":13,"column":68}},"4":{"start":{"line":14,"column":6},"end":{"line":14,"column":75}},"5":{"start":{"line":17,"column":2},"end":{"line":28,"column":4}},"6":{"start":{"line":29,"column":2},"end":{"line":29,"column":17}}},"fnMap":{"0":{"name":"(anonymous_0)","decl":{"start":{"line":3,"column":17},"end":{"line":3,"column":18}},"loc":{"start":{"line":3,"column":43},"end":{"line":30,"column":1}},"line":3},"1":{"name":"(anonymous_1)","decl":{"start":{"line":10,"column":4},"end":{"line":10,"column":5}},"loc":{"start":{"line":10,"column":29},"end":{"line":15,"column":5}},"line":10}},"branchMap":{},"s":{"0":1,"1":1,"2":1,"3":1,"4":1,"5":1,"6":1},"f":{"0":1,"1":1},"b":{},"_coverageSchema":"1a1c01bbd47fc00a2c39e90264f33305004495a9","hash":"cb97e2091b1a3ddcdb1701c9592ccc2d7d24a90b"}
,"C:\\Users\\eki\\OneDrive\\文档\\Hacktiv8\\3-phase2\\IP-HCK88\\server\\models\\staffprofile.js": {"path":"C:\\Users\\eki\\OneDrive\\文档\\Hacktiv8\\3-phase2\\IP-HCK88\\server\\models\\staffprofile.js","statementMap":{"0":{"start":{"line":2,"column":18},"end":{"line":2,"column":38}},"1":{"start":{"line":3,"column":0},"end":{"line":29,"column":2}},"2":{"start":{"line":12,"column":6},"end":{"line":12,"column":68}},"3":{"start":{"line":13,"column":6},"end":{"line":13,"column":72}},"4":{"start":{"line":16,"column":2},"end":{"line":27,"column":4}},"5":{"start":{"line":28,"column":2},"end":{"line":28,"column":22}}},"fnMap":{"0":{"name":"(anonymous_0)","decl":{"start":{"line":3,"column":17},"end":{"line":3,"column":18}},"loc":{"start":{"line":3,"column":43},"end":{"line":29,"column":1}},"line":3},"1":{"name":"(anonymous_1)","decl":{"start":{"line":10,"column":4},"end":{"line":10,"column":5}},"loc":{"start":{"line":10,"column":29},"end":{"line":14,"column":5}},"line":10}},"branchMap":{},"s":{"0":1,"1":1,"2":1,"3":1,"4":1,"5":1},"f":{"0":1,"1":1},"b":{},"_coverageSchema":"1a1c01bbd47fc00a2c39e90264f33305004495a9","hash":"f82c898bd6db6fa2972460dfb1528a993b84f784"}
,"C:\\Users\\eki\\OneDrive\\文档\\Hacktiv8\\3-phase2\\IP-HCK88\\server\\models\\transaction.js": {"path":"C:\\Users\\eki\\OneDrive\\文档\\Hacktiv8\\3-phase2\\IP-HCK88\\server\\models\\transaction.js","statementMap":{"0":{"start":{"line":2,"column":18},"end":{"line":2,"column":38}},"1":{"start":{"line":3,"column":0},"end":{"line":58,"column":2}},"2":{"start":{"line":12,"column":6},"end":{"line":15,"column":9}},"3":{"start":{"line":16,"column":6},"end":{"line":18,"column":9}},"4":{"start":{"line":21,"column":2},"end":{"line":56,"column":4}},"5":{"start":{"line":57,"column":2},"end":{"line":57,"column":21}}},"fnMap":{"0":{"name":"(anonymous_0)","decl":{"start":{"line":3,"column":17},"end":{"line":3,"column":18}},"loc":{"start":{"line":3,"column":43},"end":{"line":58,"column":1}},"line":3},"1":{"name":"(anonymous_1)","decl":{"start":{"line":10,"column":4},"end":{"line":10,"column":5}},"loc":{"start":{"line":10,"column":29},"end":{"line":19,"column":5}},"line":10}},"branchMap":{},"s":{"0":1,"1":1,"2":1,"3":1,"4":1,"5":1},"f":{"0":1,"1":1},"b":{},"_coverageSchema":"1a1c01bbd47fc00a2c39e90264f33305004495a9","hash":"ebfdca7f32d8a88f859969785023d6080a87323e"}
,"C:\\Users\\eki\\OneDrive\\文档\\Hacktiv8\\3-phase2\\IP-HCK88\\server\\models\\transactionitem.js": {"path":"C:\\Users\\eki\\OneDrive\\文档\\Hacktiv8\\3-phase2\\IP-HCK88\\server\\models\\transactionitem.js","statementMap":{"0":{"start":{"line":2,"column":18},"end":{"line":2,"column":38}},"1":{"start":{"line":3,"column":0},"end":{"line":47,"column":2}},"2":{"start":{"line":12,"column":6},"end":{"line":14,"column":9}},"3":{"start":{"line":15,"column":6},"end":{"line":15,"column":77}},"4":{"start":{"line":18,"column":2},"end":{"line":45,"column":4}},"5":{"start":{"line":46,"column":2},"end":{"line":46,"column":25}}},"fnMap":{"0":{"name":"(anonymous_0)","decl":{"start":{"line":3,"column":17},"end":{"line":3,"column":18}},"loc":{"start":{"line":3,"column":43},"end":{"line":47,"column":1}},"line":3},"1":{"name":"(anonymous_1)","decl":{"start":{"line":10,"column":4},"end":{"line":10,"column":5}},"loc":{"start":{"line":10,"column":29},"end":{"line":16,"column":5}},"line":10}},"branchMap":{},"s":{"0":1,"1":1,"2":1,"3":1,"4":1,"5":1},"f":{"0":1,"1":1},"b":{},"_coverageSchema":"1a1c01bbd47fc00a2c39e90264f33305004495a9","hash":"77a1c0134657dbdacb8fe0231dfd58b59e6bc72c"}
,"C:\\Users\\eki\\OneDrive\\文档\\Hacktiv8\\3-phase2\\IP-HCK88\\server\\models\\user.js": {"path":"C:\\Users\\eki\\OneDrive\\文档\\Hacktiv8\\3-phase2\\IP-HCK88\\server\\models\\user.js","statementMap":{"0":{"start":{"line":2,"column":18},"end":{"line":2,"column":38}},"1":{"start":{"line":3,"column":25},"end":{"line":3,"column":53}},"2":{"start":{"line":4,"column":0},"end":{"line":86,"column":2}},"3":{"start":{"line":13,"column":6},"end":{"line":13,"column":68}},"4":{"start":{"line":14,"column":6},"end":{"line":14,"column":65}},"5":{"start":{"line":15,"column":6},"end":{"line":18,"column":9}},"6":{"start":{"line":19,"column":6},"end":{"line":19,"column":77}},"7":{"start":{"line":20,"column":6},"end":{"line":23,"column":9}},"8":{"start":{"line":26,"column":2},"end":{"line":81,"column":4}},"9":{"start":{"line":82,"column":2},"end":{"line":84,"column":5}},"10":{"start":{"line":83,"column":4},"end":{"line":83,"column":48}},"11":{"start":{"line":85,"column":2},"end":{"line":85,"column":14}}},"fnMap":{"0":{"name":"(anonymous_0)","decl":{"start":{"line":4,"column":17},"end":{"line":4,"column":18}},"loc":{"start":{"line":4,"column":43},"end":{"line":86,"column":1}},"line":4},"1":{"name":"(anonymous_1)","decl":{"start":{"line":11,"column":4},"end":{"line":11,"column":5}},"loc":{"start":{"line":11,"column":29},"end":{"line":24,"column":5}},"line":11},"2":{"name":"(anonymous_2)","decl":{"start":{"line":82,"column":20},"end":{"line":82,"column":21}},"loc":{"start":{"line":82,"column":30},"end":{"line":84,"column":3}},"line":82}},"branchMap":{},"s":{"0":1,"1":1,"2":1,"3":1,"4":1,"5":1,"6":1,"7":1,"8":1,"9":1,"10":14,"11":1},"f":{"0":1,"1":1,"2":14},"b":{},"_coverageSchema":"1a1c01bbd47fc00a2c39e90264f33305004495a9","hash":"fe4c563c4c8513445d024f94d34be99ec096b34a"}
,"C:\\Users\\eki\\OneDrive\\文档\\Hacktiv8\\3-phase2\\IP-HCK88\\server\\routes\\customer.js": {"path":"C:\\Users\\eki\\OneDrive\\文档\\Hacktiv8\\3-phase2\\IP-HCK88\\server\\routes\\customer.js","statementMap":{"0":{"start":{"line":1,"column":16},"end":{"line":1,"column":34}},"1":{"start":{"line":2,"column":15},"end":{"line":2,"column":31}},"2":{"start":{"line":3,"column":27},"end":{"line":3,"column":71}},"3":{"start":{"line":4,"column":23},"end":{"line":4,"column":62}},"4":{"start":{"line":5,"column":18},"end":{"line":5,"column":56}},"5":{"start":{"line":8,"column":0},"end":{"line":8,"column":27}},"6":{"start":{"line":9,"column":0},"end":{"line":9,"column":34}},"7":{"start":{"line":12,"column":0},"end":{"line":12,"column":68}},"8":{"start":{"line":15,"column":0},"end":{"line":15,"column":68}},"9":{"start":{"line":18,"column":0},"end":{"line":18,"column":80}},"10":{"start":{"line":21,"column":0},"end":{"line":21,"column":59}},"11":{"start":{"line":23,"column":0},"end":{"line":23,"column":24}}},"fnMap":{},"branchMap":{},"s":{"0":1,"1":1,"2":1,"3":1,"4":1,"5":1,"6":1,"7":1,"8":1,"9":1,"10":1,"11":1},"f":{},"b":{},"_coverageSchema":"1a1c01bbd47fc00a2c39e90264f33305004495a9","hash":"31b6c676e054c0232aeebe5436628587040cbd66"}
,"C:\\Users\\eki\\OneDrive\\文档\\Hacktiv8\\3-phase2\\IP-HCK88\\server\\routes\\payment.js": {"path":"C:\\Users\\eki\\OneDrive\\文档\\Hacktiv8\\3-phase2\\IP-HCK88\\server\\routes\\payment.js","statementMap":{"0":{"start":{"line":1,"column":16},"end":{"line":1,"column":34}},"1":{"start":{"line":2,"column":15},"end":{"line":2,"column":31}},"2":{"start":{"line":3,"column":26},"end":{"line":3,"column":69}},"3":{"start":{"line":6,"column":0},"end":{"line":6,"column":75}},"4":{"start":{"line":9,"column":0},"end":{"line":9,"column":77}},"5":{"start":{"line":11,"column":0},"end":{"line":11,"column":24}}},"fnMap":{},"branchMap":{},"s":{"0":1,"1":1,"2":1,"3":1,"4":1,"5":1},"f":{},"b":{},"_coverageSchema":"1a1c01bbd47fc00a2c39e90264f33305004495a9","hash":"13931b42d4d20970ed6dd3e525cb920eb166ffe1"}
,"C:\\Users\\eki\\OneDrive\\文档\\Hacktiv8\\3-phase2\\IP-HCK88\\server\\routes\\staff.js": {"path":"C:\\Users\\eki\\OneDrive\\文档\\Hacktiv8\\3-phase2\\IP-HCK88\\server\\routes\\staff.js","statementMap":{"0":{"start":{"line":1,"column":16},"end":{"line":1,"column":34}},"1":{"start":{"line":2,"column":15},"end":{"line":2,"column":31}},"2":{"start":{"line":3,"column":24},"end":{"line":3,"column":65}},"3":{"start":{"line":4,"column":23},"end":{"line":4,"column":62}},"4":{"start":{"line":5,"column":18},"end":{"line":5,"column":56}},"5":{"start":{"line":8,"column":0},"end":{"line":8,"column":27}},"6":{"start":{"line":9,"column":0},"end":{"line":9,"column":31}},"7":{"start":{"line":12,"column":0},"end":{"line":12,"column":52}},"8":{"start":{"line":15,"column":0},"end":{"line":15,"column":56}},"9":{"start":{"line":18,"column":0},"end":{"line":18,"column":58}},"10":{"start":{"line":19,"column":0},"end":{"line":19,"column":74}},"11":{"start":{"line":20,"column":0},"end":{"line":20,"column":68}},"12":{"start":{"line":23,"column":0},"end":{"line":23,"column":63}},"13":{"start":{"line":24,"column":0},"end":{"line":24,"column":76}},"14":{"start":{"line":25,"column":0},"end":{"line":28,"column":2}},"15":{"start":{"line":29,"column":0},"end":{"line":29,"column":77}},"16":{"start":{"line":32,"column":0},"end":{"line":32,"column":58}},"17":{"start":{"line":35,"column":0},"end":{"line":35,"column":52}},"18":{"start":{"line":37,"column":0},"end":{"line":37,"column":24}}},"fnMap":{},"branchMap":{},"s":{"0":1,"1":1,"2":1,"3":1,"4":1,"5":1,"6":1,"7":1,"8":1,"9":1,"10":1,"11":1,"12":1,"13":1,"14":1,"15":1,"16":1,"17":1,"18":1},"f":{},"b":{},"_coverageSchema":"1a1c01bbd47fc00a2c39e90264f33305004495a9","hash":"014190cb4830489fe80fbc7c832c27a7e8229db5"}
}
