{"C:\\Users\\eki\\OneDrive\\文档\\Hacktiv8\\3-phase2\\IP-HCK88\\server\\app.js": {"path":"C:\\Users\\eki\\OneDrive\\文档\\Hacktiv8\\3-phase2\\IP-HCK88\\server\\app.js","statementMap":{"0":{"start":{"line":1,"column":0},"end":{"line":1,"column":27}},"1":{"start":{"line":2,"column":16},"end":{"line":2,"column":34}},"2":{"start":{"line":3,"column":12},"end":{"line":3,"column":21}},"3":{"start":{"line":4,"column":13},"end":{"line":4,"column":17}},"4":{"start":{"line":5,"column":13},"end":{"line":5,"column":28}},"5":{"start":{"line":6,"column":23},"end":{"line":6,"column":62}},"6":{"start":{"line":8,"column":23},"end":{"line":8,"column":51}},"7":{"start":{"line":9,"column":20},"end":{"line":9,"column":45}},"8":{"start":{"line":10,"column":22},"end":{"line":10,"column":49}},"9":{"start":{"line":12,"column":0},"end":{"line":12,"column":16}},"10":{"start":{"line":13,"column":0},"end":{"line":13,"column":24}},"11":{"start":{"line":14,"column":0},"end":{"line":14,"column":48}},"12":{"start":{"line":16,"column":0},"end":{"line":16,"column":34}},"13":{"start":{"line":17,"column":0},"end":{"line":17,"column":47}},"14":{"start":{"line":18,"column":0},"end":{"line":18,"column":41}},"15":{"start":{"line":19,"column":0},"end":{"line":19,"column":54}},"16":{"start":{"line":22,"column":0},"end":{"line":22,"column":28}},"17":{"start":{"line":27,"column":0},"end":{"line":41,"column":3}},"18":{"start":{"line":28,"column":21},"end":{"line":28,"column":30}},"19":{"start":{"line":30,"column":2},"end":{"line":32,"column":3}},"20":{"start":{"line":31,"column":4},"end":{"line":31,"column":65}},"21":{"start":{"line":34,"column":2},"end":{"line":40,"column":3}},"22":{"start":{"line":35,"column":38},"end":{"line":35,"column":69}},"23":{"start":{"line":36,"column":26},"end":{"line":36,"column":61}},"24":{"start":{"line":37,"column":4},"end":{"line":37,"column":32}},"25":{"start":{"line":39,"column":4},"end":{"line":39,"column":66}},"26":{"start":{"line":43,"column":0},"end":{"line":140,"column":3}},"27":{"start":{"line":44,"column":2},"end":{"line":139,"column":3}},"28":{"start":{"line":46,"column":21},"end":{"line":46,"column":47}},"29":{"start":{"line":49,"column":24},"end":{"line":49,"column":45}},"30":{"start":{"line":53,"column":4},"end":{"line":63,"column":5}},"31":{"start":{"line":54,"column":6},"end":{"line":54,"column":25}},"32":{"start":{"line":55,"column":6},"end":{"line":55,"column":61}},"33":{"start":{"line":56,"column":11},"end":{"line":63,"column":5}},"34":{"start":{"line":57,"column":6},"end":{"line":57,"column":26}},"35":{"start":{"line":58,"column":6},"end":{"line":59,"column":69}},"36":{"start":{"line":61,"column":6},"end":{"line":61,"column":26}},"37":{"start":{"line":62,"column":6},"end":{"line":62,"column":75}},"38":{"start":{"line":66,"column":24},"end":{"line":68,"column":17}},"39":{"start":{"line":67,"column":21},"end":{"line":67,"column":74}},"40":{"start":{"line":70,"column":19},"end":{"line":88,"column":2}},"41":{"start":{"line":90,"column":38},"end":{"line":90,"column":69}},"42":{"start":{"line":91,"column":23},"end":{"line":91,"column":58}},"43":{"start":{"line":94,"column":22},"end":{"line":94,"column":53}},"44":{"start":{"line":95,"column":4},"end":{"line":136,"column":5}},"45":{"start":{"line":96,"column":32},"end":{"line":96,"column":56}},"46":{"start":{"line":99,"column":30},"end":{"line":121,"column":40}},"47":{"start":{"line":101,"column":26},"end":{"line":101,"column":67}},"48":{"start":{"line":101,"column":47},"end":{"line":101,"column":66}},"49":{"start":{"line":102,"column":10},"end":{"line":118,"column":11}},"50":{"start":{"line":103,"column":12},"end":{"line":117,"column":14}},"51":{"start":{"line":119,"column":10},"end":{"line":119,"column":22}},"52":{"start":{"line":121,"column":26},"end":{"line":121,"column":39}},"53":{"start":{"line":123,"column":6},"end":{"line":123,"column":32}},"54":{"start":{"line":126,"column":31},"end":{"line":133,"column":9}},"55":{"start":{"line":126,"column":71},"end":{"line":133,"column":7}},"56":{"start":{"line":135,"column":6},"end":{"line":135,"column":33}},"57":{"start":{"line":138,"column":4},"end":{"line":138,"column":74}},"58":{"start":{"line":144,"column":0},"end":{"line":144,"column":31}},"59":{"start":{"line":147,"column":0},"end":{"line":147,"column":29}},"60":{"start":{"line":150,"column":0},"end":{"line":169,"column":3}},"61":{"start":{"line":151,"column":15},"end":{"line":151,"column":32}},"62":{"start":{"line":152,"column":16},"end":{"line":152,"column":54}},"63":{"start":{"line":154,"column":2},"end":{"line":166,"column":3}},"64":{"start":{"line":158,"column":4},"end":{"line":158,"column":17}},"65":{"start":{"line":159,"column":4},"end":{"line":159,"column":58}},"66":{"start":{"line":159,"column":36},"end":{"line":159,"column":45}},"67":{"start":{"line":160,"column":9},"end":{"line":166,"column":3}},"68":{"start":{"line":161,"column":4},"end":{"line":161,"column":17}},"69":{"start":{"line":162,"column":9},"end":{"line":166,"column":3}},"70":{"start":{"line":163,"column":4},"end":{"line":163,"column":17}},"71":{"start":{"line":164,"column":9},"end":{"line":166,"column":3}},"72":{"start":{"line":165,"column":4},"end":{"line":165,"column":17}},"73":{"start":{"line":168,"column":2},"end":{"line":168,"column":46}},"74":{"start":{"line":172,"column":0},"end":{"line":172,"column":21}},"75":{"start":{"line":175,"column":0},"end":{"line":179,"column":1}},"76":{"start":{"line":176,"column":2},"end":{"line":178,"column":5}},"77":{"start":{"line":177,"column":4},"end":{"line":177,"column":57}}},"fnMap":{"0":{"name":"(anonymous_0)","decl":{"start":{"line":27,"column":21},"end":{"line":27,"column":22}},"loc":{"start":{"line":27,"column":41},"end":{"line":41,"column":1}},"line":27},"1":{"name":"(anonymous_1)","decl":{"start":{"line":43,"column":28},"end":{"line":43,"column":29}},"loc":{"start":{"line":43,"column":48},"end":{"line":140,"column":1}},"line":43},"2":{"name":"(anonymous_2)","decl":{"start":{"line":67,"column":11},"end":{"line":67,"column":12}},"loc":{"start":{"line":67,"column":21},"end":{"line":67,"column":74}},"line":67},"3":{"name":"(anonymous_3)","decl":{"start":{"line":100,"column":13},"end":{"line":100,"column":14}},"loc":{"start":{"line":100,"column":29},"end":{"line":120,"column":9}},"line":100},"4":{"name":"(anonymous_4)","decl":{"start":{"line":101,"column":40},"end":{"line":101,"column":41}},"loc":{"start":{"line":101,"column":47},"end":{"line":101,"column":66}},"line":101},"5":{"name":"(anonymous_5)","decl":{"start":{"line":121,"column":16},"end":{"line":121,"column":17}},"loc":{"start":{"line":121,"column":26},"end":{"line":121,"column":39}},"line":121},"6":{"name":"(anonymous_6)","decl":{"start":{"line":126,"column":56},"end":{"line":126,"column":57}},"loc":{"start":{"line":126,"column":71},"end":{"line":133,"column":7}},"line":126},"7":{"name":"(anonymous_7)","decl":{"start":{"line":150,"column":8},"end":{"line":150,"column":9}},"loc":{"start":{"line":150,"column":33},"end":{"line":169,"column":1}},"line":150},"8":{"name":"(anonymous_8)","decl":{"start":{"line":159,"column":29},"end":{"line":159,"column":30}},"loc":{"start":{"line":159,"column":36},"end":{"line":159,"column":45}},"line":159},"9":{"name":"(anonymous_9)","decl":{"start":{"line":176,"column":19},"end":{"line":176,"column":20}},"loc":{"start":{"line":176,"column":25},"end":{"line":178,"column":3}},"line":176}},"branchMap":{"0":{"loc":{"start":{"line":30,"column":2},"end":{"line":32,"column":3}},"type":"if","locations":[{"start":{"line":30,"column":2},"end":{"line":32,"column":3}},{"start":{},"end":{}}],"line":30},"1":{"loc":{"start":{"line":53,"column":4},"end":{"line":63,"column":5}},"type":"if","locations":[{"start":{"line":53,"column":4},"end":{"line":63,"column":5}},{"start":{"line":56,"column":11},"end":{"line":63,"column":5}}],"line":53},"2":{"loc":{"start":{"line":53,"column":8},"end":{"line":53,"column":44}},"type":"binary-expr","locations":[{"start":{"line":53,"column":8},"end":{"line":53,"column":24}},{"start":{"line":53,"column":28},"end":{"line":53,"column":44}}],"line":53},"3":{"loc":{"start":{"line":56,"column":11},"end":{"line":63,"column":5}},"type":"if","locations":[{"start":{"line":56,"column":11},"end":{"line":63,"column":5}},{"start":{"line":60,"column":11},"end":{"line":63,"column":5}}],"line":56},"4":{"loc":{"start":{"line":56,"column":15},"end":{"line":56,"column":52}},"type":"binary-expr","locations":[{"start":{"line":56,"column":15},"end":{"line":56,"column":32}},{"start":{"line":56,"column":36},"end":{"line":56,"column":52}}],"line":56},"5":{"loc":{"start":{"line":95,"column":4},"end":{"line":136,"column":5}},"type":"if","locations":[{"start":{"line":95,"column":4},"end":{"line":136,"column":5}},{"start":{"line":124,"column":11},"end":{"line":136,"column":5}}],"line":95},"6":{"loc":{"start":{"line":102,"column":10},"end":{"line":118,"column":11}},"type":"if","locations":[{"start":{"line":102,"column":10},"end":{"line":118,"column":11}},{"start":{},"end":{}}],"line":102},"7":{"loc":{"start":{"line":108,"column":24},"end":{"line":115,"column":26}},"type":"cond-expr","locations":[{"start":{"line":109,"column":18},"end":{"line":109,"column":31}},{"start":{"line":110,"column":18},"end":{"line":115,"column":26}}],"line":108},"8":{"loc":{"start":{"line":110,"column":18},"end":{"line":115,"column":26}},"type":"cond-expr","locations":[{"start":{"line":111,"column":18},"end":{"line":111,"column":25}},{"start":{"line":112,"column":18},"end":{"line":115,"column":26}}],"line":110},"9":{"loc":{"start":{"line":112,"column":18},"end":{"line":115,"column":26}},"type":"cond-expr","locations":[{"start":{"line":114,"column":18},"end":{"line":114,"column":24}},{"start":{"line":115,"column":18},"end":{"line":115,"column":26}}],"line":112},"10":{"loc":{"start":{"line":112,"column":18},"end":{"line":113,"column":47}},"type":"binary-expr","locations":[{"start":{"line":112,"column":18},"end":{"line":112,"column":52}},{"start":{"line":113,"column":18},"end":{"line":113,"column":47}}],"line":112},"11":{"loc":{"start":{"line":151,"column":15},"end":{"line":151,"column":32}},"type":"binary-expr","locations":[{"start":{"line":151,"column":15},"end":{"line":151,"column":25}},{"start":{"line":151,"column":29},"end":{"line":151,"column":32}}],"line":151},"12":{"loc":{"start":{"line":152,"column":16},"end":{"line":152,"column":54}},"type":"binary-expr","locations":[{"start":{"line":152,"column":16},"end":{"line":152,"column":27}},{"start":{"line":152,"column":31},"end":{"line":152,"column":54}}],"line":152},"13":{"loc":{"start":{"line":154,"column":2},"end":{"line":166,"column":3}},"type":"if","locations":[{"start":{"line":154,"column":2},"end":{"line":166,"column":3}},{"start":{"line":160,"column":9},"end":{"line":166,"column":3}}],"line":154},"14":{"loc":{"start":{"line":155,"column":4},"end":{"line":156,"column":49}},"type":"binary-expr","locations":[{"start":{"line":155,"column":4},"end":{"line":155,"column":43}},{"start":{"line":156,"column":4},"end":{"line":156,"column":49}}],"line":155},"15":{"loc":{"start":{"line":160,"column":9},"end":{"line":166,"column":3}},"type":"if","locations":[{"start":{"line":160,"column":9},"end":{"line":166,"column":3}},{"start":{"line":162,"column":9},"end":{"line":166,"column":3}}],"line":160},"16":{"loc":{"start":{"line":162,"column":9},"end":{"line":166,"column":3}},"type":"if","locations":[{"start":{"line":162,"column":9},"end":{"line":166,"column":3}},{"start":{"line":164,"column":9},"end":{"line":166,"column":3}}],"line":162},"17":{"loc":{"start":{"line":164,"column":9},"end":{"line":166,"column":3}},"type":"if","locations":[{"start":{"line":164,"column":9},"end":{"line":166,"column":3}},{"start":{},"end":{}}],"line":164},"18":{"loc":{"start":{"line":175,"column":0},"end":{"line":179,"column":1}},"type":"if","locations":[{"start":{"line":175,"column":0},"end":{"line":179,"column":1}},{"start":{},"end":{}}],"line":175}},"s":{"0":1,"1":1,"2":1,"3":1,"4":1,"5":1,"6":1,"7":1,"8":1,"9":1,"10":1,"11":1,"12":1,"13":1,"14":1,"15":1,"16":1,"17":1,"18":5,"19":5,"20":2,"21":3,"22":3,"23":3,"24":2,"25":1,"26":1,"27":13,"28":13,"29":13,"30":13,"31":9,"32":9,"33":4,"34":1,"35":1,"36":3,"37":3,"38":13,"39":130,"40":13,"41":13,"42":13,"43":12,"44":12,"45":5,"46":5,"47":11,"48":95,"49":11,"50":3,"51":8,"52":11,"53":5,"54":7,"55":21,"56":7,"57":1,"58":1,"59":1,"60":1,"61":25,"62":25,"63":25,"64":0,"65":0,"66":0,"67":25,"68":24,"69":1,"70":0,"71":1,"72":0,"73":25,"74":1,"75":1,"76":0,"77":0},"f":{"0":5,"1":13,"2":130,"3":11,"4":95,"5":11,"6":21,"7":25,"8":0,"9":0},"b":{"0":[2,3],"1":[9,4],"2":[13,11],"3":[1,3],"4":[4,2],"5":[5,7],"6":[3,8],"7":[0,3],"8":[0,3],"9":[1,2],"10":[3,2],"11":[25,25],"12":[25,0],"13":[0,25],"14":[25,25],"15":[24,1],"16":[0,1],"17":[0,1],"18":[0,1]},"_coverageSchema":"1a1c01bbd47fc00a2c39e90264f33305004495a9","hash":"9f14021c7a93c2be448f4964c3954eccbd428d3a"}
,"C:\\Users\\eki\\OneDrive\\文档\\Hacktiv8\\3-phase2\\IP-HCK88\\server\\controllers\\customerController.js": {"path":"C:\\Users\\eki\\OneDrive\\文档\\Hacktiv8\\3-phase2\\IP-HCK88\\server\\controllers\\customerController.js","statementMap":{"0":{"start":{"line":7,"column":4},"end":{"line":7,"column":24}},"1":{"start":{"line":11,"column":4},"end":{"line":11,"column":37}},"2":{"start":{"line":13,"column":0},"end":{"line":188,"column":2}},"3":{"start":{"line":15,"column":4},"end":{"line":48,"column":5}},"4":{"start":{"line":16,"column":27},"end":{"line":16,"column":35}},"5":{"start":{"line":18,"column":6},"end":{"line":23,"column":7}},"6":{"start":{"line":19,"column":8},"end":{"line":22,"column":11}},"7":{"start":{"line":25,"column":28},"end":{"line":27,"column":8}},"8":{"start":{"line":29,"column":6},"end":{"line":40,"column":7}},"9":{"start":{"line":30,"column":8},"end":{"line":34,"column":11}},"10":{"start":{"line":36,"column":8},"end":{"line":39,"column":11}},"11":{"start":{"line":42,"column":6},"end":{"line":45,"column":9}},"12":{"start":{"line":47,"column":6},"end":{"line":47,"column":18}},"13":{"start":{"line":52,"column":4},"end":{"line":116,"column":5}},"14":{"start":{"line":53,"column":30},"end":{"line":55,"column":8}},"15":{"start":{"line":57,"column":6},"end":{"line":66,"column":7}},"16":{"start":{"line":62,"column":8},"end":{"line":65,"column":11}},"17":{"start":{"line":68,"column":26},"end":{"line":76,"column":8}},"18":{"start":{"line":78,"column":6},"end":{"line":83,"column":7}},"19":{"start":{"line":79,"column":8},"end":{"line":82,"column":11}},"20":{"start":{"line":84,"column":32},"end":{"line":104,"column":48}},"21":{"start":{"line":85,"column":27},"end":{"line":85,"column":65}},"22":{"start":{"line":87,"column":27},"end":{"line":92,"column":11}},"23":{"start":{"line":94,"column":10},"end":{"line":102,"column":12}},"24":{"start":{"line":104,"column":24},"end":{"line":104,"column":47}},"25":{"start":{"line":106,"column":6},"end":{"line":113,"column":9}},"26":{"start":{"line":115,"column":6},"end":{"line":115,"column":18}},"27":{"start":{"line":120,"column":4},"end":{"line":171,"column":5}},"28":{"start":{"line":121,"column":26},"end":{"line":121,"column":36}},"29":{"start":{"line":122,"column":27},"end":{"line":130,"column":8}},"30":{"start":{"line":132,"column":6},"end":{"line":136,"column":7}},"31":{"start":{"line":133,"column":8},"end":{"line":135,"column":11}},"32":{"start":{"line":137,"column":24},"end":{"line":145,"column":8}},"33":{"start":{"line":147,"column":33},"end":{"line":154,"column":9}},"34":{"start":{"line":147,"column":58},"end":{"line":154,"column":7}},"35":{"start":{"line":156,"column":6},"end":{"line":168,"column":9}},"36":{"start":{"line":170,"column":6},"end":{"line":170,"column":18}},"37":{"start":{"line":175,"column":4},"end":{"line":186,"column":5}},"38":{"start":{"line":176,"column":23},"end":{"line":178,"column":8}},"39":{"start":{"line":180,"column":6},"end":{"line":183,"column":9}},"40":{"start":{"line":185,"column":6},"end":{"line":185,"column":18}}},"fnMap":{"0":{"name":"(anonymous_0)","decl":{"start":{"line":14,"column":2},"end":{"line":14,"column":3}},"loc":{"start":{"line":14,"column":46},"end":{"line":49,"column":3}},"line":14},"1":{"name":"(anonymous_1)","decl":{"start":{"line":51,"column":2},"end":{"line":51,"column":3}},"loc":{"start":{"line":51,"column":49},"end":{"line":117,"column":3}},"line":51},"2":{"name":"(anonymous_2)","decl":{"start":{"line":85,"column":16},"end":{"line":85,"column":17}},"loc":{"start":{"line":85,"column":27},"end":{"line":85,"column":65}},"line":85},"3":{"name":"(anonymous_3)","decl":{"start":{"line":86,"column":13},"end":{"line":86,"column":14}},"loc":{"start":{"line":86,"column":24},"end":{"line":103,"column":9}},"line":86},"4":{"name":"(anonymous_4)","decl":{"start":{"line":104,"column":14},"end":{"line":104,"column":15}},"loc":{"start":{"line":104,"column":24},"end":{"line":104,"column":47}},"line":104},"5":{"name":"(anonymous_5)","decl":{"start":{"line":119,"column":2},"end":{"line":119,"column":3}},"loc":{"start":{"line":119,"column":50},"end":{"line":172,"column":3}},"line":119},"6":{"name":"(anonymous_6)","decl":{"start":{"line":147,"column":47},"end":{"line":147,"column":48}},"loc":{"start":{"line":147,"column":58},"end":{"line":154,"column":7}},"line":147},"7":{"name":"(anonymous_7)","decl":{"start":{"line":174,"column":2},"end":{"line":174,"column":3}},"loc":{"start":{"line":174,"column":46},"end":{"line":187,"column":3}},"line":174}},"branchMap":{"0":{"loc":{"start":{"line":18,"column":6},"end":{"line":23,"column":7}},"type":"if","locations":[{"start":{"line":18,"column":6},"end":{"line":23,"column":7}},{"start":{},"end":{}}],"line":18},"1":{"loc":{"start":{"line":29,"column":6},"end":{"line":40,"column":7}},"type":"if","locations":[{"start":{"line":29,"column":6},"end":{"line":40,"column":7}},{"start":{"line":35,"column":13},"end":{"line":40,"column":7}}],"line":29},"2":{"loc":{"start":{"line":57,"column":6},"end":{"line":66,"column":7}},"type":"if","locations":[{"start":{"line":57,"column":6},"end":{"line":66,"column":7}},{"start":{},"end":{}}],"line":57},"3":{"loc":{"start":{"line":58,"column":8},"end":{"line":60,"column":36}},"type":"binary-expr","locations":[{"start":{"line":58,"column":8},"end":{"line":58,"column":24}},{"start":{"line":59,"column":8},"end":{"line":59,"column":36}},{"start":{"line":60,"column":8},"end":{"line":60,"column":36}}],"line":58},"4":{"loc":{"start":{"line":78,"column":6},"end":{"line":83,"column":7}},"type":"if","locations":[{"start":{"line":78,"column":6},"end":{"line":83,"column":7}},{"start":{},"end":{}}],"line":78},"5":{"loc":{"start":{"line":85,"column":27},"end":{"line":85,"column":65}},"type":"binary-expr","locations":[{"start":{"line":85,"column":27},"end":{"line":85,"column":44}},{"start":{"line":85,"column":48},"end":{"line":85,"column":65}}],"line":85},"6":{"loc":{"start":{"line":96,"column":23},"end":{"line":96,"column":52}},"type":"binary-expr","locations":[{"start":{"line":96,"column":23},"end":{"line":96,"column":39}},{"start":{"line":96,"column":43},"end":{"line":96,"column":52}}],"line":96},"7":{"loc":{"start":{"line":97,"column":24},"end":{"line":97,"column":47}},"type":"binary-expr","locations":[{"start":{"line":97,"column":24},"end":{"line":97,"column":41}},{"start":{"line":97,"column":45},"end":{"line":97,"column":47}}],"line":97},"8":{"loc":{"start":{"line":132,"column":6},"end":{"line":136,"column":7}},"type":"if","locations":[{"start":{"line":132,"column":6},"end":{"line":136,"column":7}},{"start":{},"end":{}}],"line":132}},"s":{"0":1,"1":1,"2":1,"3":6,"4":6,"5":6,"6":1,"7":5,"8":5,"9":2,"10":3,"11":5,"12":0,"13":6,"14":6,"15":6,"16":3,"17":3,"18":3,"19":0,"20":3,"21":6,"22":5,"23":5,"24":2,"25":3,"26":0,"27":5,"28":5,"29":5,"30":5,"31":2,"32":3,"33":3,"34":4,"35":3,"36":0,"37":3,"38":3,"39":3,"40":0},"f":{"0":6,"1":6,"2":6,"3":5,"4":2,"5":5,"6":4,"7":3},"b":{"0":[1,5],"1":[2,3],"2":[3,3],"3":[6,3,3],"4":[0,3],"5":[6,5],"6":[5,0],"7":[5,0],"8":[2,3]},"_coverageSchema":"1a1c01bbd47fc00a2c39e90264f33305004495a9","hash":"74677f60c8efb9cc1e3f3b10c6b01b5026f20352"}
,"C:\\Users\\eki\\OneDrive\\文档\\Hacktiv8\\3-phase2\\IP-HCK88\\server\\controllers\\paymentController.js": {"path":"C:\\Users\\eki\\OneDrive\\文档\\Hacktiv8\\3-phase2\\IP-HCK88\\server\\controllers\\paymentController.js","statementMap":{"0":{"start":{"line":6,"column":4},"end":{"line":6,"column":24}},"1":{"start":{"line":10,"column":4},"end":{"line":10,"column":34}},"2":{"start":{"line":12,"column":0},"end":{"line":123,"column":2}},"3":{"start":{"line":18,"column":4},"end":{"line":95,"column":5}},"4":{"start":{"line":19,"column":27},"end":{"line":19,"column":35}},"5":{"start":{"line":21,"column":22},"end":{"line":21,"column":51}},"6":{"start":{"line":22,"column":6},"end":{"line":26,"column":7}},"7":{"start":{"line":23,"column":8},"end":{"line":25,"column":11}},"8":{"start":{"line":34,"column":10},"end":{"line":34,"column":22}},"9":{"start":{"line":37,"column":26},"end":{"line":45,"column":8}},"10":{"start":{"line":47,"column":6},"end":{"line":51,"column":7}},"11":{"start":{"line":48,"column":8},"end":{"line":50,"column":11}},"12":{"start":{"line":53,"column":6},"end":{"line":88,"column":7}},"13":{"start":{"line":57,"column":8},"end":{"line":78,"column":9}},"14":{"start":{"line":58,"column":10},"end":{"line":61,"column":13}},"15":{"start":{"line":63,"column":10},"end":{"line":75,"column":11}},"16":{"start":{"line":64,"column":30},"end":{"line":69,"column":14}},"17":{"start":{"line":71,"column":12},"end":{"line":74,"column":13}},"18":{"start":{"line":72,"column":31},"end":{"line":72,"column":62}},"19":{"start":{"line":73,"column":14},"end":{"line":73,"column":71}},"20":{"start":{"line":77,"column":10},"end":{"line":77,"column":60}},"21":{"start":{"line":79,"column":13},"end":{"line":88,"column":7}},"22":{"start":{"line":80,"column":8},"end":{"line":80,"column":56}},"23":{"start":{"line":81,"column":13},"end":{"line":88,"column":7}},"24":{"start":{"line":85,"column":8},"end":{"line":85,"column":58}},"25":{"start":{"line":86,"column":13},"end":{"line":88,"column":7}},"26":{"start":{"line":87,"column":8},"end":{"line":87,"column":56}},"27":{"start":{"line":90,"column":6},"end":{"line":92,"column":9}},"28":{"start":{"line":94,"column":6},"end":{"line":94,"column":18}},"29":{"start":{"line":99,"column":4},"end":{"line":121,"column":5}},"30":{"start":{"line":100,"column":26},"end":{"line":100,"column":36}},"31":{"start":{"line":102,"column":26},"end":{"line":104,"column":8}},"32":{"start":{"line":106,"column":6},"end":{"line":110,"column":7}},"33":{"start":{"line":107,"column":8},"end":{"line":109,"column":11}},"34":{"start":{"line":112,"column":29},"end":{"line":112,"column":66}},"35":{"start":{"line":114,"column":6},"end":{"line":118,"column":9}},"36":{"start":{"line":120,"column":6},"end":{"line":120,"column":18}}},"fnMap":{"0":{"name":"(anonymous_0)","decl":{"start":{"line":17,"column":2},"end":{"line":17,"column":3}},"loc":{"start":{"line":17,"column":50},"end":{"line":96,"column":3}},"line":17},"1":{"name":"(anonymous_1)","decl":{"start":{"line":98,"column":2},"end":{"line":98,"column":3}},"loc":{"start":{"line":98,"column":50},"end":{"line":122,"column":3}},"line":98}},"branchMap":{"0":{"loc":{"start":{"line":22,"column":6},"end":{"line":26,"column":7}},"type":"if","locations":[{"start":{"line":22,"column":6},"end":{"line":26,"column":7}},{"start":{},"end":{}}],"line":22},"1":{"loc":{"start":{"line":47,"column":6},"end":{"line":51,"column":7}},"type":"if","locations":[{"start":{"line":47,"column":6},"end":{"line":51,"column":7}},{"start":{},"end":{}}],"line":47},"2":{"loc":{"start":{"line":53,"column":6},"end":{"line":88,"column":7}},"type":"if","locations":[{"start":{"line":53,"column":6},"end":{"line":88,"column":7}},{"start":{"line":79,"column":13},"end":{"line":88,"column":7}}],"line":53},"3":{"loc":{"start":{"line":54,"column":8},"end":{"line":55,"column":43}},"type":"binary-expr","locations":[{"start":{"line":54,"column":8},"end":{"line":54,"column":40}},{"start":{"line":55,"column":8},"end":{"line":55,"column":43}}],"line":54},"4":{"loc":{"start":{"line":57,"column":8},"end":{"line":78,"column":9}},"type":"if","locations":[{"start":{"line":57,"column":8},"end":{"line":78,"column":9}},{"start":{},"end":{}}],"line":57},"5":{"loc":{"start":{"line":57,"column":12},"end":{"line":57,"column":54}},"type":"binary-expr","locations":[{"start":{"line":57,"column":12},"end":{"line":57,"column":37}},{"start":{"line":57,"column":41},"end":{"line":57,"column":54}}],"line":57},"6":{"loc":{"start":{"line":60,"column":29},"end":{"line":60,"column":64}},"type":"binary-expr","locations":[{"start":{"line":60,"column":29},"end":{"line":60,"column":44}},{"start":{"line":60,"column":48},"end":{"line":60,"column":64}}],"line":60},"7":{"loc":{"start":{"line":71,"column":12},"end":{"line":74,"column":13}},"type":"if","locations":[{"start":{"line":71,"column":12},"end":{"line":74,"column":13}},{"start":{},"end":{}}],"line":71},"8":{"loc":{"start":{"line":79,"column":13},"end":{"line":88,"column":7}},"type":"if","locations":[{"start":{"line":79,"column":13},"end":{"line":88,"column":7}},{"start":{"line":81,"column":13},"end":{"line":88,"column":7}}],"line":79},"9":{"loc":{"start":{"line":81,"column":13},"end":{"line":88,"column":7}},"type":"if","locations":[{"start":{"line":81,"column":13},"end":{"line":88,"column":7}},{"start":{"line":86,"column":13},"end":{"line":88,"column":7}}],"line":81},"10":{"loc":{"start":{"line":82,"column":8},"end":{"line":83,"column":39}},"type":"binary-expr","locations":[{"start":{"line":82,"column":8},"end":{"line":82,"column":37}},{"start":{"line":83,"column":8},"end":{"line":83,"column":39}}],"line":82},"11":{"loc":{"start":{"line":86,"column":13},"end":{"line":88,"column":7}},"type":"if","locations":[{"start":{"line":86,"column":13},"end":{"line":88,"column":7}},{"start":{},"end":{}}],"line":86},"12":{"loc":{"start":{"line":106,"column":6},"end":{"line":110,"column":7}},"type":"if","locations":[{"start":{"line":106,"column":6},"end":{"line":110,"column":7}},{"start":{},"end":{}}],"line":106}},"s":{"0":1,"1":1,"2":1,"3":13,"4":13,"5":13,"6":13,"7":2,"8":11,"9":11,"10":11,"11":1,"12":10,"13":4,"14":3,"15":3,"16":0,"17":0,"18":0,"19":0,"20":3,"21":6,"22":1,"23":5,"24":3,"25":2,"26":2,"27":10,"28":0,"29":3,"30":3,"31":3,"32":3,"33":2,"34":1,"35":1,"36":0},"f":{"0":13,"1":3},"b":{"0":[2,11],"1":[1,10],"2":[4,6],"3":[10,8],"4":[3,1],"5":[4,1],"6":[3,1],"7":[0,0],"8":[1,5],"9":[3,2],"10":[5,4],"11":[2,0],"12":[2,1]},"_coverageSchema":"1a1c01bbd47fc00a2c39e90264f33305004495a9","hash":"6a8e020b4970697a83fb93b096d6b32ca3b803b4"}
,"C:\\Users\\eki\\OneDrive\\文档\\Hacktiv8\\3-phase2\\IP-HCK88\\server\\controllers\\staffController.js": {"path":"C:\\Users\\eki\\OneDrive\\文档\\Hacktiv8\\3-phase2\\IP-HCK88\\server\\controllers\\staffController.js","statementMap":{"0":{"start":{"line":10,"column":4},"end":{"line":10,"column":24}},"1":{"start":{"line":11,"column":32},"end":{"line":11,"column":65}},"2":{"start":{"line":16,"column":4},"end":{"line":16,"column":34}},"3":{"start":{"line":18,"column":0},"end":{"line":794,"column":2}},"4":{"start":{"line":20,"column":4},"end":{"line":50,"column":5}},"5":{"start":{"line":21,"column":27},"end":{"line":21,"column":35}},"6":{"start":{"line":23,"column":6},"end":{"line":27,"column":7}},"7":{"start":{"line":24,"column":8},"end":{"line":26,"column":11}},"8":{"start":{"line":29,"column":25},"end":{"line":31,"column":8}},"9":{"start":{"line":33,"column":6},"end":{"line":40,"column":7}},"10":{"start":{"line":34,"column":8},"end":{"line":37,"column":11}},"11":{"start":{"line":39,"column":8},"end":{"line":39,"column":58}},"12":{"start":{"line":42,"column":6},"end":{"line":47,"column":9}},"13":{"start":{"line":49,"column":6},"end":{"line":49,"column":18}},"14":{"start":{"line":54,"column":4},"end":{"line":87,"column":5}},"15":{"start":{"line":55,"column":27},"end":{"line":55,"column":35}},"16":{"start":{"line":57,"column":6},"end":{"line":62,"column":7}},"17":{"start":{"line":58,"column":8},"end":{"line":61,"column":11}},"18":{"start":{"line":64,"column":25},"end":{"line":66,"column":8}},"19":{"start":{"line":68,"column":6},"end":{"line":79,"column":7}},"20":{"start":{"line":69,"column":8},"end":{"line":73,"column":11}},"21":{"start":{"line":75,"column":8},"end":{"line":78,"column":11}},"22":{"start":{"line":81,"column":6},"end":{"line":84,"column":9}},"23":{"start":{"line":86,"column":6},"end":{"line":86,"column":18}},"24":{"start":{"line":91,"column":4},"end":{"line":120,"column":5}},"25":{"start":{"line":92,"column":24},"end":{"line":101,"column":8}},"26":{"start":{"line":103,"column":33},"end":{"line":111,"column":9}},"27":{"start":{"line":103,"column":58},"end":{"line":111,"column":7}},"28":{"start":{"line":113,"column":6},"end":{"line":117,"column":9}},"29":{"start":{"line":119,"column":6},"end":{"line":119,"column":18}},"30":{"start":{"line":124,"column":4},"end":{"line":196,"column":5}},"31":{"start":{"line":125,"column":28},"end":{"line":125,"column":38}},"32":{"start":{"line":126,"column":24},"end":{"line":126,"column":32}},"33":{"start":{"line":128,"column":6},"end":{"line":132,"column":7}},"34":{"start":{"line":129,"column":8},"end":{"line":131,"column":11}},"35":{"start":{"line":134,"column":20},"end":{"line":134,"column":52}},"36":{"start":{"line":135,"column":6},"end":{"line":139,"column":7}},"37":{"start":{"line":136,"column":8},"end":{"line":138,"column":11}},"38":{"start":{"line":140,"column":25},"end":{"line":142,"column":8}},"39":{"start":{"line":144,"column":6},"end":{"line":151,"column":7}},"40":{"start":{"line":145,"column":8},"end":{"line":150,"column":11}},"41":{"start":{"line":152,"column":22},"end":{"line":152,"column":55}},"42":{"start":{"line":153,"column":6},"end":{"line":157,"column":7}},"43":{"start":{"line":154,"column":8},"end":{"line":156,"column":11}},"44":{"start":{"line":159,"column":22},"end":{"line":164,"column":8}},"45":{"start":{"line":166,"column":6},"end":{"line":174,"column":7}},"46":{"start":{"line":167,"column":8},"end":{"line":171,"column":11}},"47":{"start":{"line":173,"column":8},"end":{"line":173,"column":49}},"48":{"start":{"line":176,"column":31},"end":{"line":183,"column":8}},"49":{"start":{"line":185,"column":6},"end":{"line":193,"column":9}},"50":{"start":{"line":195,"column":6},"end":{"line":195,"column":18}},"51":{"start":{"line":200,"column":4},"end":{"line":235,"column":5}},"52":{"start":{"line":201,"column":28},"end":{"line":201,"column":38}},"53":{"start":{"line":203,"column":24},"end":{"line":214,"column":8}},"54":{"start":{"line":216,"column":6},"end":{"line":220,"column":7}},"55":{"start":{"line":217,"column":8},"end":{"line":219,"column":11}},"56":{"start":{"line":222,"column":26},"end":{"line":222,"column":49}},"57":{"start":{"line":224,"column":6},"end":{"line":224,"column":32}},"58":{"start":{"line":226,"column":6},"end":{"line":232,"column":9}},"59":{"start":{"line":234,"column":6},"end":{"line":234,"column":18}},"60":{"start":{"line":239,"column":4},"end":{"line":307,"column":5}},"61":{"start":{"line":240,"column":25},"end":{"line":240,"column":34}},"62":{"start":{"line":242,"column":26},"end":{"line":244,"column":7}},"63":{"start":{"line":246,"column":6},"end":{"line":248,"column":7}},"64":{"start":{"line":247,"column":8},"end":{"line":247,"column":36}},"65":{"start":{"line":250,"column":20},"end":{"line":269,"column":8}},"66":{"start":{"line":271,"column":29},"end":{"line":297,"column":8}},"67":{"start":{"line":272,"column":26},"end":{"line":272,"column":27}},"68":{"start":{"line":273,"column":22},"end":{"line":283,"column":10}},"69":{"start":{"line":274,"column":27},"end":{"line":274,"column":61}},"70":{"start":{"line":275,"column":10},"end":{"line":275,"column":34}},"71":{"start":{"line":276,"column":10},"end":{"line":282,"column":12}},"72":{"start":{"line":285,"column":8},"end":{"line":296,"column":10}},"73":{"start":{"line":299,"column":6},"end":{"line":304,"column":9}},"74":{"start":{"line":306,"column":6},"end":{"line":306,"column":18}},"75":{"start":{"line":311,"column":4},"end":{"line":445,"column":5}},"76":{"start":{"line":312,"column":24},"end":{"line":312,"column":32}},"77":{"start":{"line":314,"column":6},"end":{"line":318,"column":7}},"78":{"start":{"line":315,"column":8},"end":{"line":317,"column":11}},"79":{"start":{"line":319,"column":24},"end":{"line":319,"column":25}},"80":{"start":{"line":320,"column":31},"end":{"line":320,"column":33}},"81":{"start":{"line":321,"column":26},"end":{"line":321,"column":28}},"82":{"start":{"line":323,"column":6},"end":{"line":370,"column":7}},"83":{"start":{"line":324,"column":40},"end":{"line":324,"column":44}},"84":{"start":{"line":326,"column":8},"end":{"line":330,"column":9}},"85":{"start":{"line":327,"column":10},"end":{"line":329,"column":13}},"86":{"start":{"line":332,"column":24},"end":{"line":332,"column":57}},"87":{"start":{"line":333,"column":8},"end":{"line":337,"column":9}},"88":{"start":{"line":334,"column":10},"end":{"line":336,"column":13}},"89":{"start":{"line":339,"column":26},"end":{"line":344,"column":10}},"90":{"start":{"line":346,"column":8},"end":{"line":352,"column":9}},"91":{"start":{"line":347,"column":10},"end":{"line":351,"column":13}},"92":{"start":{"line":354,"column":25},"end":{"line":354,"column":49}},"93":{"start":{"line":355,"column":8},"end":{"line":355,"column":32}},"94":{"start":{"line":357,"column":8},"end":{"line":362,"column":11}},"95":{"start":{"line":364,"column":8},"end":{"line":369,"column":11}},"96":{"start":{"line":372,"column":22},"end":{"line":372,"column":50}},"97":{"start":{"line":374,"column":26},"end":{"line":379,"column":8}},"98":{"start":{"line":381,"column":6},"end":{"line":386,"column":7}},"99":{"start":{"line":382,"column":8},"end":{"line":385,"column":11}},"100":{"start":{"line":388,"column":6},"end":{"line":442,"column":7}},"101":{"start":{"line":389,"column":25},"end":{"line":393,"column":10}},"102":{"start":{"line":395,"column":8},"end":{"line":400,"column":11}},"103":{"start":{"line":402,"column":36},"end":{"line":414,"column":10}},"104":{"start":{"line":416,"column":8},"end":{"line":434,"column":11}},"105":{"start":{"line":426,"column":71},"end":{"line":432,"column":13}},"106":{"start":{"line":436,"column":8},"end":{"line":438,"column":11}},"107":{"start":{"line":439,"column":8},"end":{"line":439,"column":36}},"108":{"start":{"line":441,"column":8},"end":{"line":441,"column":77}},"109":{"start":{"line":444,"column":6},"end":{"line":444,"column":18}},"110":{"start":{"line":448,"column":4},"end":{"line":523,"column":5}},"111":{"start":{"line":449,"column":21},"end":{"line":449,"column":31}},"112":{"start":{"line":451,"column":26},"end":{"line":463,"column":8}},"113":{"start":{"line":465,"column":6},"end":{"line":469,"column":7}},"114":{"start":{"line":466,"column":8},"end":{"line":468,"column":11}},"115":{"start":{"line":471,"column":6},"end":{"line":475,"column":7}},"116":{"start":{"line":472,"column":8},"end":{"line":474,"column":11}},"117":{"start":{"line":477,"column":6},"end":{"line":501,"column":7}},"118":{"start":{"line":478,"column":8},"end":{"line":500,"column":34}},"119":{"start":{"line":479,"column":33},"end":{"line":481,"column":11}},"120":{"start":{"line":483,"column":10},"end":{"line":497,"column":11}},"121":{"start":{"line":487,"column":12},"end":{"line":492,"column":15}},"122":{"start":{"line":493,"column":17},"end":{"line":497,"column":11}},"123":{"start":{"line":494,"column":12},"end":{"line":494,"column":60}},"124":{"start":{"line":495,"column":17},"end":{"line":497,"column":11}},"125":{"start":{"line":496,"column":12},"end":{"line":496,"column":62}},"126":{"start":{"line":499,"column":10},"end":{"line":499,"column":37}},"127":{"start":{"line":503,"column":6},"end":{"line":520,"column":9}},"128":{"start":{"line":513,"column":61},"end":{"line":518,"column":11}},"129":{"start":{"line":522,"column":6},"end":{"line":522,"column":18}},"130":{"start":{"line":527,"column":4},"end":{"line":591,"column":5}},"131":{"start":{"line":528,"column":21},"end":{"line":528,"column":31}},"132":{"start":{"line":530,"column":26},"end":{"line":537,"column":8}},"133":{"start":{"line":539,"column":6},"end":{"line":543,"column":7}},"134":{"start":{"line":540,"column":8},"end":{"line":542,"column":11}},"135":{"start":{"line":545,"column":6},"end":{"line":549,"column":7}},"136":{"start":{"line":546,"column":8},"end":{"line":548,"column":11}},"137":{"start":{"line":550,"column":6},"end":{"line":554,"column":7}},"138":{"start":{"line":551,"column":8},"end":{"line":553,"column":11}},"139":{"start":{"line":556,"column":6},"end":{"line":562,"column":7}},"140":{"start":{"line":557,"column":8},"end":{"line":561,"column":11}},"141":{"start":{"line":564,"column":6},"end":{"line":576,"column":7}},"142":{"start":{"line":565,"column":26},"end":{"line":570,"column":10}},"143":{"start":{"line":572,"column":8},"end":{"line":575,"column":9}},"144":{"start":{"line":573,"column":27},"end":{"line":573,"column":58}},"145":{"start":{"line":574,"column":10},"end":{"line":574,"column":67}},"146":{"start":{"line":578,"column":6},"end":{"line":578,"column":56}},"147":{"start":{"line":580,"column":6},"end":{"line":588,"column":9}},"148":{"start":{"line":590,"column":6},"end":{"line":590,"column":18}},"149":{"start":{"line":595,"column":4},"end":{"line":666,"column":5}},"150":{"start":{"line":596,"column":24},"end":{"line":596,"column":32}},"151":{"start":{"line":598,"column":6},"end":{"line":602,"column":7}},"152":{"start":{"line":599,"column":8},"end":{"line":601,"column":11}},"153":{"start":{"line":604,"column":25},"end":{"line":606,"column":8}},"154":{"start":{"line":608,"column":6},"end":{"line":615,"column":7}},"155":{"start":{"line":609,"column":8},"end":{"line":614,"column":11}},"156":{"start":{"line":617,"column":31},"end":{"line":617,"column":33}},"157":{"start":{"line":619,"column":6},"end":{"line":657,"column":7}},"158":{"start":{"line":620,"column":37},"end":{"line":620,"column":41}},"159":{"start":{"line":622,"column":8},"end":{"line":626,"column":9}},"160":{"start":{"line":623,"column":10},"end":{"line":625,"column":13}},"161":{"start":{"line":628,"column":24},"end":{"line":628,"column":57}},"162":{"start":{"line":629,"column":8},"end":{"line":633,"column":9}},"163":{"start":{"line":630,"column":10},"end":{"line":632,"column":13}},"164":{"start":{"line":635,"column":24},"end":{"line":640,"column":10}},"165":{"start":{"line":642,"column":8},"end":{"line":650,"column":9}},"166":{"start":{"line":643,"column":10},"end":{"line":647,"column":13}},"167":{"start":{"line":649,"column":10},"end":{"line":649,"column":51}},"168":{"start":{"line":652,"column":8},"end":{"line":656,"column":11}},"169":{"start":{"line":659,"column":6},"end":{"line":663,"column":9}},"170":{"start":{"line":665,"column":6},"end":{"line":665,"column":18}},"171":{"start":{"line":670,"column":4},"end":{"line":749,"column":5}},"172":{"start":{"line":671,"column":20},"end":{"line":671,"column":30}},"173":{"start":{"line":672,"column":6},"end":{"line":672,"column":33}},"174":{"start":{"line":674,"column":27},"end":{"line":693,"column":8}},"175":{"start":{"line":695,"column":32},"end":{"line":695,"column":51}},"176":{"start":{"line":696,"column":36},"end":{"line":698,"column":7}},"177":{"start":{"line":697,"column":15},"end":{"line":697,"column":39}},"178":{"start":{"line":699,"column":31},"end":{"line":701,"column":7}},"179":{"start":{"line":700,"column":15},"end":{"line":700,"column":62}},"180":{"start":{"line":703,"column":27},"end":{"line":706,"column":7}},"181":{"start":{"line":704,"column":20},"end":{"line":704,"column":39}},"182":{"start":{"line":708,"column":27},"end":{"line":708,"column":29}},"183":{"start":{"line":709,"column":6},"end":{"line":722,"column":9}},"184":{"start":{"line":710,"column":8},"end":{"line":721,"column":11}},"185":{"start":{"line":711,"column":30},"end":{"line":711,"column":47}},"186":{"start":{"line":712,"column":10},"end":{"line":718,"column":11}},"187":{"start":{"line":713,"column":12},"end":{"line":717,"column":14}},"188":{"start":{"line":719,"column":10},"end":{"line":719,"column":66}},"189":{"start":{"line":720,"column":10},"end":{"line":720,"column":61}},"190":{"start":{"line":724,"column":6},"end":{"line":746,"column":9}},"191":{"start":{"line":732,"column":19},"end":{"line":732,"column":41}},"192":{"start":{"line":737,"column":47},"end":{"line":745,"column":9}},"193":{"start":{"line":748,"column":6},"end":{"line":748,"column":18}},"194":{"start":{"line":753,"column":4},"end":{"line":792,"column":5}},"195":{"start":{"line":754,"column":21},"end":{"line":754,"column":31}},"196":{"start":{"line":756,"column":26},"end":{"line":756,"column":56}},"197":{"start":{"line":758,"column":6},"end":{"line":762,"column":7}},"198":{"start":{"line":759,"column":8},"end":{"line":761,"column":11}},"199":{"start":{"line":764,"column":6},"end":{"line":768,"column":7}},"200":{"start":{"line":765,"column":8},"end":{"line":767,"column":11}},"201":{"start":{"line":770,"column":6},"end":{"line":774,"column":7}},"202":{"start":{"line":771,"column":8},"end":{"line":773,"column":11}},"203":{"start":{"line":776,"column":6},"end":{"line":779,"column":9}},"204":{"start":{"line":781,"column":6},"end":{"line":789,"column":9}},"205":{"start":{"line":791,"column":6},"end":{"line":791,"column":18}}},"fnMap":{"0":{"name":"(anonymous_0)","decl":{"start":{"line":19,"column":2},"end":{"line":19,"column":3}},"loc":{"start":{"line":19,"column":44},"end":{"line":51,"column":3}},"line":19},"1":{"name":"(anonymous_1)","decl":{"start":{"line":53,"column":2},"end":{"line":53,"column":3}},"loc":{"start":{"line":53,"column":46},"end":{"line":88,"column":3}},"line":53},"2":{"name":"(anonymous_2)","decl":{"start":{"line":90,"column":2},"end":{"line":90,"column":3}},"loc":{"start":{"line":90,"column":47},"end":{"line":121,"column":3}},"line":90},"3":{"name":"(anonymous_3)","decl":{"start":{"line":103,"column":47},"end":{"line":103,"column":48}},"loc":{"start":{"line":103,"column":58},"end":{"line":111,"column":7}},"line":103},"4":{"name":"(anonymous_4)","decl":{"start":{"line":123,"column":2},"end":{"line":123,"column":3}},"loc":{"start":{"line":123,"column":52},"end":{"line":197,"column":3}},"line":123},"5":{"name":"(anonymous_5)","decl":{"start":{"line":199,"column":2},"end":{"line":199,"column":3}},"loc":{"start":{"line":199,"column":51},"end":{"line":236,"column":3}},"line":199},"6":{"name":"(anonymous_6)","decl":{"start":{"line":238,"column":2},"end":{"line":238,"column":3}},"loc":{"start":{"line":238,"column":45},"end":{"line":308,"column":3}},"line":238},"7":{"name":"(anonymous_7)","decl":{"start":{"line":271,"column":39},"end":{"line":271,"column":40}},"loc":{"start":{"line":271,"column":49},"end":{"line":297,"column":7}},"line":271},"8":{"name":"(anonymous_8)","decl":{"start":{"line":273,"column":41},"end":{"line":273,"column":42}},"loc":{"start":{"line":273,"column":51},"end":{"line":283,"column":9}},"line":273},"9":{"name":"(anonymous_9)","decl":{"start":{"line":310,"column":2},"end":{"line":310,"column":3}},"loc":{"start":{"line":310,"column":49},"end":{"line":446,"column":3}},"line":310},"10":{"name":"(anonymous_10)","decl":{"start":{"line":426,"column":60},"end":{"line":426,"column":61}},"loc":{"start":{"line":426,"column":71},"end":{"line":432,"column":13}},"line":426},"11":{"name":"(anonymous_11)","decl":{"start":{"line":447,"column":2},"end":{"line":447,"column":3}},"loc":{"start":{"line":447,"column":52},"end":{"line":524,"column":3}},"line":447},"12":{"name":"(anonymous_12)","decl":{"start":{"line":513,"column":50},"end":{"line":513,"column":51}},"loc":{"start":{"line":513,"column":61},"end":{"line":518,"column":11}},"line":513},"13":{"name":"(anonymous_13)","decl":{"start":{"line":526,"column":2},"end":{"line":526,"column":3}},"loc":{"start":{"line":526,"column":51},"end":{"line":592,"column":3}},"line":526},"14":{"name":"(anonymous_14)","decl":{"start":{"line":594,"column":2},"end":{"line":594,"column":3}},"loc":{"start":{"line":594,"column":51},"end":{"line":667,"column":3}},"line":594},"15":{"name":"(anonymous_15)","decl":{"start":{"line":669,"column":2},"end":{"line":669,"column":3}},"loc":{"start":{"line":669,"column":45},"end":{"line":750,"column":3}},"line":669},"16":{"name":"(anonymous_16)","decl":{"start":{"line":697,"column":8},"end":{"line":697,"column":9}},"loc":{"start":{"line":697,"column":15},"end":{"line":697,"column":39}},"line":697},"17":{"name":"(anonymous_17)","decl":{"start":{"line":700,"column":8},"end":{"line":700,"column":9}},"loc":{"start":{"line":700,"column":15},"end":{"line":700,"column":62}},"line":700},"18":{"name":"(anonymous_18)","decl":{"start":{"line":704,"column":8},"end":{"line":704,"column":9}},"loc":{"start":{"line":704,"column":20},"end":{"line":704,"column":39}},"line":704},"19":{"name":"(anonymous_19)","decl":{"start":{"line":709,"column":36},"end":{"line":709,"column":37}},"loc":{"start":{"line":709,"column":53},"end":{"line":722,"column":7}},"line":709},"20":{"name":"(anonymous_20)","decl":{"start":{"line":710,"column":45},"end":{"line":710,"column":46}},"loc":{"start":{"line":710,"column":55},"end":{"line":721,"column":9}},"line":710},"21":{"name":"(anonymous_21)","decl":{"start":{"line":732,"column":12},"end":{"line":732,"column":13}},"loc":{"start":{"line":732,"column":19},"end":{"line":732,"column":41}},"line":732},"22":{"name":"(anonymous_22)","decl":{"start":{"line":737,"column":39},"end":{"line":737,"column":40}},"loc":{"start":{"line":737,"column":47},"end":{"line":745,"column":9}},"line":737},"23":{"name":"(anonymous_23)","decl":{"start":{"line":752,"column":2},"end":{"line":752,"column":3}},"loc":{"start":{"line":752,"column":47},"end":{"line":793,"column":3}},"line":752}},"branchMap":{"0":{"loc":{"start":{"line":23,"column":6},"end":{"line":27,"column":7}},"type":"if","locations":[{"start":{"line":23,"column":6},"end":{"line":27,"column":7}},{"start":{},"end":{}}],"line":23},"1":{"loc":{"start":{"line":33,"column":6},"end":{"line":40,"column":7}},"type":"if","locations":[{"start":{"line":33,"column":6},"end":{"line":40,"column":7}},{"start":{"line":38,"column":13},"end":{"line":40,"column":7}}],"line":33},"2":{"loc":{"start":{"line":44,"column":10},"end":{"line":44,"column":48}},"type":"cond-expr","locations":[{"start":{"line":44,"column":21},"end":{"line":44,"column":32}},{"start":{"line":44,"column":35},"end":{"line":44,"column":48}}],"line":44},"3":{"loc":{"start":{"line":57,"column":6},"end":{"line":62,"column":7}},"type":"if","locations":[{"start":{"line":57,"column":6},"end":{"line":62,"column":7}},{"start":{},"end":{}}],"line":57},"4":{"loc":{"start":{"line":68,"column":6},"end":{"line":79,"column":7}},"type":"if","locations":[{"start":{"line":68,"column":6},"end":{"line":79,"column":7}},{"start":{"line":74,"column":13},"end":{"line":79,"column":7}}],"line":68},"5":{"loc":{"start":{"line":128,"column":6},"end":{"line":132,"column":7}},"type":"if","locations":[{"start":{"line":128,"column":6},"end":{"line":132,"column":7}},{"start":{},"end":{}}],"line":128},"6":{"loc":{"start":{"line":128,"column":10},"end":{"line":128,"column":48}},"type":"binary-expr","locations":[{"start":{"line":128,"column":10},"end":{"line":128,"column":35}},{"start":{"line":128,"column":39},"end":{"line":128,"column":48}}],"line":128},"7":{"loc":{"start":{"line":135,"column":6},"end":{"line":139,"column":7}},"type":"if","locations":[{"start":{"line":135,"column":6},"end":{"line":139,"column":7}},{"start":{},"end":{}}],"line":135},"8":{"loc":{"start":{"line":144,"column":6},"end":{"line":151,"column":7}},"type":"if","locations":[{"start":{"line":144,"column":6},"end":{"line":151,"column":7}},{"start":{},"end":{}}],"line":144},"9":{"loc":{"start":{"line":153,"column":6},"end":{"line":157,"column":7}},"type":"if","locations":[{"start":{"line":153,"column":6},"end":{"line":157,"column":7}},{"start":{},"end":{}}],"line":153},"10":{"loc":{"start":{"line":166,"column":6},"end":{"line":174,"column":7}},"type":"if","locations":[{"start":{"line":166,"column":6},"end":{"line":174,"column":7}},{"start":{"line":172,"column":13},"end":{"line":174,"column":7}}],"line":166},"11":{"loc":{"start":{"line":216,"column":6},"end":{"line":220,"column":7}},"type":"if","locations":[{"start":{"line":216,"column":6},"end":{"line":220,"column":7}},{"start":{},"end":{}}],"line":216},"12":{"loc":{"start":{"line":246,"column":6},"end":{"line":248,"column":7}},"type":"if","locations":[{"start":{"line":246,"column":6},"end":{"line":248,"column":7}},{"start":{},"end":{}}],"line":246},"13":{"loc":{"start":{"line":314,"column":6},"end":{"line":318,"column":7}},"type":"if","locations":[{"start":{"line":314,"column":6},"end":{"line":318,"column":7}},{"start":{},"end":{}}],"line":314},"14":{"loc":{"start":{"line":314,"column":10},"end":{"line":314,"column":63}},"type":"binary-expr","locations":[{"start":{"line":314,"column":10},"end":{"line":314,"column":16}},{"start":{"line":314,"column":20},"end":{"line":314,"column":41}},{"start":{"line":314,"column":45},"end":{"line":314,"column":63}}],"line":314},"15":{"loc":{"start":{"line":326,"column":8},"end":{"line":330,"column":9}},"type":"if","locations":[{"start":{"line":326,"column":8},"end":{"line":330,"column":9}},{"start":{},"end":{}}],"line":326},"16":{"loc":{"start":{"line":326,"column":12},"end":{"line":326,"column":52}},"type":"binary-expr","locations":[{"start":{"line":326,"column":12},"end":{"line":326,"column":22}},{"start":{"line":326,"column":26},"end":{"line":326,"column":35}},{"start":{"line":326,"column":39},"end":{"line":326,"column":52}}],"line":326},"17":{"loc":{"start":{"line":333,"column":8},"end":{"line":337,"column":9}},"type":"if","locations":[{"start":{"line":333,"column":8},"end":{"line":337,"column":9}},{"start":{},"end":{}}],"line":333},"18":{"loc":{"start":{"line":346,"column":8},"end":{"line":352,"column":9}},"type":"if","locations":[{"start":{"line":346,"column":8},"end":{"line":352,"column":9}},{"start":{},"end":{}}],"line":346},"19":{"loc":{"start":{"line":346,"column":12},"end":{"line":346,"column":52}},"type":"binary-expr","locations":[{"start":{"line":346,"column":12},"end":{"line":346,"column":22}},{"start":{"line":346,"column":26},"end":{"line":346,"column":52}}],"line":346},"20":{"loc":{"start":{"line":349,"column":14},"end":{"line":349,"column":45}},"type":"cond-expr","locations":[{"start":{"line":349,"column":26},"end":{"line":349,"column":41}},{"start":{"line":349,"column":44},"end":{"line":349,"column":45}}],"line":349},"21":{"loc":{"start":{"line":465,"column":6},"end":{"line":469,"column":7}},"type":"if","locations":[{"start":{"line":465,"column":6},"end":{"line":469,"column":7}},{"start":{},"end":{}}],"line":465},"22":{"loc":{"start":{"line":471,"column":6},"end":{"line":475,"column":7}},"type":"if","locations":[{"start":{"line":471,"column":6},"end":{"line":475,"column":7}},{"start":{},"end":{}}],"line":471},"23":{"loc":{"start":{"line":477,"column":6},"end":{"line":501,"column":7}},"type":"if","locations":[{"start":{"line":477,"column":6},"end":{"line":501,"column":7}},{"start":{},"end":{}}],"line":477},"24":{"loc":{"start":{"line":477,"column":10},"end":{"line":477,"column":73}},"type":"binary-expr","locations":[{"start":{"line":477,"column":10},"end":{"line":477,"column":42}},{"start":{"line":477,"column":46},"end":{"line":477,"column":73}}],"line":477},"25":{"loc":{"start":{"line":483,"column":10},"end":{"line":497,"column":11}},"type":"if","locations":[{"start":{"line":483,"column":10},"end":{"line":497,"column":11}},{"start":{"line":493,"column":17},"end":{"line":497,"column":11}}],"line":483},"26":{"loc":{"start":{"line":484,"column":12},"end":{"line":485,"column":58}},"type":"binary-expr","locations":[{"start":{"line":484,"column":12},"end":{"line":484,"column":61}},{"start":{"line":485,"column":12},"end":{"line":485,"column":58}}],"line":484},"27":{"loc":{"start":{"line":490,"column":16},"end":{"line":490,"column":79}},"type":"binary-expr","locations":[{"start":{"line":490,"column":16},"end":{"line":490,"column":45}},{"start":{"line":490,"column":49},"end":{"line":490,"column":79}}],"line":490},"28":{"loc":{"start":{"line":493,"column":17},"end":{"line":497,"column":11}},"type":"if","locations":[{"start":{"line":493,"column":17},"end":{"line":497,"column":11}},{"start":{"line":495,"column":17},"end":{"line":497,"column":11}}],"line":493},"29":{"loc":{"start":{"line":495,"column":17},"end":{"line":497,"column":11}},"type":"if","locations":[{"start":{"line":495,"column":17},"end":{"line":497,"column":11}},{"start":{},"end":{}}],"line":495},"30":{"loc":{"start":{"line":539,"column":6},"end":{"line":543,"column":7}},"type":"if","locations":[{"start":{"line":539,"column":6},"end":{"line":543,"column":7}},{"start":{},"end":{}}],"line":539},"31":{"loc":{"start":{"line":545,"column":6},"end":{"line":549,"column":7}},"type":"if","locations":[{"start":{"line":545,"column":6},"end":{"line":549,"column":7}},{"start":{},"end":{}}],"line":545},"32":{"loc":{"start":{"line":550,"column":6},"end":{"line":554,"column":7}},"type":"if","locations":[{"start":{"line":550,"column":6},"end":{"line":554,"column":7}},{"start":{},"end":{}}],"line":550},"33":{"loc":{"start":{"line":556,"column":6},"end":{"line":562,"column":7}},"type":"if","locations":[{"start":{"line":556,"column":6},"end":{"line":562,"column":7}},{"start":{},"end":{}}],"line":556},"34":{"loc":{"start":{"line":572,"column":8},"end":{"line":575,"column":9}},"type":"if","locations":[{"start":{"line":572,"column":8},"end":{"line":575,"column":9}},{"start":{},"end":{}}],"line":572},"35":{"loc":{"start":{"line":598,"column":6},"end":{"line":602,"column":7}},"type":"if","locations":[{"start":{"line":598,"column":6},"end":{"line":602,"column":7}},{"start":{},"end":{}}],"line":598},"36":{"loc":{"start":{"line":598,"column":10},"end":{"line":598,"column":63}},"type":"binary-expr","locations":[{"start":{"line":598,"column":10},"end":{"line":598,"column":16}},{"start":{"line":598,"column":20},"end":{"line":598,"column":41}},{"start":{"line":598,"column":45},"end":{"line":598,"column":63}}],"line":598},"37":{"loc":{"start":{"line":608,"column":6},"end":{"line":615,"column":7}},"type":"if","locations":[{"start":{"line":608,"column":6},"end":{"line":615,"column":7}},{"start":{},"end":{}}],"line":608},"38":{"loc":{"start":{"line":622,"column":8},"end":{"line":626,"column":9}},"type":"if","locations":[{"start":{"line":622,"column":8},"end":{"line":626,"column":9}},{"start":{},"end":{}}],"line":622},"39":{"loc":{"start":{"line":622,"column":12},"end":{"line":622,"column":64}},"type":"binary-expr","locations":[{"start":{"line":622,"column":12},"end":{"line":622,"column":22}},{"start":{"line":622,"column":26},"end":{"line":622,"column":51}},{"start":{"line":622,"column":55},"end":{"line":622,"column":64}}],"line":622},"40":{"loc":{"start":{"line":629,"column":8},"end":{"line":633,"column":9}},"type":"if","locations":[{"start":{"line":629,"column":8},"end":{"line":633,"column":9}},{"start":{},"end":{}}],"line":629},"41":{"loc":{"start":{"line":642,"column":8},"end":{"line":650,"column":9}},"type":"if","locations":[{"start":{"line":642,"column":8},"end":{"line":650,"column":9}},{"start":{"line":648,"column":15},"end":{"line":650,"column":9}}],"line":642},"42":{"loc":{"start":{"line":700,"column":15},"end":{"line":700,"column":62}},"type":"binary-expr","locations":[{"start":{"line":700,"column":15},"end":{"line":700,"column":34}},{"start":{"line":700,"column":38},"end":{"line":700,"column":62}}],"line":700},"43":{"loc":{"start":{"line":712,"column":10},"end":{"line":718,"column":11}},"type":"if","locations":[{"start":{"line":712,"column":10},"end":{"line":718,"column":11}},{"start":{},"end":{}}],"line":712},"44":{"loc":{"start":{"line":758,"column":6},"end":{"line":762,"column":7}},"type":"if","locations":[{"start":{"line":758,"column":6},"end":{"line":762,"column":7}},{"start":{},"end":{}}],"line":758},"45":{"loc":{"start":{"line":764,"column":6},"end":{"line":768,"column":7}},"type":"if","locations":[{"start":{"line":764,"column":6},"end":{"line":768,"column":7}},{"start":{},"end":{}}],"line":764},"46":{"loc":{"start":{"line":770,"column":6},"end":{"line":774,"column":7}},"type":"if","locations":[{"start":{"line":770,"column":6},"end":{"line":774,"column":7}},{"start":{},"end":{}}],"line":770},"47":{"loc":{"start":{"line":770,"column":10},"end":{"line":770,"column":77}},"type":"binary-expr","locations":[{"start":{"line":770,"column":10},"end":{"line":770,"column":39}},{"start":{"line":770,"column":43},"end":{"line":770,"column":77}}],"line":770}},"s":{"0":1,"1":1,"2":1,"3":1,"4":10,"5":10,"6":10,"7":1,"8":9,"9":9,"10":2,"11":7,"12":9,"13":0,"14":8,"15":8,"16":8,"17":1,"18":7,"19":7,"20":1,"21":6,"22":7,"23":0,"24":2,"25":2,"26":2,"27":1,"28":2,"29":0,"30":10,"31":10,"32":10,"33":10,"34":1,"35":9,"36":9,"37":0,"38":9,"39":9,"40":1,"41":9,"42":9,"43":1,"44":8,"45":8,"46":3,"47":5,"48":7,"49":7,"50":1,"51":1,"52":1,"53":1,"54":1,"55":0,"56":1,"57":1,"58":1,"59":0,"60":4,"61":4,"62":4,"63":4,"64":2,"65":4,"66":4,"67":0,"68":0,"69":0,"70":0,"71":0,"72":0,"73":4,"74":0,"75":12,"76":12,"77":12,"78":2,"79":10,"80":10,"81":10,"82":10,"83":10,"84":10,"85":2,"86":8,"87":8,"88":1,"89":7,"90":7,"91":2,"92":5,"93":5,"94":5,"95":5,"96":5,"97":5,"98":5,"99":5,"100":5,"101":5,"102":5,"103":5,"104":5,"105":5,"106":0,"107":0,"108":0,"109":0,"110":4,"111":4,"112":4,"113":4,"114":1,"115":3,"116":1,"117":2,"118":2,"119":2,"120":2,"121":0,"122":2,"123":0,"124":2,"125":0,"126":2,"127":2,"128":2,"129":0,"130":5,"131":5,"132":5,"133":5,"134":0,"135":5,"136":1,"137":4,"138":1,"139":3,"140":1,"141":2,"142":2,"143":2,"144":2,"145":2,"146":2,"147":2,"148":0,"149":6,"150":6,"151":6,"152":1,"153":5,"154":5,"155":0,"156":5,"157":5,"158":8,"159":8,"160":2,"161":6,"162":6,"163":1,"164":5,"165":5,"166":1,"167":4,"168":5,"169":2,"170":0,"171":3,"172":3,"173":3,"174":3,"175":3,"176":3,"177":9,"178":3,"179":9,"180":3,"181":4,"182":3,"183":3,"184":4,"185":2,"186":2,"187":1,"188":2,"189":2,"190":3,"191":9,"192":9,"193":0,"194":5,"195":5,"196":5,"197":5,"198":0,"199":5,"200":1,"201":4,"202":1,"203":3,"204":3,"205":0},"f":{"0":10,"1":8,"2":2,"3":1,"4":10,"5":1,"6":4,"7":0,"8":0,"9":12,"10":5,"11":4,"12":2,"13":5,"14":6,"15":3,"16":9,"17":9,"18":4,"19":4,"20":2,"21":9,"22":9,"23":5},"b":{"0":[1,9],"1":[2,7],"2":[6,3],"3":[1,7],"4":[1,6],"5":[1,9],"6":[10,10],"7":[0,9],"8":[1,8],"9":[1,8],"10":[3,5],"11":[0,1],"12":[2,2],"13":[2,10],"14":[12,12,11],"15":[2,8],"16":[10,9,8],"17":[1,7],"18":[2,5],"19":[7,6],"20":[1,1],"21":[1,3],"22":[1,2],"23":[2,0],"24":[2,2],"25":[0,2],"26":[2,2],"27":[0,0],"28":[0,2],"29":[0,2],"30":[0,5],"31":[1,4],"32":[1,3],"33":[1,2],"34":[2,0],"35":[1,5],"36":[6,6,6],"37":[0,5],"38":[2,6],"39":[8,7,6],"40":[1,5],"41":[1,4],"42":[9,9],"43":[1,1],"44":[0,5],"45":[1,4],"46":[1,3],"47":[4,3]},"_coverageSchema":"1a1c01bbd47fc00a2c39e90264f33305004495a9","hash":"47e6ca245337b068b03d6141454f870176570a50"}
,"C:\\Users\\eki\\OneDrive\\文档\\Hacktiv8\\3-phase2\\IP-HCK88\\server\\controllers\\userController.js": {"path":"C:\\Users\\eki\\OneDrive\\文档\\Hacktiv8\\3-phase2\\IP-HCK88\\server\\controllers\\userController.js","statementMap":{"0":{"start":{"line":1,"column":26},"end":{"line":1,"column":46}},"1":{"start":{"line":2,"column":28},"end":{"line":2,"column":56}},"2":{"start":{"line":3,"column":26},"end":{"line":3,"column":51}},"3":{"start":{"line":4,"column":25},"end":{"line":4,"column":55}},"4":{"start":{"line":6,"column":0},"end":{"line":123,"column":2}},"5":{"start":{"line":8,"column":4},"end":{"line":48,"column":5}},"6":{"start":{"line":9,"column":46},"end":{"line":9,"column":54}},"7":{"start":{"line":11,"column":25},"end":{"line":11,"column":55}},"8":{"start":{"line":12,"column":23},"end":{"line":12,"column":41}},"9":{"start":{"line":14,"column":6},"end":{"line":18,"column":7}},"10":{"start":{"line":15,"column":8},"end":{"line":17,"column":11}},"11":{"start":{"line":20,"column":19},"end":{"line":25,"column":8}},"12":{"start":{"line":27,"column":6},"end":{"line":35,"column":9}},"13":{"start":{"line":37,"column":6},"end":{"line":41,"column":7}},"14":{"start":{"line":38,"column":8},"end":{"line":40,"column":11}},"15":{"start":{"line":39,"column":41},"end":{"line":39,"column":50}},"16":{"start":{"line":42,"column":6},"end":{"line":46,"column":7}},"17":{"start":{"line":43,"column":8},"end":{"line":45,"column":11}},"18":{"start":{"line":47,"column":6},"end":{"line":47,"column":53}},"19":{"start":{"line":52,"column":25},"end":{"line":52,"column":33}},"20":{"start":{"line":54,"column":19},"end":{"line":54,"column":65}},"21":{"start":{"line":55,"column":4},"end":{"line":85,"column":5}},"22":{"start":{"line":56,"column":21},"end":{"line":59,"column":8}},"23":{"start":{"line":60,"column":22},"end":{"line":60,"column":41}},"24":{"start":{"line":62,"column":19},"end":{"line":62,"column":74}},"25":{"start":{"line":63,"column":6},"end":{"line":76,"column":7}},"26":{"start":{"line":64,"column":24},"end":{"line":69,"column":10}},"27":{"start":{"line":70,"column":29},"end":{"line":74,"column":10}},"28":{"start":{"line":75,"column":8},"end":{"line":75,"column":69}},"29":{"start":{"line":77,"column":27},"end":{"line":81,"column":8}},"30":{"start":{"line":82,"column":6},"end":{"line":82,"column":51}},"31":{"start":{"line":84,"column":6},"end":{"line":84,"column":53}},"32":{"start":{"line":89,"column":4},"end":{"line":113,"column":5}},"33":{"start":{"line":90,"column":34},"end":{"line":90,"column":42}},"34":{"start":{"line":91,"column":6},"end":{"line":93,"column":7}},"35":{"start":{"line":92,"column":8},"end":{"line":92,"column":68}},"36":{"start":{"line":94,"column":6},"end":{"line":96,"column":7}},"37":{"start":{"line":95,"column":8},"end":{"line":95,"column":71}},"38":{"start":{"line":97,"column":19},"end":{"line":97,"column":59}},"39":{"start":{"line":98,"column":6},"end":{"line":100,"column":7}},"40":{"start":{"line":99,"column":8},"end":{"line":99,"column":76}},"41":{"start":{"line":101,"column":30},"end":{"line":101,"column":70}},"42":{"start":{"line":102,"column":6},"end":{"line":104,"column":7}},"43":{"start":{"line":103,"column":8},"end":{"line":103,"column":67}},"44":{"start":{"line":105,"column":27},"end":{"line":109,"column":8}},"45":{"start":{"line":110,"column":6},"end":{"line":110,"column":51}},"46":{"start":{"line":112,"column":6},"end":{"line":112,"column":53}},"47":{"start":{"line":116,"column":4},"end":{"line":121,"column":5}},"48":{"start":{"line":117,"column":17},"end":{"line":117,"column":40}},"49":{"start":{"line":118,"column":6},"end":{"line":118,"column":33}},"50":{"start":{"line":120,"column":6},"end":{"line":120,"column":53}}},"fnMap":{"0":{"name":"(anonymous_0)","decl":{"start":{"line":7,"column":2},"end":{"line":7,"column":3}},"loc":{"start":{"line":7,"column":34},"end":{"line":49,"column":3}},"line":7},"1":{"name":"(anonymous_1)","decl":{"start":{"line":39,"column":34},"end":{"line":39,"column":35}},"loc":{"start":{"line":39,"column":41},"end":{"line":39,"column":50}},"line":39},"2":{"name":"(anonymous_2)","decl":{"start":{"line":51,"column":2},"end":{"line":51,"column":3}},"loc":{"start":{"line":51,"column":37},"end":{"line":86,"column":3}},"line":51},"3":{"name":"(anonymous_3)","decl":{"start":{"line":88,"column":2},"end":{"line":88,"column":3}},"loc":{"start":{"line":88,"column":31},"end":{"line":114,"column":3}},"line":88},"4":{"name":"(anonymous_4)","decl":{"start":{"line":115,"column":2},"end":{"line":115,"column":3}},"loc":{"start":{"line":115,"column":30},"end":{"line":122,"column":3}},"line":115}},"branchMap":{"0":{"loc":{"start":{"line":12,"column":23},"end":{"line":12,"column":41}},"type":"binary-expr","locations":[{"start":{"line":12,"column":23},"end":{"line":12,"column":27}},{"start":{"line":12,"column":31},"end":{"line":12,"column":41}}],"line":12},"1":{"loc":{"start":{"line":14,"column":6},"end":{"line":18,"column":7}},"type":"if","locations":[{"start":{"line":14,"column":6},"end":{"line":18,"column":7}},{"start":{},"end":{}}],"line":14},"2":{"loc":{"start":{"line":37,"column":6},"end":{"line":41,"column":7}},"type":"if","locations":[{"start":{"line":37,"column":6},"end":{"line":41,"column":7}},{"start":{},"end":{}}],"line":37},"3":{"loc":{"start":{"line":42,"column":6},"end":{"line":46,"column":7}},"type":"if","locations":[{"start":{"line":42,"column":6},"end":{"line":46,"column":7}},{"start":{},"end":{}}],"line":42},"4":{"loc":{"start":{"line":63,"column":6},"end":{"line":76,"column":7}},"type":"if","locations":[{"start":{"line":63,"column":6},"end":{"line":76,"column":7}},{"start":{},"end":{}}],"line":63},"5":{"loc":{"start":{"line":67,"column":16},"end":{"line":67,"column":59}},"type":"binary-expr","locations":[{"start":{"line":67,"column":16},"end":{"line":67,"column":28}},{"start":{"line":67,"column":32},"end":{"line":67,"column":59}}],"line":67},"6":{"loc":{"start":{"line":91,"column":6},"end":{"line":93,"column":7}},"type":"if","locations":[{"start":{"line":91,"column":6},"end":{"line":93,"column":7}},{"start":{},"end":{}}],"line":91},"7":{"loc":{"start":{"line":94,"column":6},"end":{"line":96,"column":7}},"type":"if","locations":[{"start":{"line":94,"column":6},"end":{"line":96,"column":7}},{"start":{},"end":{}}],"line":94},"8":{"loc":{"start":{"line":98,"column":6},"end":{"line":100,"column":7}},"type":"if","locations":[{"start":{"line":98,"column":6},"end":{"line":100,"column":7}},{"start":{},"end":{}}],"line":98},"9":{"loc":{"start":{"line":102,"column":6},"end":{"line":104,"column":7}},"type":"if","locations":[{"start":{"line":102,"column":6},"end":{"line":104,"column":7}},{"start":{},"end":{}}],"line":102}},"s":{"0":1,"1":1,"2":1,"3":1,"4":1,"5":18,"6":18,"7":18,"8":18,"9":18,"10":1,"11":17,"12":7,"13":10,"14":6,"15":11,"16":4,"17":4,"18":0,"19":2,"20":2,"21":2,"22":2,"23":1,"24":1,"25":1,"26":1,"27":1,"28":1,"29":0,"30":0,"31":1,"32":13,"33":13,"34":13,"35":1,"36":12,"37":1,"38":11,"39":11,"40":2,"41":9,"42":9,"43":1,"44":8,"45":8,"46":0,"47":3,"48":3,"49":3,"50":0},"f":{"0":18,"1":11,"2":2,"3":13,"4":3},"b":{"0":[18,1],"1":[1,17],"2":[6,4],"3":[4,0],"4":[1,0],"5":[1,0],"6":[1,12],"7":[1,11],"8":[2,9],"9":[1,8]},"_coverageSchema":"1a1c01bbd47fc00a2c39e90264f33305004495a9","hash":"b107f780821b57434aae74347787eb782280108b"}
,"C:\\Users\\eki\\OneDrive\\文档\\Hacktiv8\\3-phase2\\IP-HCK88\\server\\helpers\\bcrypt.js": {"path":"C:\\Users\\eki\\OneDrive\\文档\\Hacktiv8\\3-phase2\\IP-HCK88\\server\\helpers\\bcrypt.js","statementMap":{"0":{"start":{"line":1,"column":15},"end":{"line":1,"column":34}},"1":{"start":{"line":3,"column":21},"end":{"line":6,"column":1}},"2":{"start":{"line":4,"column":15},"end":{"line":4,"column":37}},"3":{"start":{"line":5,"column":2},"end":{"line":5,"column":40}},"4":{"start":{"line":8,"column":24},"end":{"line":10,"column":1}},"5":{"start":{"line":9,"column":2},"end":{"line":9,"column":43}},"6":{"start":{"line":12,"column":0},"end":{"line":15,"column":1}}},"fnMap":{"0":{"name":"(anonymous_0)","decl":{"start":{"line":3,"column":21},"end":{"line":3,"column":22}},"loc":{"start":{"line":3,"column":35},"end":{"line":6,"column":1}},"line":3},"1":{"name":"(anonymous_1)","decl":{"start":{"line":8,"column":24},"end":{"line":8,"column":25}},"loc":{"start":{"line":8,"column":44},"end":{"line":10,"column":1}},"line":8}},"branchMap":{},"s":{"0":1,"1":1,"2":22,"3":22,"4":1,"5":9,"6":1},"f":{"0":22,"1":9},"b":{},"_coverageSchema":"1a1c01bbd47fc00a2c39e90264f33305004495a9","hash":"3f59fb98b7aaf79dcd817c9ff822bf1d53a35447"}
,"C:\\Users\\eki\\OneDrive\\文档\\Hacktiv8\\3-phase2\\IP-HCK88\\server\\helpers\\geolocation.js": {"path":"C:\\Users\\eki\\OneDrive\\文档\\Hacktiv8\\3-phase2\\IP-HCK88\\server\\helpers\\geolocation.js","statementMap":{"0":{"start":{"line":10,"column":12},"end":{"line":10,"column":16}},"1":{"start":{"line":11,"column":15},"end":{"line":11,"column":37}},"2":{"start":{"line":12,"column":15},"end":{"line":12,"column":37}},"3":{"start":{"line":15,"column":4},"end":{"line":19,"column":24}},"4":{"start":{"line":21,"column":12},"end":{"line":21,"column":58}},"5":{"start":{"line":22,"column":19},"end":{"line":22,"column":24}},"6":{"start":{"line":24,"column":2},"end":{"line":24,"column":18}},"7":{"start":{"line":33,"column":2},"end":{"line":33,"column":35}},"8":{"start":{"line":43,"column":2},"end":{"line":50,"column":4}},"9":{"start":{"line":53,"column":0},"end":{"line":56,"column":2}}},"fnMap":{"0":{"name":"calculateDistance","decl":{"start":{"line":9,"column":9},"end":{"line":9,"column":26}},"loc":{"start":{"line":9,"column":51},"end":{"line":25,"column":1}},"line":9},"1":{"name":"toRadians","decl":{"start":{"line":32,"column":9},"end":{"line":32,"column":18}},"loc":{"start":{"line":32,"column":28},"end":{"line":34,"column":1}},"line":32},"2":{"name":"validateCoordinates","decl":{"start":{"line":42,"column":9},"end":{"line":42,"column":28}},"loc":{"start":{"line":42,"column":39},"end":{"line":51,"column":1}},"line":42}},"branchMap":{"0":{"loc":{"start":{"line":44,"column":4},"end":{"line":49,"column":14}},"type":"binary-expr","locations":[{"start":{"line":44,"column":4},"end":{"line":44,"column":27}},{"start":{"line":45,"column":4},"end":{"line":45,"column":27}},{"start":{"line":46,"column":4},"end":{"line":46,"column":14}},{"start":{"line":47,"column":4},"end":{"line":47,"column":13}},{"start":{"line":48,"column":4},"end":{"line":48,"column":15}},{"start":{"line":49,"column":4},"end":{"line":49,"column":14}}],"line":44}},"s":{"0":5,"1":5,"2":5,"3":5,"4":5,"5":5,"6":5,"7":20,"8":14,"9":1},"f":{"0":5,"1":20,"2":14},"b":{"0":[14,14,14,14,12,12]},"_coverageSchema":"1a1c01bbd47fc00a2c39e90264f33305004495a9","hash":"81e75bfd4b41abf03411ff998961f9eb5df2e3b3"}
,"C:\\Users\\eki\\OneDrive\\文档\\Hacktiv8\\3-phase2\\IP-HCK88\\server\\helpers\\jwt.js": {"path":"C:\\Users\\eki\\OneDrive\\文档\\Hacktiv8\\3-phase2\\IP-HCK88\\server\\helpers\\jwt.js","statementMap":{"0":{"start":{"line":1,"column":12},"end":{"line":1,"column":35}},"1":{"start":{"line":2,"column":0},"end":{"line":2,"column":27}},"2":{"start":{"line":3,"column":19},"end":{"line":3,"column":41}},"3":{"start":{"line":5,"column":22},"end":{"line":7,"column":1}},"4":{"start":{"line":6,"column":2},"end":{"line":6,"column":39}},"5":{"start":{"line":9,"column":20},"end":{"line":11,"column":1}},"6":{"start":{"line":10,"column":2},"end":{"line":10,"column":39}},"7":{"start":{"line":13,"column":0},"end":{"line":16,"column":2}}},"fnMap":{"0":{"name":"(anonymous_0)","decl":{"start":{"line":5,"column":22},"end":{"line":5,"column":23}},"loc":{"start":{"line":5,"column":35},"end":{"line":7,"column":1}},"line":5},"1":{"name":"(anonymous_1)","decl":{"start":{"line":9,"column":20},"end":{"line":9,"column":21}},"loc":{"start":{"line":9,"column":31},"end":{"line":11,"column":1}},"line":9}},"branchMap":{},"s":{"0":1,"1":1,"2":1,"3":1,"4":16,"5":1,"6":109,"7":1},"f":{"0":16,"1":109},"b":{},"_coverageSchema":"1a1c01bbd47fc00a2c39e90264f33305004495a9","hash":"e0b6fd8a908485f29b1d07dac6b4d0f9ee1cf4cf"}
,"C:\\Users\\eki\\OneDrive\\文档\\Hacktiv8\\3-phase2\\IP-HCK88\\server\\middleware\\authentication.js": {"path":"C:\\Users\\eki\\OneDrive\\文档\\Hacktiv8\\3-phase2\\IP-HCK88\\server\\middleware\\authentication.js","statementMap":{"0":{"start":{"line":1,"column":24},"end":{"line":1,"column":49}},"1":{"start":{"line":2,"column":17},"end":{"line":2,"column":37}},"2":{"start":{"line":4,"column":0},"end":{"line":27,"column":2}},"3":{"start":{"line":5,"column":2},"end":{"line":26,"column":3}},"4":{"start":{"line":6,"column":4},"end":{"line":8,"column":5}},"5":{"start":{"line":7,"column":6},"end":{"line":7,"column":76}},"6":{"start":{"line":10,"column":18},"end":{"line":10,"column":57}},"7":{"start":{"line":11,"column":17},"end":{"line":11,"column":35}},"8":{"start":{"line":13,"column":17},"end":{"line":13,"column":45}},"9":{"start":{"line":15,"column":4},"end":{"line":17,"column":5}},"10":{"start":{"line":16,"column":6},"end":{"line":16,"column":76}},"11":{"start":{"line":19,"column":4},"end":{"line":19,"column":20}},"12":{"start":{"line":20,"column":4},"end":{"line":20,"column":11}},"13":{"start":{"line":22,"column":4},"end":{"line":24,"column":5}},"14":{"start":{"line":23,"column":6},"end":{"line":23,"column":75}},"15":{"start":{"line":25,"column":4},"end":{"line":25,"column":16}}},"fnMap":{"0":{"name":"authentication","decl":{"start":{"line":4,"column":32},"end":{"line":4,"column":46}},"loc":{"start":{"line":4,"column":63},"end":{"line":27,"column":1}},"line":4}},"branchMap":{"0":{"loc":{"start":{"line":6,"column":4},"end":{"line":8,"column":5}},"type":"if","locations":[{"start":{"line":6,"column":4},"end":{"line":8,"column":5}},{"start":{},"end":{}}],"line":6},"1":{"loc":{"start":{"line":15,"column":4},"end":{"line":17,"column":5}},"type":"if","locations":[{"start":{"line":15,"column":4},"end":{"line":17,"column":5}},{"start":{},"end":{}}],"line":15},"2":{"loc":{"start":{"line":22,"column":4},"end":{"line":24,"column":5}},"type":"if","locations":[{"start":{"line":22,"column":4},"end":{"line":24,"column":5}},{"start":{},"end":{}}],"line":22}},"s":{"0":1,"1":1,"2":1,"3":123,"4":123,"5":14,"6":109,"7":109,"8":102,"9":102,"10":3,"11":99,"12":99,"13":7,"14":7,"15":0},"f":{"0":123},"b":{"0":[14,109],"1":[3,99],"2":[7,0]},"_coverageSchema":"1a1c01bbd47fc00a2c39e90264f33305004495a9","hash":"b6880edf955cf31d885bf8f0a81e9000d85a29a8"}
,"C:\\Users\\eki\\OneDrive\\文档\\Hacktiv8\\3-phase2\\IP-HCK88\\server\\middleware\\authorization.js": {"path":"C:\\Users\\eki\\OneDrive\\文档\\Hacktiv8\\3-phase2\\IP-HCK88\\server\\middleware\\authorization.js","statementMap":{"0":{"start":{"line":6,"column":2},"end":{"line":27,"column":4}},"1":{"start":{"line":7,"column":4},"end":{"line":26,"column":5}},"2":{"start":{"line":8,"column":6},"end":{"line":12,"column":7}},"3":{"start":{"line":9,"column":8},"end":{"line":11,"column":11}},"4":{"start":{"line":14,"column":6},"end":{"line":21,"column":7}},"5":{"start":{"line":15,"column":8},"end":{"line":20,"column":11}},"6":{"start":{"line":23,"column":6},"end":{"line":23,"column":13}},"7":{"start":{"line":25,"column":6},"end":{"line":25,"column":18}},"8":{"start":{"line":30,"column":0},"end":{"line":30,"column":27}}},"fnMap":{"0":{"name":"authorize","decl":{"start":{"line":5,"column":9},"end":{"line":5,"column":18}},"loc":{"start":{"line":5,"column":36},"end":{"line":28,"column":1}},"line":5},"1":{"name":"(anonymous_1)","decl":{"start":{"line":6,"column":9},"end":{"line":6,"column":10}},"loc":{"start":{"line":6,"column":29},"end":{"line":27,"column":3}},"line":6}},"branchMap":{"0":{"loc":{"start":{"line":8,"column":6},"end":{"line":12,"column":7}},"type":"if","locations":[{"start":{"line":8,"column":6},"end":{"line":12,"column":7}},{"start":{},"end":{}}],"line":8},"1":{"loc":{"start":{"line":14,"column":6},"end":{"line":21,"column":7}},"type":"if","locations":[{"start":{"line":14,"column":6},"end":{"line":21,"column":7}},{"start":{},"end":{}}],"line":14}},"s":{"0":4,"1":101,"2":101,"3":1,"4":100,"5":9,"6":90,"7":1,"8":1},"f":{"0":4,"1":101},"b":{"0":[1,100],"1":[9,90]},"_coverageSchema":"1a1c01bbd47fc00a2c39e90264f33305004495a9","hash":"bfedebf843469a3f0a5c9157e29fad69ea088657"}
,"C:\\Users\\eki\\OneDrive\\文档\\Hacktiv8\\3-phase2\\IP-HCK88\\server\\models\\cart.js": {"path":"C:\\Users\\eki\\OneDrive\\文档\\Hacktiv8\\3-phase2\\IP-HCK88\\server\\models\\cart.js","statementMap":{"0":{"start":{"line":2,"column":18},"end":{"line":2,"column":38}},"1":{"start":{"line":3,"column":0},"end":{"line":29,"column":2}},"2":{"start":{"line":12,"column":6},"end":{"line":12,"column":80}},"3":{"start":{"line":13,"column":6},"end":{"line":13,"column":74}},"4":{"start":{"line":14,"column":6},"end":{"line":14,"column":62}},"5":{"start":{"line":17,"column":2},"end":{"line":27,"column":4}},"6":{"start":{"line":28,"column":2},"end":{"line":28,"column":14}}},"fnMap":{"0":{"name":"(anonymous_0)","decl":{"start":{"line":3,"column":17},"end":{"line":3,"column":18}},"loc":{"start":{"line":3,"column":43},"end":{"line":29,"column":1}},"line":3},"1":{"name":"(anonymous_1)","decl":{"start":{"line":10,"column":4},"end":{"line":10,"column":5}},"loc":{"start":{"line":10,"column":29},"end":{"line":15,"column":5}},"line":10}},"branchMap":{},"s":{"0":1,"1":1,"2":1,"3":1,"4":1,"5":1,"6":1},"f":{"0":1,"1":1},"b":{},"_coverageSchema":"1a1c01bbd47fc00a2c39e90264f33305004495a9","hash":"ec042a128a87d04e412eada0bebc5d3407f2c037"}
,"C:\\Users\\eki\\OneDrive\\文档\\Hacktiv8\\3-phase2\\IP-HCK88\\server\\models\\cartitem.js": {"path":"C:\\Users\\eki\\OneDrive\\文档\\Hacktiv8\\3-phase2\\IP-HCK88\\server\\models\\cartitem.js","statementMap":{"0":{"start":{"line":2,"column":18},"end":{"line":2,"column":38}},"1":{"start":{"line":3,"column":0},"end":{"line":28,"column":2}},"2":{"start":{"line":12,"column":6},"end":{"line":12,"column":64}},"3":{"start":{"line":13,"column":6},"end":{"line":13,"column":70}},"4":{"start":{"line":16,"column":2},"end":{"line":26,"column":4}},"5":{"start":{"line":27,"column":2},"end":{"line":27,"column":18}}},"fnMap":{"0":{"name":"(anonymous_0)","decl":{"start":{"line":3,"column":17},"end":{"line":3,"column":18}},"loc":{"start":{"line":3,"column":43},"end":{"line":28,"column":1}},"line":3},"1":{"name":"(anonymous_1)","decl":{"start":{"line":10,"column":4},"end":{"line":10,"column":5}},"loc":{"start":{"line":10,"column":29},"end":{"line":14,"column":5}},"line":10}},"branchMap":{},"s":{"0":1,"1":1,"2":1,"3":1,"4":1,"5":1},"f":{"0":1,"1":1},"b":{},"_coverageSchema":"1a1c01bbd47fc00a2c39e90264f33305004495a9","hash":"9db6c55509125a89ffaf8587ccd6d2891211d0cb"}
,"C:\\Users\\eki\\OneDrive\\文档\\Hacktiv8\\3-phase2\\IP-HCK88\\server\\models\\customerprofile.js": {"path":"C:\\Users\\eki\\OneDrive\\文档\\Hacktiv8\\3-phase2\\IP-HCK88\\server\\models\\customerprofile.js","statementMap":{"0":{"start":{"line":2,"column":18},"end":{"line":2,"column":38}},"1":{"start":{"line":3,"column":0},"end":{"line":27,"column":2}},"2":{"start":{"line":12,"column":6},"end":{"line":12,"column":71}},"3":{"start":{"line":15,"column":2},"end":{"line":25,"column":4}},"4":{"start":{"line":26,"column":2},"end":{"line":26,"column":25}}},"fnMap":{"0":{"name":"(anonymous_0)","decl":{"start":{"line":3,"column":17},"end":{"line":3,"column":18}},"loc":{"start":{"line":3,"column":43},"end":{"line":27,"column":1}},"line":3},"1":{"name":"(anonymous_1)","decl":{"start":{"line":10,"column":4},"end":{"line":10,"column":5}},"loc":{"start":{"line":10,"column":29},"end":{"line":13,"column":5}},"line":10}},"branchMap":{},"s":{"0":1,"1":1,"2":1,"3":1,"4":1},"f":{"0":1,"1":1},"b":{},"_coverageSchema":"1a1c01bbd47fc00a2c39e90264f33305004495a9","hash":"ec8973d35615526be924b9acd249427ab2e52f0f"}
,"C:\\Users\\eki\\OneDrive\\文档\\Hacktiv8\\3-phase2\\IP-HCK88\\server\\models\\index.js": {"path":"C:\\Users\\eki\\OneDrive\\文档\\Hacktiv8\\3-phase2\\IP-HCK88\\server\\models\\index.js","statementMap":{"0":{"start":{"line":3,"column":11},"end":{"line":3,"column":24}},"1":{"start":{"line":4,"column":13},"end":{"line":4,"column":28}},"2":{"start":{"line":5,"column":18},"end":{"line":5,"column":38}},"3":{"start":{"line":6,"column":16},"end":{"line":6,"column":34}},"4":{"start":{"line":7,"column":17},"end":{"line":7,"column":42}},"5":{"start":{"line":8,"column":12},"end":{"line":8,"column":49}},"6":{"start":{"line":9,"column":15},"end":{"line":9,"column":65}},"7":{"start":{"line":10,"column":11},"end":{"line":10,"column":13}},"8":{"start":{"line":13,"column":0},"end":{"line":17,"column":1}},"9":{"start":{"line":14,"column":2},"end":{"line":14,"column":74}},"10":{"start":{"line":16,"column":2},"end":{"line":16,"column":87}},"11":{"start":{"line":19,"column":0},"end":{"line":32,"column":5}},"12":{"start":{"line":22,"column":4},"end":{"line":27,"column":6}},"13":{"start":{"line":30,"column":18},"end":{"line":30,"column":85}},"14":{"start":{"line":31,"column":4},"end":{"line":31,"column":27}},"15":{"start":{"line":34,"column":0},"end":{"line":38,"column":3}},"16":{"start":{"line":35,"column":2},"end":{"line":37,"column":3}},"17":{"start":{"line":36,"column":4},"end":{"line":36,"column":32}},"18":{"start":{"line":40,"column":0},"end":{"line":40,"column":25}},"19":{"start":{"line":41,"column":0},"end":{"line":41,"column":25}},"20":{"start":{"line":43,"column":0},"end":{"line":43,"column":20}}},"fnMap":{"0":{"name":"(anonymous_0)","decl":{"start":{"line":21,"column":10},"end":{"line":21,"column":11}},"loc":{"start":{"line":21,"column":18},"end":{"line":28,"column":3}},"line":21},"1":{"name":"(anonymous_1)","decl":{"start":{"line":29,"column":11},"end":{"line":29,"column":12}},"loc":{"start":{"line":29,"column":19},"end":{"line":32,"column":3}},"line":29},"2":{"name":"(anonymous_2)","decl":{"start":{"line":34,"column":24},"end":{"line":34,"column":25}},"loc":{"start":{"line":34,"column":37},"end":{"line":38,"column":1}},"line":34}},"branchMap":{"0":{"loc":{"start":{"line":8,"column":12},"end":{"line":8,"column":49}},"type":"binary-expr","locations":[{"start":{"line":8,"column":12},"end":{"line":8,"column":32}},{"start":{"line":8,"column":36},"end":{"line":8,"column":49}}],"line":8},"1":{"loc":{"start":{"line":13,"column":0},"end":{"line":17,"column":1}},"type":"if","locations":[{"start":{"line":13,"column":0},"end":{"line":17,"column":1}},{"start":{"line":15,"column":7},"end":{"line":17,"column":1}}],"line":13},"2":{"loc":{"start":{"line":23,"column":6},"end":{"line":26,"column":37}},"type":"binary-expr","locations":[{"start":{"line":23,"column":6},"end":{"line":23,"column":29}},{"start":{"line":24,"column":6},"end":{"line":24,"column":23}},{"start":{"line":25,"column":6},"end":{"line":25,"column":30}},{"start":{"line":26,"column":6},"end":{"line":26,"column":37}}],"line":23},"3":{"loc":{"start":{"line":35,"column":2},"end":{"line":37,"column":3}},"type":"if","locations":[{"start":{"line":35,"column":2},"end":{"line":37,"column":3}},{"start":{},"end":{}}],"line":35}},"s":{"0":1,"1":1,"2":1,"3":1,"4":1,"5":1,"6":1,"7":1,"8":1,"9":0,"10":1,"11":1,"12":10,"13":9,"14":9,"15":1,"16":9,"17":9,"18":1,"19":1,"20":1},"f":{"0":10,"1":9,"2":9},"b":{"0":[1,0],"1":[0,1],"2":[10,10,9,9],"3":[9,0]},"_coverageSchema":"1a1c01bbd47fc00a2c39e90264f33305004495a9","hash":"671e90813e7fa5488bc1bf0f18d4c18df47bd0aa"}
,"C:\\Users\\eki\\OneDrive\\文档\\Hacktiv8\\3-phase2\\IP-HCK88\\server\\models\\inventory.js": {"path":"C:\\Users\\eki\\OneDrive\\文档\\Hacktiv8\\3-phase2\\IP-HCK88\\server\\models\\inventory.js","statementMap":{"0":{"start":{"line":2,"column":18},"end":{"line":2,"column":38}},"1":{"start":{"line":3,"column":0},"end":{"line":29,"column":2}},"2":{"start":{"line":13,"column":6},"end":{"line":13,"column":79}},"3":{"start":{"line":14,"column":6},"end":{"line":14,"column":71}},"4":{"start":{"line":17,"column":2},"end":{"line":27,"column":4}},"5":{"start":{"line":28,"column":2},"end":{"line":28,"column":19}}},"fnMap":{"0":{"name":"(anonymous_0)","decl":{"start":{"line":3,"column":17},"end":{"line":3,"column":18}},"loc":{"start":{"line":3,"column":43},"end":{"line":29,"column":1}},"line":3},"1":{"name":"(anonymous_1)","decl":{"start":{"line":10,"column":4},"end":{"line":10,"column":5}},"loc":{"start":{"line":10,"column":29},"end":{"line":15,"column":5}},"line":10}},"branchMap":{},"s":{"0":1,"1":1,"2":1,"3":1,"4":1,"5":1},"f":{"0":1,"1":1},"b":{},"_coverageSchema":"1a1c01bbd47fc00a2c39e90264f33305004495a9","hash":"b82132198a6a70f0db11b99377f98408e8e78ba5"}
,"C:\\Users\\eki\\OneDrive\\文档\\Hacktiv8\\3-phase2\\IP-HCK88\\server\\models\\product.js": {"path":"C:\\Users\\eki\\OneDrive\\文档\\Hacktiv8\\3-phase2\\IP-HCK88\\server\\models\\product.js","statementMap":{"0":{"start":{"line":2,"column":18},"end":{"line":2,"column":38}},"1":{"start":{"line":3,"column":0},"end":{"line":30,"column":2}},"2":{"start":{"line":12,"column":6},"end":{"line":12,"column":69}},"3":{"start":{"line":13,"column":6},"end":{"line":13,"column":68}},"4":{"start":{"line":14,"column":6},"end":{"line":14,"column":75}},"5":{"start":{"line":17,"column":2},"end":{"line":28,"column":4}},"6":{"start":{"line":29,"column":2},"end":{"line":29,"column":17}}},"fnMap":{"0":{"name":"(anonymous_0)","decl":{"start":{"line":3,"column":17},"end":{"line":3,"column":18}},"loc":{"start":{"line":3,"column":43},"end":{"line":30,"column":1}},"line":3},"1":{"name":"(anonymous_1)","decl":{"start":{"line":10,"column":4},"end":{"line":10,"column":5}},"loc":{"start":{"line":10,"column":29},"end":{"line":15,"column":5}},"line":10}},"branchMap":{},"s":{"0":1,"1":1,"2":1,"3":1,"4":1,"5":1,"6":1},"f":{"0":1,"1":1},"b":{},"_coverageSchema":"1a1c01bbd47fc00a2c39e90264f33305004495a9","hash":"cb97e2091b1a3ddcdb1701c9592ccc2d7d24a90b"}
,"C:\\Users\\eki\\OneDrive\\文档\\Hacktiv8\\3-phase2\\IP-HCK88\\server\\models\\staffprofile.js": {"path":"C:\\Users\\eki\\OneDrive\\文档\\Hacktiv8\\3-phase2\\IP-HCK88\\server\\models\\staffprofile.js","statementMap":{"0":{"start":{"line":2,"column":18},"end":{"line":2,"column":38}},"1":{"start":{"line":3,"column":0},"end":{"line":29,"column":2}},"2":{"start":{"line":12,"column":6},"end":{"line":12,"column":68}},"3":{"start":{"line":13,"column":6},"end":{"line":13,"column":72}},"4":{"start":{"line":16,"column":2},"end":{"line":27,"column":4}},"5":{"start":{"line":28,"column":2},"end":{"line":28,"column":22}}},"fnMap":{"0":{"name":"(anonymous_0)","decl":{"start":{"line":3,"column":17},"end":{"line":3,"column":18}},"loc":{"start":{"line":3,"column":43},"end":{"line":29,"column":1}},"line":3},"1":{"name":"(anonymous_1)","decl":{"start":{"line":10,"column":4},"end":{"line":10,"column":5}},"loc":{"start":{"line":10,"column":29},"end":{"line":14,"column":5}},"line":10}},"branchMap":{},"s":{"0":1,"1":1,"2":1,"3":1,"4":1,"5":1},"f":{"0":1,"1":1},"b":{},"_coverageSchema":"1a1c01bbd47fc00a2c39e90264f33305004495a9","hash":"f82c898bd6db6fa2972460dfb1528a993b84f784"}
,"C:\\Users\\eki\\OneDrive\\文档\\Hacktiv8\\3-phase2\\IP-HCK88\\server\\models\\transaction.js": {"path":"C:\\Users\\eki\\OneDrive\\文档\\Hacktiv8\\3-phase2\\IP-HCK88\\server\\models\\transaction.js","statementMap":{"0":{"start":{"line":2,"column":18},"end":{"line":2,"column":38}},"1":{"start":{"line":3,"column":0},"end":{"line":58,"column":2}},"2":{"start":{"line":12,"column":6},"end":{"line":15,"column":9}},"3":{"start":{"line":16,"column":6},"end":{"line":18,"column":9}},"4":{"start":{"line":21,"column":2},"end":{"line":56,"column":4}},"5":{"start":{"line":57,"column":2},"end":{"line":57,"column":21}}},"fnMap":{"0":{"name":"(anonymous_0)","decl":{"start":{"line":3,"column":17},"end":{"line":3,"column":18}},"loc":{"start":{"line":3,"column":43},"end":{"line":58,"column":1}},"line":3},"1":{"name":"(anonymous_1)","decl":{"start":{"line":10,"column":4},"end":{"line":10,"column":5}},"loc":{"start":{"line":10,"column":29},"end":{"line":19,"column":5}},"line":10}},"branchMap":{},"s":{"0":1,"1":1,"2":1,"3":1,"4":1,"5":1},"f":{"0":1,"1":1},"b":{},"_coverageSchema":"1a1c01bbd47fc00a2c39e90264f33305004495a9","hash":"ebfdca7f32d8a88f859969785023d6080a87323e"}
,"C:\\Users\\eki\\OneDrive\\文档\\Hacktiv8\\3-phase2\\IP-HCK88\\server\\models\\transactionitem.js": {"path":"C:\\Users\\eki\\OneDrive\\文档\\Hacktiv8\\3-phase2\\IP-HCK88\\server\\models\\transactionitem.js","statementMap":{"0":{"start":{"line":2,"column":18},"end":{"line":2,"column":38}},"1":{"start":{"line":3,"column":0},"end":{"line":47,"column":2}},"2":{"start":{"line":12,"column":6},"end":{"line":14,"column":9}},"3":{"start":{"line":15,"column":6},"end":{"line":15,"column":77}},"4":{"start":{"line":18,"column":2},"end":{"line":45,"column":4}},"5":{"start":{"line":46,"column":2},"end":{"line":46,"column":25}}},"fnMap":{"0":{"name":"(anonymous_0)","decl":{"start":{"line":3,"column":17},"end":{"line":3,"column":18}},"loc":{"start":{"line":3,"column":43},"end":{"line":47,"column":1}},"line":3},"1":{"name":"(anonymous_1)","decl":{"start":{"line":10,"column":4},"end":{"line":10,"column":5}},"loc":{"start":{"line":10,"column":29},"end":{"line":16,"column":5}},"line":10}},"branchMap":{},"s":{"0":1,"1":1,"2":1,"3":1,"4":1,"5":1},"f":{"0":1,"1":1},"b":{},"_coverageSchema":"1a1c01bbd47fc00a2c39e90264f33305004495a9","hash":"77a1c0134657dbdacb8fe0231dfd58b59e6bc72c"}
,"C:\\Users\\eki\\OneDrive\\文档\\Hacktiv8\\3-phase2\\IP-HCK88\\server\\models\\user.js": {"path":"C:\\Users\\eki\\OneDrive\\文档\\Hacktiv8\\3-phase2\\IP-HCK88\\server\\models\\user.js","statementMap":{"0":{"start":{"line":2,"column":18},"end":{"line":2,"column":38}},"1":{"start":{"line":3,"column":25},"end":{"line":3,"column":53}},"2":{"start":{"line":4,"column":0},"end":{"line":86,"column":2}},"3":{"start":{"line":13,"column":6},"end":{"line":13,"column":68}},"4":{"start":{"line":14,"column":6},"end":{"line":14,"column":65}},"5":{"start":{"line":15,"column":6},"end":{"line":18,"column":9}},"6":{"start":{"line":19,"column":6},"end":{"line":19,"column":77}},"7":{"start":{"line":20,"column":6},"end":{"line":23,"column":9}},"8":{"start":{"line":26,"column":2},"end":{"line":81,"column":4}},"9":{"start":{"line":82,"column":2},"end":{"line":84,"column":5}},"10":{"start":{"line":83,"column":4},"end":{"line":83,"column":48}},"11":{"start":{"line":85,"column":2},"end":{"line":85,"column":14}}},"fnMap":{"0":{"name":"(anonymous_0)","decl":{"start":{"line":4,"column":17},"end":{"line":4,"column":18}},"loc":{"start":{"line":4,"column":43},"end":{"line":86,"column":1}},"line":4},"1":{"name":"(anonymous_1)","decl":{"start":{"line":11,"column":4},"end":{"line":11,"column":5}},"loc":{"start":{"line":11,"column":29},"end":{"line":24,"column":5}},"line":11},"2":{"name":"(anonymous_2)","decl":{"start":{"line":82,"column":20},"end":{"line":82,"column":21}},"loc":{"start":{"line":82,"column":30},"end":{"line":84,"column":3}},"line":82}},"branchMap":{},"s":{"0":1,"1":1,"2":1,"3":1,"4":1,"5":1,"6":1,"7":1,"8":1,"9":1,"10":15,"11":1},"f":{"0":1,"1":1,"2":15},"b":{},"_coverageSchema":"1a1c01bbd47fc00a2c39e90264f33305004495a9","hash":"fe4c563c4c8513445d024f94d34be99ec096b34a"}
,"C:\\Users\\eki\\OneDrive\\文档\\Hacktiv8\\3-phase2\\IP-HCK88\\server\\routes\\customer.js": {"path":"C:\\Users\\eki\\OneDrive\\文档\\Hacktiv8\\3-phase2\\IP-HCK88\\server\\routes\\customer.js","statementMap":{"0":{"start":{"line":1,"column":16},"end":{"line":1,"column":34}},"1":{"start":{"line":2,"column":15},"end":{"line":2,"column":31}},"2":{"start":{"line":3,"column":27},"end":{"line":3,"column":71}},"3":{"start":{"line":4,"column":23},"end":{"line":4,"column":62}},"4":{"start":{"line":5,"column":18},"end":{"line":5,"column":56}},"5":{"start":{"line":8,"column":0},"end":{"line":8,"column":27}},"6":{"start":{"line":9,"column":0},"end":{"line":9,"column":34}},"7":{"start":{"line":12,"column":0},"end":{"line":12,"column":68}},"8":{"start":{"line":15,"column":0},"end":{"line":15,"column":68}},"9":{"start":{"line":18,"column":0},"end":{"line":18,"column":80}},"10":{"start":{"line":21,"column":0},"end":{"line":21,"column":59}},"11":{"start":{"line":23,"column":0},"end":{"line":23,"column":24}}},"fnMap":{},"branchMap":{},"s":{"0":1,"1":1,"2":1,"3":1,"4":1,"5":1,"6":1,"7":1,"8":1,"9":1,"10":1,"11":1},"f":{},"b":{},"_coverageSchema":"1a1c01bbd47fc00a2c39e90264f33305004495a9","hash":"31b6c676e054c0232aeebe5436628587040cbd66"}
,"C:\\Users\\eki\\OneDrive\\文档\\Hacktiv8\\3-phase2\\IP-HCK88\\server\\routes\\payment.js": {"path":"C:\\Users\\eki\\OneDrive\\文档\\Hacktiv8\\3-phase2\\IP-HCK88\\server\\routes\\payment.js","statementMap":{"0":{"start":{"line":1,"column":16},"end":{"line":1,"column":34}},"1":{"start":{"line":2,"column":15},"end":{"line":2,"column":31}},"2":{"start":{"line":3,"column":26},"end":{"line":3,"column":69}},"3":{"start":{"line":6,"column":0},"end":{"line":6,"column":75}},"4":{"start":{"line":9,"column":0},"end":{"line":9,"column":77}},"5":{"start":{"line":11,"column":0},"end":{"line":11,"column":24}}},"fnMap":{},"branchMap":{},"s":{"0":1,"1":1,"2":1,"3":1,"4":1,"5":1},"f":{},"b":{},"_coverageSchema":"1a1c01bbd47fc00a2c39e90264f33305004495a9","hash":"13931b42d4d20970ed6dd3e525cb920eb166ffe1"}
,"C:\\Users\\eki\\OneDrive\\文档\\Hacktiv8\\3-phase2\\IP-HCK88\\server\\routes\\staff.js": {"path":"C:\\Users\\eki\\OneDrive\\文档\\Hacktiv8\\3-phase2\\IP-HCK88\\server\\routes\\staff.js","statementMap":{"0":{"start":{"line":1,"column":16},"end":{"line":1,"column":34}},"1":{"start":{"line":2,"column":15},"end":{"line":2,"column":31}},"2":{"start":{"line":3,"column":24},"end":{"line":3,"column":65}},"3":{"start":{"line":4,"column":23},"end":{"line":4,"column":62}},"4":{"start":{"line":5,"column":18},"end":{"line":5,"column":56}},"5":{"start":{"line":8,"column":0},"end":{"line":8,"column":27}},"6":{"start":{"line":9,"column":0},"end":{"line":9,"column":31}},"7":{"start":{"line":12,"column":0},"end":{"line":12,"column":52}},"8":{"start":{"line":15,"column":0},"end":{"line":15,"column":56}},"9":{"start":{"line":18,"column":0},"end":{"line":18,"column":58}},"10":{"start":{"line":19,"column":0},"end":{"line":19,"column":74}},"11":{"start":{"line":20,"column":0},"end":{"line":20,"column":76}},"12":{"start":{"line":21,"column":0},"end":{"line":21,"column":68}},"13":{"start":{"line":24,"column":0},"end":{"line":24,"column":63}},"14":{"start":{"line":25,"column":0},"end":{"line":25,"column":76}},"15":{"start":{"line":26,"column":0},"end":{"line":29,"column":2}},"16":{"start":{"line":30,"column":0},"end":{"line":30,"column":77}},"17":{"start":{"line":33,"column":0},"end":{"line":33,"column":58}},"18":{"start":{"line":36,"column":0},"end":{"line":36,"column":52}},"19":{"start":{"line":38,"column":0},"end":{"line":38,"column":24}}},"fnMap":{},"branchMap":{},"s":{"0":1,"1":1,"2":1,"3":1,"4":1,"5":1,"6":1,"7":1,"8":1,"9":1,"10":1,"11":1,"12":1,"13":1,"14":1,"15":1,"16":1,"17":1,"18":1,"19":1},"f":{},"b":{},"_coverageSchema":"1a1c01bbd47fc00a2c39e90264f33305004495a9","hash":"08f402c5f574ee1f393854d7dab084c582d01435"}
}
