TN:
SF:app.js
FN:17,(anonymous_0)
FN:33,(anonymous_1)
FN:50,(anonymous_2)
FN:75,(anonymous_3)
FN:108,(anonymous_4)
FN:109,(anonymous_5)
FN:129,(anonymous_6)
FN:134,(anonymous_7)
FN:159,(anonymous_8)
FN:170,(anonymous_9)
FN:187,(anonymous_10)
FNF:11
FNH:9
FNDA:180,(anonymous_0)
FNDA:6,(anonymous_1)
FNDA:13,(anonymous_2)
FNDA:130,(anonymous_3)
FNDA:11,(anonymous_4)
FNDA:95,(anonymous_5)
FNDA:11,(anonymous_6)
FNDA:9,(anonymous_7)
FNDA:30,(anonymous_8)
FNDA:0,(anonymous_9)
FNDA:0,(anonymous_10)
DA:1,1
DA:2,1
DA:3,1
DA:4,1
DA:5,1
DA:6,1
DA:8,1
DA:9,1
DA:10,1
DA:12,1
DA:13,1
DA:14,1
DA:17,1
DA:18,180
DA:19,180
DA:22,1
DA:23,1
DA:24,1
DA:25,1
DA:28,1
DA:33,1
DA:34,6
DA:36,6
DA:37,3
DA:40,3
DA:41,3
DA:42,3
DA:43,1
DA:45,2
DA:46,2
DA:50,1
DA:51,13
DA:52,13
DA:54,13
DA:57,13
DA:61,13
DA:62,9
DA:63,9
DA:64,4
DA:65,4
DA:66,4
DA:69,0
DA:70,0
DA:74,13
DA:75,130
DA:78,13
DA:98,13
DA:99,13
DA:102,8
DA:103,8
DA:104,5
DA:107,5
DA:109,95
DA:110,11
DA:111,3
DA:127,8
DA:129,11
DA:131,5
DA:134,9
DA:143,3
DA:146,5
DA:147,5
DA:153,1
DA:156,1
DA:159,1
DA:160,30
DA:162,30
DA:163,30
DA:165,30
DA:169,0
DA:170,0
DA:171,30
DA:172,21
DA:173,9
DA:174,0
DA:175,9
DA:176,0
DA:179,30
DA:183,1
DA:186,1
DA:187,0
DA:188,0
LF:82
LH:74
BRDA:36,0,0,3
BRDA:36,0,1,3
BRDA:61,1,0,9
BRDA:61,1,1,4
BRDA:61,2,0,13
BRDA:61,2,1,13
BRDA:64,3,0,4
BRDA:64,3,1,0
BRDA:64,4,0,4
BRDA:64,4,1,4
BRDA:103,5,0,5
BRDA:103,5,1,3
BRDA:110,6,0,3
BRDA:110,6,1,8
BRDA:116,7,0,0
BRDA:116,7,1,3
BRDA:118,8,0,0
BRDA:118,8,1,3
BRDA:120,9,0,1
BRDA:120,9,1,2
BRDA:120,10,0,3
BRDA:120,10,1,2
BRDA:162,11,0,30
BRDA:162,11,1,30
BRDA:163,12,0,30
BRDA:163,12,1,0
BRDA:165,13,0,0
BRDA:165,13,1,30
BRDA:166,14,0,30
BRDA:166,14,1,30
BRDA:171,15,0,21
BRDA:171,15,1,9
BRDA:173,16,0,0
BRDA:173,16,1,9
BRDA:175,17,0,0
BRDA:175,17,1,9
BRDA:186,18,0,0
BRDA:186,18,1,1
BRF:38
BRH:30
end_of_record
TN:
SF:controllers\customerController.js
FN:18,(anonymous_0)
FN:61,(anonymous_1)
FN:99,(anonymous_2)
FN:100,(anonymous_3)
FN:118,(anonymous_4)
FN:137,(anonymous_5)
FN:169,(anonymous_6)
FN:200,(anonymous_7)
FNF:8
FNH:8
FNDA:7,(anonymous_0)
FNDA:5,(anonymous_1)
FNDA:3,(anonymous_2)
FNDA:3,(anonymous_3)
FNDA:1,(anonymous_4)
FNDA:4,(anonymous_5)
FNDA:1,(anonymous_6)
FNDA:3,(anonymous_7)
DA:7,1
DA:11,1
DA:13,1
DA:19,7
DA:20,7
DA:23,7
DA:24,1
DA:31,6
DA:35,6
DA:36,2
DA:42,4
DA:48,6
DA:53,0
DA:62,5
DA:64,5
DA:68,5
DA:73,2
DA:80,3
DA:90,3
DA:91,1
DA:98,2
DA:99,3
DA:101,3
DA:108,3
DA:118,1
DA:120,2
DA:129,0
DA:138,4
DA:139,4
DA:142,4
DA:152,4
DA:153,1
DA:159,3
DA:169,3
DA:178,3
DA:192,0
DA:201,3
DA:202,3
DA:206,3
DA:211,0
LF:40
LH:36
BRDA:23,0,0,1
BRDA:23,0,1,6
BRDA:35,1,0,2
BRDA:35,1,1,4
BRDA:68,2,0,2
BRDA:68,2,1,3
BRDA:69,3,0,5
BRDA:69,3,1,3
BRDA:69,3,2,3
BRDA:90,4,0,1
BRDA:90,4,1,2
BRDA:99,5,0,3
BRDA:99,5,1,3
BRDA:110,6,0,3
BRDA:110,6,1,0
BRDA:111,7,0,3
BRDA:111,7,1,0
BRDA:152,8,0,1
BRDA:152,8,1,3
BRF:19
BRH:17
end_of_record
TN:
SF:controllers\paymentController.js
FN:17,(anonymous_0)
FN:128,(anonymous_1)
FNF:2
FNH:2
FNDA:12,(anonymous_0)
FNDA:3,(anonymous_1)
DA:6,1
DA:10,1
DA:12,1
DA:18,12
DA:19,12
DA:21,12
DA:22,12
DA:25,12
DA:26,12
DA:27,2
DA:28,2
DA:39,10
DA:42,10
DA:52,10
DA:53,1
DA:54,1
DA:59,9
DA:60,9
DA:63,9
DA:67,5
DA:69,5
DA:74,4
DA:77,4
DA:78,1
DA:85,1
DA:86,1
DA:87,1
DA:88,1
DA:95,4
DA:96,4
DA:98,4
DA:100,1
DA:101,1
DA:102,3
DA:107,2
DA:108,2
DA:109,1
DA:111,1
DA:112,1
DA:115,8
DA:119,1
DA:120,1
DA:129,3
DA:130,3
DA:132,3
DA:136,3
DA:137,2
DA:143,1
DA:145,1
DA:151,0
LF:50
LH:49
BRDA:26,0,0,2
BRDA:26,0,1,10
BRDA:52,1,0,1
BRDA:52,1,1,9
BRDA:63,2,0,5
BRDA:63,2,1,4
BRDA:64,3,0,9
BRDA:64,3,1,8
BRDA:67,4,0,5
BRDA:67,4,1,0
BRDA:67,5,0,5
BRDA:67,5,1,1
BRDA:71,6,0,5
BRDA:71,6,1,2
BRDA:85,7,0,1
BRDA:85,7,1,0
BRDA:98,8,0,1
BRDA:98,8,1,3
BRDA:102,9,0,2
BRDA:102,9,1,1
BRDA:103,10,0,3
BRDA:103,10,1,2
BRDA:109,11,0,1
BRDA:109,11,1,0
BRDA:136,12,0,2
BRDA:136,12,1,1
BRF:26
BRH:23
end_of_record
TN:
SF:controllers\staffController.js
FN:23,(anonymous_0)
FN:62,(anonymous_1)
FN:105,(anonymous_2)
FN:118,(anonymous_3)
FN:142,(anonymous_4)
FN:208,(anonymous_5)
FN:242,(anonymous_6)
FN:244,(anonymous_7)
FN:285,(anonymous_8)
FN:412,(anonymous_9)
FN:439,(anonymous_10)
FN:512,(anonymous_11)
FN:529,(anonymous_12)
FN:607,(anonymous_13)
FN:675,(anonymous_14)
FN:704,(anonymous_15)
FN:707,(anonymous_16)
FN:711,(anonymous_17)
FN:717,(anonymous_18)
FN:718,(anonymous_19)
FN:740,(anonymous_20)
FN:745,(anonymous_21)
FN:764,(anonymous_22)
FNF:23
FNH:21
FNDA:8,(anonymous_0)
FNDA:8,(anonymous_1)
FNDA:2,(anonymous_2)
FNDA:1,(anonymous_3)
FNDA:14,(anonymous_4)
FNDA:2,(anonymous_5)
FNDA:0,(anonymous_6)
FNDA:0,(anonymous_7)
FNDA:14,(anonymous_8)
FNDA:3,(anonymous_9)
FNDA:2,(anonymous_10)
FNDA:2,(anonymous_11)
FNDA:1,(anonymous_12)
FNDA:6,(anonymous_13)
FNDA:3,(anonymous_14)
FNDA:9,(anonymous_15)
FNDA:9,(anonymous_16)
FNDA:3,(anonymous_17)
FNDA:3,(anonymous_18)
FNDA:1,(anonymous_19)
FNDA:9,(anonymous_20)
FNDA:9,(anonymous_21)
FNDA:1,(anonymous_22)
DA:10,1
DA:11,1
DA:16,1
DA:18,1
DA:24,8
DA:25,8
DA:27,8
DA:28,1
DA:34,7
DA:38,7
DA:39,2
DA:44,5
DA:47,7
DA:54,0
DA:63,8
DA:64,8
DA:67,8
DA:68,1
DA:75,7
DA:79,7
DA:80,1
DA:86,6
DA:92,7
DA:97,0
DA:106,2
DA:107,2
DA:118,2
DA:128,2
DA:134,0
DA:143,14
DA:144,14
DA:145,14
DA:148,14
DA:149,1
DA:155,13
DA:156,13
DA:157,1
DA:163,12
DA:170,12
DA:171,8
DA:177,4
DA:181,6
DA:190,6
DA:200,6
DA:209,2
DA:210,2
DA:212,2
DA:217,2
DA:218,1
DA:221,2
DA:242,2
DA:243,0
DA:244,0
DA:245,0
DA:246,0
DA:247,0
DA:256,0
DA:270,2
DA:277,0
DA:286,14
DA:287,14
DA:290,14
DA:291,2
DA:297,12
DA:298,12
DA:299,12
DA:301,12
DA:302,12
DA:304,12
DA:305,2
DA:311,10
DA:312,10
DA:313,1
DA:319,9
DA:326,9
DA:327,6
DA:334,3
DA:335,3
DA:337,3
DA:344,3
DA:353,3
DA:356,3
DA:364,3
DA:365,3
DA:372,3
DA:373,3
DA:380,3
DA:388,3
DA:402,3
DA:412,3
DA:423,0
DA:426,0
DA:428,0
DA:431,0
DA:440,2
DA:441,2
DA:443,2
DA:457,2
DA:458,0
DA:464,2
DA:465,0
DA:471,2
DA:472,2
DA:473,2
DA:478,2
DA:482,0
DA:488,2
DA:489,0
DA:490,2
DA:491,0
DA:495,2
DA:497,0
DA:502,2
DA:512,2
DA:521,0
DA:530,1
DA:531,1
DA:533,1
DA:542,1
DA:543,0
DA:549,1
DA:550,0
DA:556,1
DA:557,0
DA:563,1
DA:564,0
DA:572,1
DA:573,1
DA:580,1
DA:581,1
DA:582,1
DA:587,1
DA:589,1
DA:599,0
DA:608,6
DA:609,6
DA:611,6
DA:612,1
DA:617,5
DA:619,5
DA:620,6
DA:622,6
DA:623,2
DA:629,4
DA:630,4
DA:631,1
DA:637,3
DA:644,3
DA:645,2
DA:651,1
DA:654,2
DA:661,1
DA:667,1
DA:676,3
DA:677,3
DA:678,3
DA:680,3
DA:702,3
DA:703,3
DA:704,9
DA:706,3
DA:707,9
DA:710,3
DA:711,3
DA:716,3
DA:717,3
DA:718,3
DA:719,1
DA:720,1
DA:721,1
DA:727,1
DA:728,1
DA:732,3
DA:740,9
DA:745,9
DA:756,0
DA:765,1
DA:766,1
DA:768,1
DA:770,1
DA:771,0
DA:777,1
DA:778,0
DA:784,1
DA:785,0
DA:791,1
DA:796,1
DA:806,0
LF:188
LH:157
BRDA:27,0,0,1
BRDA:27,0,1,7
BRDA:38,1,0,2
BRDA:38,1,1,5
BRDA:49,2,0,5
BRDA:49,2,1,2
BRDA:67,3,0,1
BRDA:67,3,1,7
BRDA:79,4,0,1
BRDA:79,4,1,6
BRDA:148,5,0,1
BRDA:148,5,1,13
BRDA:148,6,0,14
BRDA:148,6,1,14
BRDA:156,7,0,1
BRDA:156,7,1,12
BRDA:170,8,0,8
BRDA:170,8,1,4
BRDA:217,9,0,1
BRDA:217,9,1,1
BRDA:290,10,0,2
BRDA:290,10,1,12
BRDA:290,11,0,14
BRDA:290,11,1,14
BRDA:290,11,2,13
BRDA:304,12,0,2
BRDA:304,12,1,10
BRDA:304,13,0,12
BRDA:304,13,1,11
BRDA:304,13,2,10
BRDA:312,14,0,1
BRDA:312,14,1,9
BRDA:326,15,0,6
BRDA:326,15,1,3
BRDA:326,16,0,9
BRDA:326,16,1,3
BRDA:329,17,0,0
BRDA:329,17,1,6
BRDA:457,18,0,0
BRDA:457,18,1,2
BRDA:464,19,0,0
BRDA:464,19,1,2
BRDA:471,20,0,2
BRDA:471,20,1,0
BRDA:471,21,0,2
BRDA:471,21,1,2
BRDA:478,22,0,0
BRDA:478,22,1,2
BRDA:479,23,0,2
BRDA:479,23,1,2
BRDA:485,24,0,0
BRDA:485,24,1,0
BRDA:488,25,0,0
BRDA:488,25,1,2
BRDA:490,26,0,0
BRDA:490,26,1,2
BRDA:542,27,0,0
BRDA:542,27,1,1
BRDA:549,28,0,0
BRDA:549,28,1,1
BRDA:556,29,0,0
BRDA:556,29,1,1
BRDA:563,30,0,0
BRDA:563,30,1,1
BRDA:580,31,0,1
BRDA:580,31,1,0
BRDA:611,32,0,1
BRDA:611,32,1,5
BRDA:611,33,0,6
BRDA:611,33,1,6
BRDA:611,33,2,6
BRDA:622,34,0,2
BRDA:622,34,1,4
BRDA:622,35,0,6
BRDA:622,35,1,5
BRDA:622,35,2,4
BRDA:630,36,0,1
BRDA:630,36,1,3
BRDA:644,37,0,2
BRDA:644,37,1,1
BRDA:707,38,0,9
BRDA:707,38,1,9
BRDA:720,39,0,1
BRDA:720,39,1,0
BRDA:770,40,0,0
BRDA:770,40,1,1
BRDA:777,41,0,0
BRDA:777,41,1,1
BRDA:784,42,0,0
BRDA:784,42,1,1
BRDA:784,43,0,1
BRDA:784,43,1,1
BRF:92
BRH:74
end_of_record
TN:
SF:controllers\userController.js
FN:7,(anonymous_0)
FN:41,(anonymous_1)
FN:54,(anonymous_2)
FN:99,(anonymous_3)
FN:126,(anonymous_4)
FNF:5
FNH:5
FNDA:16,(anonymous_0)
FNDA:5,(anonymous_1)
FNDA:2,(anonymous_2)
FNDA:14,(anonymous_3)
FNDA:2,(anonymous_4)
DA:1,1
DA:2,1
DA:3,1
DA:4,1
DA:6,1
DA:8,16
DA:9,16
DA:12,16
DA:13,16
DA:15,16
DA:16,1
DA:21,15
DA:28,7
DA:39,8
DA:40,4
DA:41,5
DA:45,4
DA:46,4
DA:50,0
DA:55,2
DA:56,2
DA:57,2
DA:59,2
DA:60,2
DA:61,2
DA:65,1
DA:66,1
DA:68,1
DA:69,1
DA:70,1
DA:76,1
DA:81,1
DA:83,0
DA:88,0
DA:90,1
DA:91,1
DA:92,1
DA:93,1
DA:94,1
DA:95,1
DA:100,14
DA:101,14
DA:102,14
DA:103,1
DA:105,13
DA:106,1
DA:108,12
DA:109,12
DA:110,2
DA:112,10
DA:113,10
DA:114,1
DA:116,9
DA:121,9
DA:123,0
DA:127,2
DA:128,2
DA:129,2
DA:131,0
LF:59
LH:54
BRDA:13,0,0,16
BRDA:13,0,1,0
BRDA:15,1,0,1
BRDA:15,1,1,15
BRDA:24,2,0,15
BRDA:24,2,1,0
BRDA:39,3,0,4
BRDA:39,3,1,4
BRDA:45,4,0,4
BRDA:45,4,1,0
BRDA:57,5,0,2
BRDA:57,5,1,0
BRDA:69,6,0,1
BRDA:69,6,1,0
BRDA:73,7,0,1
BRDA:73,7,1,0
BRDA:102,8,0,1
BRDA:102,8,1,13
BRDA:105,9,0,1
BRDA:105,9,1,12
BRDA:109,10,0,2
BRDA:109,10,1,10
BRDA:113,11,0,1
BRDA:113,11,1,9
BRF:24
BRH:18
end_of_record
TN:
SF:helpers\bcrypt.js
FN:3,(anonymous_0)
FN:8,(anonymous_1)
FNF:2
FNH:2
FNDA:20,(anonymous_0)
FNDA:10,(anonymous_1)
DA:1,1
DA:3,1
DA:4,20
DA:5,20
DA:8,1
DA:9,10
DA:12,1
LF:7
LH:7
BRF:0
BRH:0
end_of_record
TN:
SF:helpers\geolocation.js
FN:9,calculateDistance
FN:32,toRadians
FN:42,validateCoordinates
FNF:3
FNH:3
FNDA:3,calculateDistance
FNDA:12,toRadians
FNDA:15,validateCoordinates
DA:10,3
DA:11,3
DA:12,3
DA:15,3
DA:21,3
DA:22,3
DA:24,3
DA:33,12
DA:43,15
DA:53,1
LF:10
LH:10
BRDA:44,0,0,15
BRDA:44,0,1,15
BRDA:44,0,2,15
BRDA:44,0,3,15
BRDA:44,0,4,13
BRDA:44,0,5,13
BRF:6
BRH:6
end_of_record
TN:
SF:helpers\jwt.js
FN:5,(anonymous_0)
FN:9,(anonymous_1)
FNF:2
FNH:2
FNDA:15,(anonymous_0)
FNDA:99,(anonymous_1)
DA:1,1
DA:2,1
DA:3,1
DA:5,1
DA:6,15
DA:9,1
DA:10,99
DA:13,1
LF:8
LH:8
BRF:0
BRH:0
end_of_record
TN:
SF:middleware\authentication.js
FN:4,authentication
FNF:1
FNH:1
FNDA:112,authentication
DA:1,1
DA:2,1
DA:4,1
DA:5,112
DA:6,112
DA:8,112
DA:9,13
DA:10,13
DA:13,99
DA:14,99
DA:15,92
DA:17,92
DA:18,92
DA:29,92
DA:30,2
DA:31,2
DA:34,90
DA:35,90
DA:36,90
DA:38,7
DA:39,7
DA:40,6
DA:42,1
LF:23
LH:23
BRDA:8,0,0,13
BRDA:8,0,1,99
BRDA:20,1,0,90
BRDA:20,1,1,2
BRDA:29,2,0,2
BRDA:29,2,1,90
BRDA:39,3,0,6
BRDA:39,3,1,1
BRF:8
BRH:8
end_of_record
TN:
SF:middleware\authorization.js
FN:5,authorize
FN:6,(anonymous_1)
FNF:2
FNH:2
FNDA:4,authorize
FNDA:92,(anonymous_1)
DA:6,4
DA:7,92
DA:9,92
DA:10,92
DA:11,92
DA:12,92
DA:15,91
DA:16,1
DA:17,1
DA:23,90
DA:24,10
DA:29,10
DA:37,80
DA:38,80
DA:40,1
DA:41,1
DA:46,1
LF:17
LH:17
BRDA:15,0,0,1
BRDA:15,0,1,90
BRDA:23,1,0,10
BRDA:23,1,1,80
BRF:4
BRH:4
end_of_record
TN:
SF:models\cart.js
FN:3,(anonymous_0)
FN:10,(anonymous_1)
FNF:2
FNH:2
FNDA:1,(anonymous_0)
FNDA:1,(anonymous_1)
DA:2,1
DA:3,1
DA:12,1
DA:13,1
DA:14,1
DA:17,1
DA:28,1
LF:7
LH:7
BRF:0
BRH:0
end_of_record
TN:
SF:models\cartitem.js
FN:3,(anonymous_0)
FN:10,(anonymous_1)
FNF:2
FNH:2
FNDA:1,(anonymous_0)
FNDA:1,(anonymous_1)
DA:2,1
DA:3,1
DA:12,1
DA:13,1
DA:16,1
DA:27,1
LF:6
LH:6
BRF:0
BRH:0
end_of_record
TN:
SF:models\customerprofile.js
FN:3,(anonymous_0)
FN:10,(anonymous_1)
FNF:2
FNH:2
FNDA:1,(anonymous_0)
FNDA:1,(anonymous_1)
DA:2,1
DA:3,1
DA:12,1
DA:15,1
DA:26,1
LF:5
LH:5
BRF:0
BRH:0
end_of_record
TN:
SF:models\index.js
FN:21,(anonymous_0)
FN:29,(anonymous_1)
FN:34,(anonymous_2)
FNF:3
FNH:3
FNDA:10,(anonymous_0)
FNDA:9,(anonymous_1)
FNDA:9,(anonymous_2)
DA:3,1
DA:4,1
DA:5,1
DA:6,1
DA:7,1
DA:8,1
DA:9,1
DA:10,1
DA:13,1
DA:14,0
DA:16,1
DA:19,1
DA:22,10
DA:30,9
DA:31,9
DA:34,1
DA:35,9
DA:36,9
DA:40,1
DA:41,1
DA:43,1
LF:21
LH:20
BRDA:8,0,0,1
BRDA:8,0,1,0
BRDA:13,1,0,0
BRDA:13,1,1,1
BRDA:23,2,0,10
BRDA:23,2,1,10
BRDA:23,2,2,9
BRDA:23,2,3,9
BRDA:35,3,0,9
BRDA:35,3,1,0
BRF:10
BRH:7
end_of_record
TN:
SF:models\inventory.js
FN:3,(anonymous_0)
FN:10,(anonymous_1)
FNF:2
FNH:2
FNDA:1,(anonymous_0)
FNDA:1,(anonymous_1)
DA:2,1
DA:3,1
DA:12,1
DA:13,1
DA:16,1
DA:27,1
LF:6
LH:6
BRF:0
BRH:0
end_of_record
TN:
SF:models\product.js
FN:3,(anonymous_0)
FN:10,(anonymous_1)
FNF:2
FNH:2
FNDA:1,(anonymous_0)
FNDA:1,(anonymous_1)
DA:2,1
DA:3,1
DA:12,1
DA:13,1
DA:14,1
DA:17,1
DA:29,1
LF:7
LH:7
BRF:0
BRH:0
end_of_record
TN:
SF:models\staffprofile.js
FN:3,(anonymous_0)
FN:10,(anonymous_1)
FNF:2
FNH:2
FNDA:1,(anonymous_0)
FNDA:1,(anonymous_1)
DA:2,1
DA:3,1
DA:12,1
DA:13,1
DA:16,1
DA:28,1
LF:6
LH:6
BRF:0
BRH:0
end_of_record
TN:
SF:models\transaction.js
FN:3,(anonymous_0)
FN:10,(anonymous_1)
FNF:2
FNH:2
FNDA:1,(anonymous_0)
FNDA:1,(anonymous_1)
DA:2,1
DA:3,1
DA:12,1
DA:16,1
DA:21,1
DA:57,1
LF:6
LH:6
BRF:0
BRH:0
end_of_record
TN:
SF:models\transactionitem.js
FN:3,(anonymous_0)
FN:10,(anonymous_1)
FNF:2
FNH:2
FNDA:1,(anonymous_0)
FNDA:1,(anonymous_1)
DA:2,1
DA:3,1
DA:12,1
DA:15,1
DA:18,1
DA:46,1
LF:6
LH:6
BRF:0
BRH:0
end_of_record
TN:
SF:models\user.js
FN:4,(anonymous_0)
FN:11,(anonymous_1)
FN:82,(anonymous_2)
FNF:3
FNH:3
FNDA:1,(anonymous_0)
FNDA:1,(anonymous_1)
FNDA:14,(anonymous_2)
DA:2,1
DA:3,1
DA:4,1
DA:13,1
DA:14,1
DA:15,1
DA:19,1
DA:20,1
DA:26,1
DA:82,1
DA:83,14
DA:85,1
LF:12
LH:12
BRF:0
BRH:0
end_of_record
TN:
SF:routes\customer.js
FNF:0
FNH:0
DA:1,1
DA:2,1
DA:3,1
DA:4,1
DA:5,1
DA:8,1
DA:9,1
DA:12,1
DA:15,1
DA:18,1
DA:21,1
DA:23,1
LF:12
LH:12
BRF:0
BRH:0
end_of_record
TN:
SF:routes\payment.js
FNF:0
FNH:0
DA:1,1
DA:2,1
DA:3,1
DA:6,1
DA:9,1
DA:11,1
LF:6
LH:6
BRF:0
BRH:0
end_of_record
TN:
SF:routes\staff.js
FNF:0
FNH:0
DA:1,1
DA:2,1
DA:3,1
DA:4,1
DA:5,1
DA:8,1
DA:9,1
DA:12,1
DA:15,1
DA:18,1
DA:19,1
DA:20,1
DA:23,1
DA:24,1
DA:25,1
DA:29,1
DA:32,1
DA:35,1
DA:37,1
LF:19
LH:19
BRF:0
BRH:0
end_of_record
