TN:
SF:app.js
FN:27,(anonymous_0)
FN:43,(anonymous_1)
FN:67,(anonymous_2)
FN:100,(anonymous_3)
FN:101,(anonymous_4)
FN:121,(anonymous_5)
FN:126,(anonymous_6)
FN:150,(anonymous_7)
FN:159,(anonymous_8)
FN:176,(anonymous_9)
FNF:10
FNH:8
FNDA:5,(anonymous_0)
FNDA:13,(anonymous_1)
FNDA:130,(anonymous_2)
FNDA:11,(anonymous_3)
FNDA:95,(anonymous_4)
FNDA:11,(anonymous_5)
FNDA:21,(anonymous_6)
FNDA:25,(anonymous_7)
FNDA:0,(anonymous_8)
FNDA:0,(anonymous_9)
DA:1,1
DA:2,1
DA:3,1
DA:4,1
DA:5,1
DA:6,1
DA:8,1
DA:9,1
DA:10,1
DA:12,1
DA:13,1
DA:14,1
DA:16,1
DA:17,1
DA:18,1
DA:19,1
DA:22,1
DA:27,1
DA:28,5
DA:30,5
DA:31,2
DA:34,3
DA:35,3
DA:36,3
DA:37,2
DA:39,1
DA:43,1
DA:44,13
DA:46,13
DA:49,13
DA:53,13
DA:54,9
DA:55,9
DA:56,4
DA:57,1
DA:58,1
DA:61,3
DA:62,3
DA:66,13
DA:67,130
DA:70,13
DA:90,13
DA:91,13
DA:94,12
DA:95,12
DA:96,5
DA:99,5
DA:101,95
DA:102,11
DA:103,3
DA:119,8
DA:121,11
DA:123,5
DA:126,21
DA:135,7
DA:138,1
DA:144,1
DA:147,1
DA:150,1
DA:151,25
DA:152,25
DA:154,25
DA:158,0
DA:159,0
DA:160,25
DA:161,24
DA:162,1
DA:163,0
DA:164,1
DA:165,0
DA:168,25
DA:172,1
DA:175,1
DA:176,0
DA:177,0
LF:75
LH:69
BRDA:30,0,0,2
BRDA:30,0,1,3
BRDA:53,1,0,9
BRDA:53,1,1,4
BRDA:53,2,0,13
BRDA:53,2,1,11
BRDA:56,3,0,1
BRDA:56,3,1,3
BRDA:56,4,0,4
BRDA:56,4,1,2
BRDA:95,5,0,5
BRDA:95,5,1,7
BRDA:102,6,0,3
BRDA:102,6,1,8
BRDA:108,7,0,0
BRDA:108,7,1,3
BRDA:110,8,0,0
BRDA:110,8,1,3
BRDA:112,9,0,1
BRDA:112,9,1,2
BRDA:112,10,0,3
BRDA:112,10,1,2
BRDA:151,11,0,25
BRDA:151,11,1,25
BRDA:152,12,0,25
BRDA:152,12,1,0
BRDA:154,13,0,0
BRDA:154,13,1,25
BRDA:155,14,0,25
BRDA:155,14,1,25
BRDA:160,15,0,24
BRDA:160,15,1,1
BRDA:162,16,0,0
BRDA:162,16,1,1
BRDA:164,17,0,0
BRDA:164,17,1,1
BRDA:175,18,0,0
BRDA:175,18,1,1
BRF:38
BRH:31
end_of_record
TN:
SF:controllers\customerController.js
FN:14,(anonymous_0)
FN:51,(anonymous_1)
FN:85,(anonymous_2)
FN:86,(anonymous_3)
FN:104,(anonymous_4)
FN:119,(anonymous_5)
FN:147,(anonymous_6)
FN:174,(anonymous_7)
FNF:8
FNH:8
FNDA:6,(anonymous_0)
FNDA:6,(anonymous_1)
FNDA:6,(anonymous_2)
FNDA:5,(anonymous_3)
FNDA:2,(anonymous_4)
FNDA:5,(anonymous_5)
FNDA:4,(anonymous_6)
FNDA:3,(anonymous_7)
DA:7,1
DA:11,1
DA:13,1
DA:15,6
DA:16,6
DA:18,6
DA:19,1
DA:25,5
DA:29,5
DA:30,2
DA:36,3
DA:42,5
DA:47,0
DA:52,6
DA:53,6
DA:57,6
DA:62,3
DA:68,3
DA:78,3
DA:79,0
DA:84,3
DA:85,6
DA:87,5
DA:94,5
DA:104,2
DA:106,3
DA:115,0
DA:120,5
DA:121,5
DA:122,5
DA:132,5
DA:133,2
DA:137,3
DA:147,4
DA:156,3
DA:170,0
DA:175,3
DA:176,3
DA:180,3
DA:185,0
LF:40
LH:35
BRDA:18,0,0,1
BRDA:18,0,1,5
BRDA:29,1,0,2
BRDA:29,1,1,3
BRDA:57,2,0,3
BRDA:57,2,1,3
BRDA:58,3,0,6
BRDA:58,3,1,3
BRDA:58,3,2,3
BRDA:78,4,0,0
BRDA:78,4,1,3
BRDA:85,5,0,6
BRDA:85,5,1,5
BRDA:96,6,0,5
BRDA:96,6,1,0
BRDA:97,7,0,5
BRDA:97,7,1,0
BRDA:132,8,0,2
BRDA:132,8,1,3
BRF:19
BRH:16
end_of_record
TN:
SF:controllers\paymentController.js
FN:17,(anonymous_0)
FN:98,(anonymous_1)
FNF:2
FNH:2
FNDA:13,(anonymous_0)
FNDA:3,(anonymous_1)
DA:6,1
DA:10,1
DA:12,1
DA:18,13
DA:19,13
DA:21,13
DA:22,13
DA:23,2
DA:34,11
DA:37,11
DA:47,11
DA:48,1
DA:53,10
DA:57,4
DA:58,3
DA:63,3
DA:64,0
DA:71,0
DA:72,0
DA:73,0
DA:77,3
DA:79,6
DA:80,1
DA:81,5
DA:85,3
DA:86,2
DA:87,2
DA:90,10
DA:94,0
DA:99,3
DA:100,3
DA:102,3
DA:106,3
DA:107,2
DA:112,1
DA:114,1
DA:120,0
LF:37
LH:31
BRDA:22,0,0,2
BRDA:22,0,1,11
BRDA:47,1,0,1
BRDA:47,1,1,10
BRDA:53,2,0,4
BRDA:53,2,1,6
BRDA:54,3,0,10
BRDA:54,3,1,8
BRDA:57,4,0,3
BRDA:57,4,1,1
BRDA:57,5,0,4
BRDA:57,5,1,1
BRDA:60,6,0,3
BRDA:60,6,1,1
BRDA:71,7,0,0
BRDA:71,7,1,0
BRDA:79,8,0,1
BRDA:79,8,1,5
BRDA:81,9,0,3
BRDA:81,9,1,2
BRDA:82,10,0,5
BRDA:82,10,1,4
BRDA:86,11,0,2
BRDA:86,11,1,0
BRDA:106,12,0,2
BRDA:106,12,1,1
BRF:26
BRH:23
end_of_record
TN:
SF:controllers\staffController.js
FN:19,(anonymous_0)
FN:53,(anonymous_1)
FN:90,(anonymous_2)
FN:103,(anonymous_3)
FN:123,(anonymous_4)
FN:199,(anonymous_5)
FN:238,(anonymous_6)
FN:271,(anonymous_7)
FN:273,(anonymous_8)
FN:310,(anonymous_9)
FN:426,(anonymous_10)
FN:447,(anonymous_11)
FN:513,(anonymous_12)
FN:526,(anonymous_13)
FN:594,(anonymous_14)
FN:669,(anonymous_15)
FN:697,(anonymous_16)
FN:700,(anonymous_17)
FN:704,(anonymous_18)
FN:709,(anonymous_19)
FN:710,(anonymous_20)
FN:732,(anonymous_21)
FN:737,(anonymous_22)
FN:752,(anonymous_23)
FNF:24
FNH:22
FNDA:10,(anonymous_0)
FNDA:8,(anonymous_1)
FNDA:2,(anonymous_2)
FNDA:1,(anonymous_3)
FNDA:10,(anonymous_4)
FNDA:1,(anonymous_5)
FNDA:4,(anonymous_6)
FNDA:0,(anonymous_7)
FNDA:0,(anonymous_8)
FNDA:12,(anonymous_9)
FNDA:5,(anonymous_10)
FNDA:4,(anonymous_11)
FNDA:2,(anonymous_12)
FNDA:5,(anonymous_13)
FNDA:6,(anonymous_14)
FNDA:3,(anonymous_15)
FNDA:9,(anonymous_16)
FNDA:9,(anonymous_17)
FNDA:4,(anonymous_18)
FNDA:4,(anonymous_19)
FNDA:2,(anonymous_20)
FNDA:9,(anonymous_21)
FNDA:9,(anonymous_22)
FNDA:5,(anonymous_23)
DA:10,1
DA:11,1
DA:16,1
DA:18,1
DA:20,10
DA:21,10
DA:23,10
DA:24,1
DA:29,9
DA:33,9
DA:34,2
DA:39,7
DA:42,9
DA:49,0
DA:54,8
DA:55,8
DA:57,8
DA:58,1
DA:64,7
DA:68,7
DA:69,1
DA:75,6
DA:81,7
DA:86,0
DA:91,2
DA:92,2
DA:103,2
DA:113,2
DA:119,0
DA:124,10
DA:125,10
DA:126,10
DA:128,10
DA:129,1
DA:134,9
DA:135,9
DA:136,0
DA:140,9
DA:144,9
DA:145,1
DA:152,9
DA:153,9
DA:154,1
DA:159,8
DA:166,8
DA:167,3
DA:173,5
DA:176,7
DA:185,7
DA:195,1
DA:200,1
DA:201,1
DA:203,1
DA:216,1
DA:217,0
DA:222,1
DA:224,1
DA:226,1
DA:234,0
DA:239,4
DA:240,4
DA:242,4
DA:246,4
DA:247,2
DA:250,4
DA:271,4
DA:272,0
DA:273,0
DA:274,0
DA:275,0
DA:276,0
DA:285,0
DA:299,4
DA:306,0
DA:311,12
DA:312,12
DA:314,12
DA:315,2
DA:319,10
DA:320,10
DA:321,10
DA:323,10
DA:324,10
DA:326,10
DA:327,2
DA:332,8
DA:333,8
DA:334,1
DA:339,7
DA:346,7
DA:347,2
DA:354,5
DA:355,5
DA:357,5
DA:364,5
DA:372,5
DA:374,5
DA:381,5
DA:382,5
DA:388,5
DA:389,5
DA:395,5
DA:402,5
DA:416,5
DA:426,5
DA:436,0
DA:439,0
DA:441,0
DA:444,0
DA:448,4
DA:449,4
DA:451,4
DA:465,4
DA:466,1
DA:471,3
DA:472,1
DA:477,2
DA:478,2
DA:479,2
DA:483,2
DA:487,0
DA:493,2
DA:494,0
DA:495,2
DA:496,0
DA:499,2
DA:503,2
DA:513,2
DA:522,0
DA:527,5
DA:528,5
DA:530,5
DA:539,5
DA:540,0
DA:545,5
DA:546,1
DA:550,4
DA:551,1
DA:556,3
DA:557,1
DA:564,2
DA:565,2
DA:572,2
DA:573,2
DA:574,2
DA:578,2
DA:580,2
DA:590,0
DA:595,6
DA:596,6
DA:598,6
DA:599,1
DA:604,5
DA:608,5
DA:609,0
DA:617,5
DA:619,5
DA:620,8
DA:622,8
DA:623,2
DA:628,6
DA:629,6
DA:630,1
DA:635,5
DA:642,5
DA:643,1
DA:649,4
DA:652,5
DA:659,2
DA:665,0
DA:670,3
DA:671,3
DA:672,3
DA:674,3
DA:695,3
DA:696,3
DA:697,9
DA:699,3
DA:700,9
DA:703,3
DA:704,4
DA:708,3
DA:709,3
DA:710,4
DA:711,2
DA:712,2
DA:713,1
DA:719,2
DA:720,2
DA:724,3
DA:732,9
DA:737,9
DA:748,0
DA:753,5
DA:754,5
DA:756,5
DA:758,5
DA:759,0
DA:764,5
DA:765,1
DA:770,4
DA:771,1
DA:776,3
DA:781,3
DA:791,0
LF:205
LH:177
BRDA:23,0,0,1
BRDA:23,0,1,9
BRDA:33,1,0,2
BRDA:33,1,1,7
BRDA:44,2,0,6
BRDA:44,2,1,3
BRDA:57,3,0,1
BRDA:57,3,1,7
BRDA:68,4,0,1
BRDA:68,4,1,6
BRDA:128,5,0,1
BRDA:128,5,1,9
BRDA:128,6,0,10
BRDA:128,6,1,10
BRDA:135,7,0,0
BRDA:135,7,1,9
BRDA:144,8,0,1
BRDA:144,8,1,8
BRDA:153,9,0,1
BRDA:153,9,1,8
BRDA:166,10,0,3
BRDA:166,10,1,5
BRDA:216,11,0,0
BRDA:216,11,1,1
BRDA:246,12,0,2
BRDA:246,12,1,2
BRDA:314,13,0,2
BRDA:314,13,1,10
BRDA:314,14,0,12
BRDA:314,14,1,12
BRDA:314,14,2,11
BRDA:326,15,0,2
BRDA:326,15,1,8
BRDA:326,16,0,10
BRDA:326,16,1,9
BRDA:326,16,2,8
BRDA:333,17,0,1
BRDA:333,17,1,7
BRDA:346,18,0,2
BRDA:346,18,1,5
BRDA:346,19,0,7
BRDA:346,19,1,6
BRDA:349,20,0,1
BRDA:349,20,1,1
BRDA:465,21,0,1
BRDA:465,21,1,3
BRDA:471,22,0,1
BRDA:471,22,1,2
BRDA:477,23,0,2
BRDA:477,23,1,0
BRDA:477,24,0,2
BRDA:477,24,1,2
BRDA:483,25,0,0
BRDA:483,25,1,2
BRDA:484,26,0,2
BRDA:484,26,1,2
BRDA:490,27,0,0
BRDA:490,27,1,0
BRDA:493,28,0,0
BRDA:493,28,1,2
BRDA:495,29,0,0
BRDA:495,29,1,2
BRDA:539,30,0,0
BRDA:539,30,1,5
BRDA:545,31,0,1
BRDA:545,31,1,4
BRDA:550,32,0,1
BRDA:550,32,1,3
BRDA:556,33,0,1
BRDA:556,33,1,2
BRDA:572,34,0,2
BRDA:572,34,1,0
BRDA:598,35,0,1
BRDA:598,35,1,5
BRDA:598,36,0,6
BRDA:598,36,1,6
BRDA:598,36,2,6
BRDA:608,37,0,0
BRDA:608,37,1,5
BRDA:622,38,0,2
BRDA:622,38,1,6
BRDA:622,39,0,8
BRDA:622,39,1,7
BRDA:622,39,2,6
BRDA:629,40,0,1
BRDA:629,40,1,5
BRDA:642,41,0,1
BRDA:642,41,1,4
BRDA:700,42,0,9
BRDA:700,42,1,9
BRDA:712,43,0,1
BRDA:712,43,1,1
BRDA:758,44,0,0
BRDA:758,44,1,5
BRDA:764,45,0,1
BRDA:764,45,1,4
BRDA:770,46,0,1
BRDA:770,46,1,3
BRDA:770,47,0,4
BRDA:770,47,1,3
BRF:100
BRH:88
end_of_record
TN:
SF:controllers\userController.js
FN:7,(anonymous_0)
FN:39,(anonymous_1)
FN:51,(anonymous_2)
FN:88,(anonymous_3)
FN:115,(anonymous_4)
FNF:5
FNH:5
FNDA:18,(anonymous_0)
FNDA:11,(anonymous_1)
FNDA:2,(anonymous_2)
FNDA:13,(anonymous_3)
FNDA:3,(anonymous_4)
DA:1,1
DA:2,1
DA:3,1
DA:4,1
DA:6,1
DA:8,18
DA:9,18
DA:11,18
DA:12,18
DA:14,18
DA:15,1
DA:20,17
DA:27,7
DA:37,10
DA:38,6
DA:39,11
DA:42,4
DA:43,4
DA:47,0
DA:52,2
DA:54,2
DA:55,2
DA:56,2
DA:60,1
DA:62,1
DA:63,1
DA:64,1
DA:70,1
DA:75,1
DA:77,0
DA:82,0
DA:84,1
DA:89,13
DA:90,13
DA:91,13
DA:92,1
DA:94,12
DA:95,1
DA:97,11
DA:98,11
DA:99,2
DA:101,9
DA:102,9
DA:103,1
DA:105,8
DA:110,8
DA:112,0
DA:116,3
DA:117,3
DA:118,3
DA:120,0
LF:51
LH:46
BRDA:12,0,0,18
BRDA:12,0,1,1
BRDA:14,1,0,1
BRDA:14,1,1,17
BRDA:37,2,0,6
BRDA:37,2,1,4
BRDA:42,3,0,4
BRDA:42,3,1,0
BRDA:63,4,0,1
BRDA:63,4,1,0
BRDA:67,5,0,1
BRDA:67,5,1,0
BRDA:91,6,0,1
BRDA:91,6,1,12
BRDA:94,7,0,1
BRDA:94,7,1,11
BRDA:98,8,0,2
BRDA:98,8,1,9
BRDA:102,9,0,1
BRDA:102,9,1,8
BRF:20
BRH:17
end_of_record
TN:
SF:helpers\bcrypt.js
FN:3,(anonymous_0)
FN:8,(anonymous_1)
FNF:2
FNH:2
FNDA:22,(anonymous_0)
FNDA:9,(anonymous_1)
DA:1,1
DA:3,1
DA:4,22
DA:5,22
DA:8,1
DA:9,9
DA:12,1
LF:7
LH:7
BRF:0
BRH:0
end_of_record
TN:
SF:helpers\geolocation.js
FN:9,calculateDistance
FN:32,toRadians
FN:42,validateCoordinates
FNF:3
FNH:3
FNDA:5,calculateDistance
FNDA:20,toRadians
FNDA:14,validateCoordinates
DA:10,5
DA:11,5
DA:12,5
DA:15,5
DA:21,5
DA:22,5
DA:24,5
DA:33,20
DA:43,14
DA:53,1
LF:10
LH:10
BRDA:44,0,0,14
BRDA:44,0,1,14
BRDA:44,0,2,14
BRDA:44,0,3,14
BRDA:44,0,4,12
BRDA:44,0,5,12
BRF:6
BRH:6
end_of_record
TN:
SF:helpers\jwt.js
FN:5,(anonymous_0)
FN:9,(anonymous_1)
FNF:2
FNH:2
FNDA:16,(anonymous_0)
FNDA:109,(anonymous_1)
DA:1,1
DA:2,1
DA:3,1
DA:5,1
DA:6,16
DA:9,1
DA:10,109
DA:13,1
LF:8
LH:8
BRF:0
BRH:0
end_of_record
TN:
SF:middleware\authentication.js
FN:4,authentication
FNF:1
FNH:1
FNDA:123,authentication
DA:1,1
DA:2,1
DA:4,1
DA:5,123
DA:6,123
DA:7,14
DA:10,109
DA:11,109
DA:13,102
DA:15,102
DA:16,3
DA:19,99
DA:20,99
DA:22,7
DA:23,7
DA:25,0
LF:16
LH:15
BRDA:6,0,0,14
BRDA:6,0,1,109
BRDA:15,1,0,3
BRDA:15,1,1,99
BRDA:22,2,0,7
BRDA:22,2,1,0
BRF:6
BRH:5
end_of_record
TN:
SF:middleware\authorization.js
FN:5,authorize
FN:6,(anonymous_1)
FNF:2
FNH:2
FNDA:4,authorize
FNDA:101,(anonymous_1)
DA:6,4
DA:7,101
DA:8,101
DA:9,1
DA:14,100
DA:15,9
DA:23,90
DA:25,1
DA:30,1
LF:9
LH:9
BRDA:8,0,0,1
BRDA:8,0,1,100
BRDA:14,1,0,9
BRDA:14,1,1,90
BRF:4
BRH:4
end_of_record
TN:
SF:models\cart.js
FN:3,(anonymous_0)
FN:10,(anonymous_1)
FNF:2
FNH:2
FNDA:1,(anonymous_0)
FNDA:1,(anonymous_1)
DA:2,1
DA:3,1
DA:12,1
DA:13,1
DA:14,1
DA:17,1
DA:28,1
LF:7
LH:7
BRF:0
BRH:0
end_of_record
TN:
SF:models\cartitem.js
FN:3,(anonymous_0)
FN:10,(anonymous_1)
FNF:2
FNH:2
FNDA:1,(anonymous_0)
FNDA:1,(anonymous_1)
DA:2,1
DA:3,1
DA:12,1
DA:13,1
DA:16,1
DA:27,1
LF:6
LH:6
BRF:0
BRH:0
end_of_record
TN:
SF:models\customerprofile.js
FN:3,(anonymous_0)
FN:10,(anonymous_1)
FNF:2
FNH:2
FNDA:1,(anonymous_0)
FNDA:1,(anonymous_1)
DA:2,1
DA:3,1
DA:12,1
DA:15,1
DA:26,1
LF:5
LH:5
BRF:0
BRH:0
end_of_record
TN:
SF:models\index.js
FN:21,(anonymous_0)
FN:29,(anonymous_1)
FN:34,(anonymous_2)
FNF:3
FNH:3
FNDA:10,(anonymous_0)
FNDA:9,(anonymous_1)
FNDA:9,(anonymous_2)
DA:3,1
DA:4,1
DA:5,1
DA:6,1
DA:7,1
DA:8,1
DA:9,1
DA:10,1
DA:13,1
DA:14,0
DA:16,1
DA:19,1
DA:22,10
DA:30,9
DA:31,9
DA:34,1
DA:35,9
DA:36,9
DA:40,1
DA:41,1
DA:43,1
LF:21
LH:20
BRDA:8,0,0,1
BRDA:8,0,1,0
BRDA:13,1,0,0
BRDA:13,1,1,1
BRDA:23,2,0,10
BRDA:23,2,1,10
BRDA:23,2,2,9
BRDA:23,2,3,9
BRDA:35,3,0,9
BRDA:35,3,1,0
BRF:10
BRH:7
end_of_record
TN:
SF:models\inventory.js
FN:3,(anonymous_0)
FN:10,(anonymous_1)
FNF:2
FNH:2
FNDA:1,(anonymous_0)
FNDA:1,(anonymous_1)
DA:2,1
DA:3,1
DA:13,1
DA:14,1
DA:17,1
DA:28,1
LF:6
LH:6
BRF:0
BRH:0
end_of_record
TN:
SF:models\product.js
FN:3,(anonymous_0)
FN:10,(anonymous_1)
FNF:2
FNH:2
FNDA:1,(anonymous_0)
FNDA:1,(anonymous_1)
DA:2,1
DA:3,1
DA:12,1
DA:13,1
DA:14,1
DA:17,1
DA:29,1
LF:7
LH:7
BRF:0
BRH:0
end_of_record
TN:
SF:models\staffprofile.js
FN:3,(anonymous_0)
FN:10,(anonymous_1)
FNF:2
FNH:2
FNDA:1,(anonymous_0)
FNDA:1,(anonymous_1)
DA:2,1
DA:3,1
DA:12,1
DA:13,1
DA:16,1
DA:28,1
LF:6
LH:6
BRF:0
BRH:0
end_of_record
TN:
SF:models\transaction.js
FN:3,(anonymous_0)
FN:10,(anonymous_1)
FNF:2
FNH:2
FNDA:1,(anonymous_0)
FNDA:1,(anonymous_1)
DA:2,1
DA:3,1
DA:12,1
DA:16,1
DA:21,1
DA:57,1
LF:6
LH:6
BRF:0
BRH:0
end_of_record
TN:
SF:models\transactionitem.js
FN:3,(anonymous_0)
FN:10,(anonymous_1)
FNF:2
FNH:2
FNDA:1,(anonymous_0)
FNDA:1,(anonymous_1)
DA:2,1
DA:3,1
DA:12,1
DA:15,1
DA:18,1
DA:46,1
LF:6
LH:6
BRF:0
BRH:0
end_of_record
TN:
SF:models\user.js
FN:4,(anonymous_0)
FN:11,(anonymous_1)
FN:82,(anonymous_2)
FNF:3
FNH:3
FNDA:1,(anonymous_0)
FNDA:1,(anonymous_1)
FNDA:15,(anonymous_2)
DA:2,1
DA:3,1
DA:4,1
DA:13,1
DA:14,1
DA:15,1
DA:19,1
DA:20,1
DA:26,1
DA:82,1
DA:83,15
DA:85,1
LF:12
LH:12
BRF:0
BRH:0
end_of_record
TN:
SF:routes\customer.js
FNF:0
FNH:0
DA:1,1
DA:2,1
DA:3,1
DA:4,1
DA:5,1
DA:8,1
DA:9,1
DA:12,1
DA:15,1
DA:18,1
DA:21,1
DA:23,1
LF:12
LH:12
BRF:0
BRH:0
end_of_record
TN:
SF:routes\payment.js
FNF:0
FNH:0
DA:1,1
DA:2,1
DA:3,1
DA:6,1
DA:9,1
DA:11,1
LF:6
LH:6
BRF:0
BRH:0
end_of_record
TN:
SF:routes\staff.js
FNF:0
FNH:0
DA:1,1
DA:2,1
DA:3,1
DA:4,1
DA:5,1
DA:8,1
DA:9,1
DA:12,1
DA:15,1
DA:18,1
DA:19,1
DA:20,1
DA:21,1
DA:24,1
DA:25,1
DA:26,1
DA:30,1
DA:33,1
DA:36,1
DA:38,1
LF:20
LH:20
BRF:0
BRH:0
end_of_record
